Analysis & Synthesis report for PRCS
Wed Jun 14 13:07:41 2023
Quartus II 64-Bit Version 13.0.1 Build 232 06/12/2013 Service Pack 1 SJ Web Edition


---------------------
; Table of Contents ;
---------------------
  1. Legal Notice
  2. Analysis & Synthesis Summary
  3. Analysis & Synthesis Settings
  4. Parallel Compilation
  5. Analysis & Synthesis Source Files Read
  6. Analysis & Synthesis Resource Usage Summary
  7. Analysis & Synthesis Resource Utilization by Entity
  8. Registers Removed During Synthesis
  9. General Register Statistics
 10. Multiplexer Restructuring Statistics (Restructuring Performed)
 11. Elapsed Time Per Partition
 12. Analysis & Synthesis Messages



----------------
; Legal Notice ;
----------------
Copyright (C) 1991-2013 Altera Corporation
Your use of Altera Corporation's design tools, logic functions 
and other software and tools, and its AMPP partner logic 
functions, and any output files from any of the foregoing 
(including device programming or simulation files), and any 
associated documentation or information are expressly subject 
to the terms and conditions of the Altera Program License 
Subscription Agreement, Altera MegaCore Function License 
Agreement, or other applicable license agreement, including, 
without limitation, that your use is for the sole purpose of 
programming logic devices manufactured by Altera and sold by 
Altera or its authorized distributors.  Please refer to the 
applicable agreement for further details.



+--------------------------------------------------------------------------------------+
; Analysis & Synthesis Summary                                                         ;
+------------------------------------+-------------------------------------------------+
; Analysis & Synthesis Status        ; Successful - Wed Jun 14 13:07:41 2023           ;
; Quartus II 64-Bit Version          ; 13.0.1 Build 232 06/12/2013 SP 1 SJ Web Edition ;
; Revision Name                      ; PRCS                                            ;
; Top-level Entity Name              ; PRSC_DE2KIT                                     ;
; Family                             ; Cyclone II                                      ;
; Total logic elements               ; 232                                             ;
;     Total combinational functions  ; 185                                             ;
;     Dedicated logic registers      ; 76                                              ;
; Total registers                    ; 76                                              ;
; Total pins                         ; 59                                              ;
; Total virtual pins                 ; 0                                               ;
; Total memory bits                  ; 0                                               ;
; Embedded Multiplier 9-bit elements ; 0                                               ;
; Total PLLs                         ; 0                                               ;
+------------------------------------+-------------------------------------------------+


+----------------------------------------------------------------------------------------------------------------------+
; Analysis & Synthesis Settings                                                                                        ;
+----------------------------------------------------------------------------+--------------------+--------------------+
; Option                                                                     ; Setting            ; Default Value      ;
+----------------------------------------------------------------------------+--------------------+--------------------+
; Device                                                                     ; EP2C35F672C6       ;                    ;
; Top-level entity name                                                      ; PRSC_DE2KIT        ; PRCS               ;
; Family name                                                                ; Cyclone II         ; Cyclone IV GX      ;
; Use smart compilation                                                      ; Off                ; Off                ;
; Enable parallel Assembler and TimeQuest Timing Analyzer during compilation ; On                 ; On                 ;
; Enable compact report table                                                ; Off                ; Off                ;
; Restructure Multiplexers                                                   ; Auto               ; Auto               ;
; Create Debugging Nodes for IP Cores                                        ; Off                ; Off                ;
; Preserve fewer node names                                                  ; On                 ; On                 ;
; Disable OpenCore Plus hardware evaluation                                  ; Off                ; Off                ;
; Verilog Version                                                            ; Verilog_2001       ; Verilog_2001       ;
; VHDL Version                                                               ; VHDL_1993          ; VHDL_1993          ;
; State Machine Processing                                                   ; Auto               ; Auto               ;
; Safe State Machine                                                         ; Off                ; Off                ;
; Extract Verilog State Machines                                             ; On                 ; On                 ;
; Extract VHDL State Machines                                                ; On                 ; On                 ;
; Ignore Verilog initial constructs                                          ; Off                ; Off                ;
; Iteration limit for constant Verilog loops                                 ; 5000               ; 5000               ;
; Iteration limit for non-constant Verilog loops                             ; 250                ; 250                ;
; Add Pass-Through Logic to Inferred RAMs                                    ; On                 ; On                 ;
; Infer RAMs from Raw Logic                                                  ; On                 ; On                 ;
; Parallel Synthesis                                                         ; On                 ; On                 ;
; DSP Block Balancing                                                        ; Auto               ; Auto               ;
; NOT Gate Push-Back                                                         ; On                 ; On                 ;
; Power-Up Don't Care                                                        ; On                 ; On                 ;
; Remove Redundant Logic Cells                                               ; Off                ; Off                ;
; Remove Duplicate Registers                                                 ; On                 ; On                 ;
; Ignore CARRY Buffers                                                       ; Off                ; Off                ;
; Ignore CASCADE Buffers                                                     ; Off                ; Off                ;
; Ignore GLOBAL Buffers                                                      ; Off                ; Off                ;
; Ignore ROW GLOBAL Buffers                                                  ; Off                ; Off                ;
; Ignore LCELL Buffers                                                       ; Off                ; Off                ;
; Ignore SOFT Buffers                                                        ; On                 ; On                 ;
; Limit AHDL Integers to 32 Bits                                             ; Off                ; Off                ;
; Optimization Technique                                                     ; Balanced           ; Balanced           ;
; Carry Chain Length                                                         ; 70                 ; 70                 ;
; Auto Carry Chains                                                          ; On                 ; On                 ;
; Auto Open-Drain Pins                                                       ; On                 ; On                 ;
; Perform WYSIWYG Primitive Resynthesis                                      ; Off                ; Off                ;
; Auto ROM Replacement                                                       ; On                 ; On                 ;
; Auto RAM Replacement                                                       ; On                 ; On                 ;
; Auto Shift Register Replacement                                            ; Auto               ; Auto               ;
; Allow Shift Register Merging across Hierarchies                            ; Auto               ; Auto               ;
; Auto Clock Enable Replacement                                              ; On                 ; On                 ;
; Strict RAM Replacement                                                     ; Off                ; Off                ;
; Allow Synchronous Control Signals                                          ; On                 ; On                 ;
; Force Use of Synchronous Clear Signals                                     ; Off                ; Off                ;
; Auto RAM to Logic Cell Conversion                                          ; Off                ; Off                ;
; Auto Resource Sharing                                                      ; Off                ; Off                ;
; Allow Any RAM Size For Recognition                                         ; Off                ; Off                ;
; Allow Any ROM Size For Recognition                                         ; Off                ; Off                ;
; Allow Any Shift Register Size For Recognition                              ; Off                ; Off                ;
; Use LogicLock Constraints during Resource Balancing                        ; On                 ; On                 ;
; Ignore translate_off and synthesis_off directives                          ; Off                ; Off                ;
; Timing-Driven Synthesis                                                    ; Off                ; Off                ;
; Report Parameter Settings                                                  ; On                 ; On                 ;
; Report Source Assignments                                                  ; On                 ; On                 ;
; Report Connectivity Checks                                                 ; On                 ; On                 ;
; Ignore Maximum Fan-Out Assignments                                         ; Off                ; Off                ;
; Synchronization Register Chain Length                                      ; 2                  ; 2                  ;
; PowerPlay Power Optimization                                               ; Normal compilation ; Normal compilation ;
; HDL message level                                                          ; Level2             ; Level2             ;
; Suppress Register Optimization Related Messages                            ; Off                ; Off                ;
; Number of Removed Registers Reported in Synthesis Report                   ; 5000               ; 5000               ;
; Number of Swept Nodes Reported in Synthesis Report                         ; 5000               ; 5000               ;
; Number of Inverted Registers Reported in Synthesis Report                  ; 100                ; 100                ;
; Clock MUX Protection                                                       ; On                 ; On                 ;
; Auto Gated Clock Conversion                                                ; Off                ; Off                ;
; Block Design Naming                                                        ; Auto               ; Auto               ;
; SDC constraint protection                                                  ; Off                ; Off                ;
; Synthesis Effort                                                           ; Auto               ; Auto               ;
; Shift Register Replacement - Allow Asynchronous Clear Signal               ; On                 ; On                 ;
; Pre-Mapping Resynthesis Optimization                                       ; Off                ; Off                ;
; Analysis & Synthesis Message Level                                         ; Medium             ; Medium             ;
; Disable Register Merging Across Hierarchies                                ; Auto               ; Auto               ;
; Resource Aware Inference For Block RAM                                     ; On                 ; On                 ;
; Synthesis Seed                                                             ; 1                  ; 1                  ;
+----------------------------------------------------------------------------+--------------------+--------------------+


Parallel compilation was disabled, but you have multiple processors available. Enable parallel compilation to reduce compilation time.
+-------------------------------------+
; Parallel Compilation                ;
+----------------------------+--------+
; Processors                 ; Number ;
+----------------------------+--------+
; Number detected on machine ; 12     ;
; Maximum allowed            ; 1      ;
+----------------------------+--------+


+------------------------------------------------------------------------------------------------------------------------------------------------------------------+
; Analysis & Synthesis Source Files Read                                                                                                                           ;
+----------------------------------+-----------------+------------------------------------+--------------------------------------------------------------+---------+
; File Name with User-Entered Path ; Used in Netlist ; File Type                          ; File Name with Absolute Path                                 ; Library ;
+----------------------------------+-----------------+------------------------------------+--------------------------------------------------------------+---------+
; MUX_2-1_8BIT.bdf                 ; yes             ; User Block Diagram/Schematic File  ; E:/THIET_KE_LUAN_LY_SO/Lab456/PRCS/MUX_2-1_8BIT.bdf          ;         ;
; MUX_2-1_1BIT.bdf                 ; yes             ; User Block Diagram/Schematic File  ; E:/THIET_KE_LUAN_LY_SO/Lab456/PRCS/MUX_2-1_1BIT.bdf          ;         ;
; SUB_8BIT.bdf                     ; yes             ; User Block Diagram/Schematic File  ; E:/THIET_KE_LUAN_LY_SO/Lab456/PRCS/SUB_8BIT.bdf              ;         ;
; ABS_8BIT.bdf                     ; yes             ; User Block Diagram/Schematic File  ; E:/THIET_KE_LUAN_LY_SO/Lab456/PRCS/ABS_8BIT.bdf              ;         ;
; DOUBLE_DABBLE.bdf                ; yes             ; User Block Diagram/Schematic File  ; E:/THIET_KE_LUAN_LY_SO/Lab456/PRCS/DOUBLE_DABBLE.bdf         ;         ;
; Dabble.bdf                       ; yes             ; User Block Diagram/Schematic File  ; E:/THIET_KE_LUAN_LY_SO/Lab456/PRCS/Dabble.bdf                ;         ;
; MUX_2_1.bdf                      ; yes             ; User Block Diagram/Schematic File  ; E:/THIET_KE_LUAN_LY_SO/Lab456/PRCS/MUX_2_1.bdf               ;         ;
; MUX2_4BIT.bdf                    ; yes             ; User Block Diagram/Schematic File  ; E:/THIET_KE_LUAN_LY_SO/Lab456/PRCS/MUX2_4BIT.bdf             ;         ;
; MUX28.bdf                        ; yes             ; User Block Diagram/Schematic File  ; E:/THIET_KE_LUAN_LY_SO/Lab456/PRCS/MUX28.bdf                 ;         ;
; MUX2.bdf                         ; yes             ; User Block Diagram/Schematic File  ; E:/THIET_KE_LUAN_LY_SO/Lab456/PRCS/MUX2.bdf                  ;         ;
; DECODE2_4.bdf                    ; yes             ; User Block Diagram/Schematic File  ; E:/THIET_KE_LUAN_LY_SO/Lab456/PRCS/DECODE2_4.bdf             ;         ;
; FA.bdf                           ; yes             ; User Block Diagram/Schematic File  ; E:/THIET_KE_LUAN_LY_SO/Lab456/PRCS/FA.bdf                    ;         ;
; ADD.bdf                          ; yes             ; User Block Diagram/Schematic File  ; E:/THIET_KE_LUAN_LY_SO/Lab456/PRCS/ADD.bdf                   ;         ;
; REG_8BIT.bdf                     ; yes             ; User Block Diagram/Schematic File  ; E:/THIET_KE_LUAN_LY_SO/Lab456/PRCS/REG_8BIT.bdf              ;         ;
; MUX2_16BIT.bdf                   ; yes             ; User Block Diagram/Schematic File  ; E:/THIET_KE_LUAN_LY_SO/Lab456/PRCS/MUX2_16BIT.bdf            ;         ;
; REG_16BIT.bdf                    ; yes             ; User Block Diagram/Schematic File  ; E:/THIET_KE_LUAN_LY_SO/Lab456/PRCS/REG_16BIT.bdf             ;         ;
; REGFILE.bdf                      ; yes             ; User Block Diagram/Schematic File  ; E:/THIET_KE_LUAN_LY_SO/Lab456/PRCS/REGFILE.bdf               ;         ;
; ADD_16BIT.bdf                    ; yes             ; User Block Diagram/Schematic File  ; E:/THIET_KE_LUAN_LY_SO/Lab456/PRCS/ADD_16BIT.bdf             ;         ;
; SHIFTLEFT_1_16BIT.bdf            ; yes             ; User Block Diagram/Schematic File  ; E:/THIET_KE_LUAN_LY_SO/Lab456/PRCS/SHIFTLEFT_1_16BIT.bdf     ;         ;
; ADD_SHIFTLEFT.bdf                ; yes             ; User Block Diagram/Schematic File  ; E:/THIET_KE_LUAN_LY_SO/Lab456/PRCS/ADD_SHIFTLEFT.bdf         ;         ;
; DATAPATH.bdf                     ; yes             ; User Block Diagram/Schematic File  ; E:/THIET_KE_LUAN_LY_SO/Lab456/PRCS/DATAPATH.bdf              ;         ;
; MUX2_12BIT.bdf                   ; yes             ; User Block Diagram/Schematic File  ; E:/THIET_KE_LUAN_LY_SO/Lab456/PRCS/MUX2_12BIT.bdf            ;         ;
; TTKT.bdf                         ; yes             ; User Block Diagram/Schematic File  ; E:/THIET_KE_LUAN_LY_SO/Lab456/PRCS/TTKT.bdf                  ;         ;
; ENABLE.bdf                       ; yes             ; User Block Diagram/Schematic File  ; E:/THIET_KE_LUAN_LY_SO/Lab456/PRCS/ENABLE.bdf                ;         ;
; RF_CTRL.bdf                      ; yes             ; User Block Diagram/Schematic File  ; E:/THIET_KE_LUAN_LY_SO/Lab456/PRCS/RF_CTRL.bdf               ;         ;
; OP_ALU.bdf                       ; yes             ; User Block Diagram/Schematic File  ; E:/THIET_KE_LUAN_LY_SO/Lab456/PRCS/OP_ALU.bdf                ;         ;
; CONTROL.bdf                      ; yes             ; User Block Diagram/Schematic File  ; E:/THIET_KE_LUAN_LY_SO/Lab456/PRCS/CONTROL.bdf               ;         ;
; PRCS.bdf                         ; yes             ; User Block Diagram/Schematic File  ; E:/THIET_KE_LUAN_LY_SO/Lab456/PRCS/PRCS.bdf                  ;         ;
; PRSC_DE2KIT.bdf                  ; yes             ; User Block Diagram/Schematic File  ; E:/THIET_KE_LUAN_LY_SO/Lab456/PRCS/PRSC_DE2KIT.bdf           ;         ;
; 7447.bdf                         ; yes             ; Megafunction                       ; c:/altera/13.0sp1/quartus/libraries/others/maxplus2/7447.bdf ;         ;
+----------------------------------+-----------------+------------------------------------+--------------------------------------------------------------+---------+


+-----------------------------------------------------+
; Analysis & Synthesis Resource Usage Summary         ;
+---------------------------------------------+-------+
; Resource                                    ; Usage ;
+---------------------------------------------+-------+
; Estimated Total logic elements              ; 232   ;
;                                             ;       ;
; Total combinational functions               ; 185   ;
; Logic element usage by number of LUT inputs ;       ;
;     -- 4 input functions                    ; 144   ;
;     -- 3 input functions                    ; 29    ;
;     -- <=2 input functions                  ; 12    ;
;                                             ;       ;
; Logic elements by mode                      ;       ;
;     -- normal mode                          ; 185   ;
;     -- arithmetic mode                      ; 0     ;
;                                             ;       ;
; Total registers                             ; 76    ;
;     -- Dedicated logic registers            ; 76    ;
;     -- I/O registers                        ; 0     ;
;                                             ;       ;
; I/O pins                                    ; 59    ;
; Embedded Multiplier 9-bit elements          ; 0     ;
; Maximum fan-out node                        ; CLK   ;
; Maximum fan-out                             ; 77    ;
; Total fan-out                               ; 952   ;
; Average fan-out                             ; 2.98  ;
+---------------------------------------------+-------+


+-----------------------------------------------------------------------------------------------------------------------------------------------------------------------------------------------------------------------------------------------------------------------------+
; Analysis & Synthesis Resource Utilization by Entity                                                                                                                                                                                                                         ;
+-----------------------------------+-------------------+--------------+-------------+--------------+---------+-----------+------+--------------+--------------------------------------------------------------------------------------------------------------+--------------+
; Compilation Hierarchy Node        ; LC Combinationals ; LC Registers ; Memory Bits ; DSP Elements ; DSP 9x9 ; DSP 18x18 ; Pins ; Virtual Pins ; Full Hierarchy Name                                                                                          ; Library Name ;
+-----------------------------------+-------------------+--------------+-------------+--------------+---------+-----------+------+--------------+--------------------------------------------------------------------------------------------------------------+--------------+
; |PRSC_DE2KIT                      ; 185 (0)           ; 76 (0)       ; 0           ; 0            ; 0       ; 0         ; 59   ; 0            ; |PRSC_DE2KIT                                                                                                 ; work         ;
;    |7447:inst38|                  ; 7 (7)             ; 0 (0)        ; 0           ; 0            ; 0       ; 0         ; 0    ; 0            ; |PRSC_DE2KIT|7447:inst38                                                                                     ; work         ;
;    |7447:inst4|                   ; 7 (7)             ; 0 (0)        ; 0           ; 0            ; 0       ; 0         ; 0    ; 0            ; |PRSC_DE2KIT|7447:inst4                                                                                      ; work         ;
;    |7447:inst5|                   ; 7 (7)             ; 0 (0)        ; 0           ; 0            ; 0       ; 0         ; 0    ; 0            ; |PRSC_DE2KIT|7447:inst5                                                                                      ; work         ;
;    |ABS_8BIT:inst58|              ; 11 (0)            ; 0 (0)        ; 0           ; 0            ; 0       ; 0         ; 0    ; 0            ; |PRSC_DE2KIT|ABS_8BIT:inst58                                                                                 ; work         ;
;       |MUX_2-1_8BIT:inst3|        ; 10 (0)            ; 0 (0)        ; 0           ; 0            ; 0       ; 0         ; 0    ; 0            ; |PRSC_DE2KIT|ABS_8BIT:inst58|MUX_2-1_8BIT:inst3                                                              ; work         ;
;          |MUX_2-1_1BIT:inst10|    ; 1 (1)             ; 0 (0)        ; 0           ; 0            ; 0       ; 0         ; 0    ; 0            ; |PRSC_DE2KIT|ABS_8BIT:inst58|MUX_2-1_8BIT:inst3|MUX_2-1_1BIT:inst10                                          ; work         ;
;          |MUX_2-1_1BIT:inst11|    ; 2 (2)             ; 0 (0)        ; 0           ; 0            ; 0       ; 0         ; 0    ; 0            ; |PRSC_DE2KIT|ABS_8BIT:inst58|MUX_2-1_8BIT:inst3|MUX_2-1_1BIT:inst11                                          ; work         ;
;          |MUX_2-1_1BIT:inst12|    ; 2 (2)             ; 0 (0)        ; 0           ; 0            ; 0       ; 0         ; 0    ; 0            ; |PRSC_DE2KIT|ABS_8BIT:inst58|MUX_2-1_8BIT:inst3|MUX_2-1_1BIT:inst12                                          ; work         ;
;          |MUX_2-1_1BIT:inst13|    ; 1 (1)             ; 0 (0)        ; 0           ; 0            ; 0       ; 0         ; 0    ; 0            ; |PRSC_DE2KIT|ABS_8BIT:inst58|MUX_2-1_8BIT:inst3|MUX_2-1_1BIT:inst13                                          ; work         ;
;          |MUX_2-1_1BIT:inst15|    ; 2 (2)             ; 0 (0)        ; 0           ; 0            ; 0       ; 0         ; 0    ; 0            ; |PRSC_DE2KIT|ABS_8BIT:inst58|MUX_2-1_8BIT:inst3|MUX_2-1_1BIT:inst15                                          ; work         ;
;          |MUX_2-1_1BIT:inst8|     ; 1 (1)             ; 0 (0)        ; 0           ; 0            ; 0       ; 0         ; 0    ; 0            ; |PRSC_DE2KIT|ABS_8BIT:inst58|MUX_2-1_8BIT:inst3|MUX_2-1_1BIT:inst8                                           ; work         ;
;          |MUX_2-1_1BIT:inst9|     ; 1 (1)             ; 0 (0)        ; 0           ; 0            ; 0       ; 0         ; 0    ; 0            ; |PRSC_DE2KIT|ABS_8BIT:inst58|MUX_2-1_8BIT:inst3|MUX_2-1_1BIT:inst9                                           ; work         ;
;       |SUB_8BIT:inst|             ; 1 (0)             ; 0 (0)        ; 0           ; 0            ; 0       ; 0         ; 0    ; 0            ; |PRSC_DE2KIT|ABS_8BIT:inst58|SUB_8BIT:inst                                                                   ; work         ;
;          |FA:inst4|               ; 1 (1)             ; 0 (0)        ; 0           ; 0            ; 0       ; 0         ; 0    ; 0            ; |PRSC_DE2KIT|ABS_8BIT:inst58|SUB_8BIT:inst|FA:inst4                                                          ; work         ;
;    |DOUBLE_DABBLE:inst1|          ; 20 (0)            ; 0 (0)        ; 0           ; 0            ; 0       ; 0         ; 0    ; 0            ; |PRSC_DE2KIT|DOUBLE_DABBLE:inst1                                                                             ; work         ;
;       |Dabble:inst1|              ; 5 (5)             ; 0 (0)        ; 0           ; 0            ; 0       ; 0         ; 0    ; 0            ; |PRSC_DE2KIT|DOUBLE_DABBLE:inst1|Dabble:inst1                                                                ; work         ;
;       |Dabble:inst2|              ; 4 (4)             ; 0 (0)        ; 0           ; 0            ; 0       ; 0         ; 0    ; 0            ; |PRSC_DE2KIT|DOUBLE_DABBLE:inst1|Dabble:inst2                                                                ; work         ;
;       |Dabble:inst3|              ; 5 (5)             ; 0 (0)        ; 0           ; 0            ; 0       ; 0         ; 0    ; 0            ; |PRSC_DE2KIT|DOUBLE_DABBLE:inst1|Dabble:inst3                                                                ; work         ;
;       |Dabble:inst4|              ; 2 (2)             ; 0 (0)        ; 0           ; 0            ; 0       ; 0         ; 0    ; 0            ; |PRSC_DE2KIT|DOUBLE_DABBLE:inst1|Dabble:inst4                                                                ; work         ;
;       |Dabble:inst5|              ; 4 (4)             ; 0 (0)        ; 0           ; 0            ; 0       ; 0         ; 0    ; 0            ; |PRSC_DE2KIT|DOUBLE_DABBLE:inst1|Dabble:inst5                                                                ; work         ;
;    |PRCS:inst8888|                ; 133 (0)           ; 76 (0)       ; 0           ; 0            ; 0       ; 0         ; 0    ; 0            ; |PRSC_DE2KIT|PRCS:inst8888                                                                                   ; work         ;
;       |CONTROL:inst|              ; 10 (2)            ; 4 (4)        ; 0           ; 0            ; 0       ; 0         ; 0    ; 0            ; |PRSC_DE2KIT|PRCS:inst8888|CONTROL:inst                                                                      ; work         ;
;          |ENABLE:inst6|           ; 3 (3)             ; 0 (0)        ; 0           ; 0            ; 0       ; 0         ; 0    ; 0            ; |PRSC_DE2KIT|PRCS:inst8888|CONTROL:inst|ENABLE:inst6                                                         ; work         ;
;          |OP_ALU:inst5|           ; 1 (1)             ; 0 (0)        ; 0           ; 0            ; 0       ; 0         ; 0    ; 0            ; |PRSC_DE2KIT|PRCS:inst8888|CONTROL:inst|OP_ALU:inst5                                                         ; work         ;
;          |RF_CTRL:inst7|          ; 2 (2)             ; 0 (0)        ; 0           ; 0            ; 0       ; 0         ; 0    ; 0            ; |PRSC_DE2KIT|PRCS:inst8888|CONTROL:inst|RF_CTRL:inst7                                                        ; work         ;
;          |TTKT:inst4|             ; 2 (2)             ; 0 (0)        ; 0           ; 0            ; 0       ; 0         ; 0    ; 0            ; |PRSC_DE2KIT|PRCS:inst8888|CONTROL:inst|TTKT:inst4                                                           ; work         ;
;       |DATAPATH:inst2|            ; 123 (9)           ; 72 (0)       ; 0           ; 0            ; 0       ; 0         ; 0    ; 0            ; |PRSC_DE2KIT|PRCS:inst8888|DATAPATH:inst2                                                                    ; work         ;
;          |ADD_SHIFTLEFT:inst4|    ; 43 (0)            ; 0 (0)        ; 0           ; 0            ; 0       ; 0         ; 0    ; 0            ; |PRSC_DE2KIT|PRCS:inst8888|DATAPATH:inst2|ADD_SHIFTLEFT:inst4                                                ; work         ;
;             |ADD_16BIT:inst|      ; 29 (0)            ; 0 (0)        ; 0           ; 0            ; 0       ; 0         ; 0    ; 0            ; |PRSC_DE2KIT|PRCS:inst8888|DATAPATH:inst2|ADD_SHIFTLEFT:inst4|ADD_16BIT:inst                                 ; work         ;
;                |ADD:inst2|        ; 16 (0)            ; 0 (0)        ; 0           ; 0            ; 0       ; 0         ; 0    ; 0            ; |PRSC_DE2KIT|PRCS:inst8888|DATAPATH:inst2|ADD_SHIFTLEFT:inst4|ADD_16BIT:inst|ADD:inst2                       ; work         ;
;                   |FA:inst1|      ; 2 (2)             ; 0 (0)        ; 0           ; 0            ; 0       ; 0         ; 0    ; 0            ; |PRSC_DE2KIT|PRCS:inst8888|DATAPATH:inst2|ADD_SHIFTLEFT:inst4|ADD_16BIT:inst|ADD:inst2|FA:inst1              ; work         ;
;                   |FA:inst2|      ; 2 (2)             ; 0 (0)        ; 0           ; 0            ; 0       ; 0         ; 0    ; 0            ; |PRSC_DE2KIT|PRCS:inst8888|DATAPATH:inst2|ADD_SHIFTLEFT:inst4|ADD_16BIT:inst|ADD:inst2|FA:inst2              ; work         ;
;                   |FA:inst3|      ; 2 (2)             ; 0 (0)        ; 0           ; 0            ; 0       ; 0         ; 0    ; 0            ; |PRSC_DE2KIT|PRCS:inst8888|DATAPATH:inst2|ADD_SHIFTLEFT:inst4|ADD_16BIT:inst|ADD:inst2|FA:inst3              ; work         ;
;                   |FA:inst4|      ; 2 (2)             ; 0 (0)        ; 0           ; 0            ; 0       ; 0         ; 0    ; 0            ; |PRSC_DE2KIT|PRCS:inst8888|DATAPATH:inst2|ADD_SHIFTLEFT:inst4|ADD_16BIT:inst|ADD:inst2|FA:inst4              ; work         ;
;                   |FA:inst5|      ; 2 (2)             ; 0 (0)        ; 0           ; 0            ; 0       ; 0         ; 0    ; 0            ; |PRSC_DE2KIT|PRCS:inst8888|DATAPATH:inst2|ADD_SHIFTLEFT:inst4|ADD_16BIT:inst|ADD:inst2|FA:inst5              ; work         ;
;                   |FA:inst6|      ; 2 (2)             ; 0 (0)        ; 0           ; 0            ; 0       ; 0         ; 0    ; 0            ; |PRSC_DE2KIT|PRCS:inst8888|DATAPATH:inst2|ADD_SHIFTLEFT:inst4|ADD_16BIT:inst|ADD:inst2|FA:inst6              ; work         ;
;                   |FA:inst7|      ; 2 (2)             ; 0 (0)        ; 0           ; 0            ; 0       ; 0         ; 0    ; 0            ; |PRSC_DE2KIT|PRCS:inst8888|DATAPATH:inst2|ADD_SHIFTLEFT:inst4|ADD_16BIT:inst|ADD:inst2|FA:inst7              ; work         ;
;                   |FA:inst|       ; 2 (2)             ; 0 (0)        ; 0           ; 0            ; 0       ; 0         ; 0    ; 0            ; |PRSC_DE2KIT|PRCS:inst8888|DATAPATH:inst2|ADD_SHIFTLEFT:inst4|ADD_16BIT:inst|ADD:inst2|FA:inst               ; work         ;
;                |ADD:inst|         ; 13 (0)            ; 0 (0)        ; 0           ; 0            ; 0       ; 0         ; 0    ; 0            ; |PRSC_DE2KIT|PRCS:inst8888|DATAPATH:inst2|ADD_SHIFTLEFT:inst4|ADD_16BIT:inst|ADD:inst                        ; work         ;
;                   |FA:inst1|      ; 1 (1)             ; 0 (0)        ; 0           ; 0            ; 0       ; 0         ; 0    ; 0            ; |PRSC_DE2KIT|PRCS:inst8888|DATAPATH:inst2|ADD_SHIFTLEFT:inst4|ADD_16BIT:inst|ADD:inst|FA:inst1               ; work         ;
;                   |FA:inst2|      ; 2 (2)             ; 0 (0)        ; 0           ; 0            ; 0       ; 0         ; 0    ; 0            ; |PRSC_DE2KIT|PRCS:inst8888|DATAPATH:inst2|ADD_SHIFTLEFT:inst4|ADD_16BIT:inst|ADD:inst|FA:inst2               ; work         ;
;                   |FA:inst3|      ; 2 (2)             ; 0 (0)        ; 0           ; 0            ; 0       ; 0         ; 0    ; 0            ; |PRSC_DE2KIT|PRCS:inst8888|DATAPATH:inst2|ADD_SHIFTLEFT:inst4|ADD_16BIT:inst|ADD:inst|FA:inst3               ; work         ;
;                   |FA:inst4|      ; 2 (2)             ; 0 (0)        ; 0           ; 0            ; 0       ; 0         ; 0    ; 0            ; |PRSC_DE2KIT|PRCS:inst8888|DATAPATH:inst2|ADD_SHIFTLEFT:inst4|ADD_16BIT:inst|ADD:inst|FA:inst4               ; work         ;
;                   |FA:inst5|      ; 2 (2)             ; 0 (0)        ; 0           ; 0            ; 0       ; 0         ; 0    ; 0            ; |PRSC_DE2KIT|PRCS:inst8888|DATAPATH:inst2|ADD_SHIFTLEFT:inst4|ADD_16BIT:inst|ADD:inst|FA:inst5               ; work         ;
;                   |FA:inst6|      ; 2 (2)             ; 0 (0)        ; 0           ; 0            ; 0       ; 0         ; 0    ; 0            ; |PRSC_DE2KIT|PRCS:inst8888|DATAPATH:inst2|ADD_SHIFTLEFT:inst4|ADD_16BIT:inst|ADD:inst|FA:inst6               ; work         ;
;                   |FA:inst7|      ; 2 (2)             ; 0 (0)        ; 0           ; 0            ; 0       ; 0         ; 0    ; 0            ; |PRSC_DE2KIT|PRCS:inst8888|DATAPATH:inst2|ADD_SHIFTLEFT:inst4|ADD_16BIT:inst|ADD:inst|FA:inst7               ; work         ;
;             |MUX2_16BIT:inst4|    ; 14 (0)            ; 0 (0)        ; 0           ; 0            ; 0       ; 0         ; 0    ; 0            ; |PRSC_DE2KIT|PRCS:inst8888|DATAPATH:inst2|ADD_SHIFTLEFT:inst4|MUX2_16BIT:inst4                               ; work         ;
;                |MUX2_4BIT:inst2|  ; 4 (0)             ; 0 (0)        ; 0           ; 0            ; 0       ; 0         ; 0    ; 0            ; |PRSC_DE2KIT|PRCS:inst8888|DATAPATH:inst2|ADD_SHIFTLEFT:inst4|MUX2_16BIT:inst4|MUX2_4BIT:inst2               ; work         ;
;                   |MUX_2_1:inst1| ; 1 (1)             ; 0 (0)        ; 0           ; 0            ; 0       ; 0         ; 0    ; 0            ; |PRSC_DE2KIT|PRCS:inst8888|DATAPATH:inst2|ADD_SHIFTLEFT:inst4|MUX2_16BIT:inst4|MUX2_4BIT:inst2|MUX_2_1:inst1 ; work         ;
;                   |MUX_2_1:inst2| ; 1 (1)             ; 0 (0)        ; 0           ; 0            ; 0       ; 0         ; 0    ; 0            ; |PRSC_DE2KIT|PRCS:inst8888|DATAPATH:inst2|ADD_SHIFTLEFT:inst4|MUX2_16BIT:inst4|MUX2_4BIT:inst2|MUX_2_1:inst2 ; work         ;
;                   |MUX_2_1:inst3| ; 1 (1)             ; 0 (0)        ; 0           ; 0            ; 0       ; 0         ; 0    ; 0            ; |PRSC_DE2KIT|PRCS:inst8888|DATAPATH:inst2|ADD_SHIFTLEFT:inst4|MUX2_16BIT:inst4|MUX2_4BIT:inst2|MUX_2_1:inst3 ; work         ;
;                   |MUX_2_1:inst|  ; 1 (1)             ; 0 (0)        ; 0           ; 0            ; 0       ; 0         ; 0    ; 0            ; |PRSC_DE2KIT|PRCS:inst8888|DATAPATH:inst2|ADD_SHIFTLEFT:inst4|MUX2_16BIT:inst4|MUX2_4BIT:inst2|MUX_2_1:inst  ; work         ;
;                |MUX2_4BIT:inst3|  ; 4 (0)             ; 0 (0)        ; 0           ; 0            ; 0       ; 0         ; 0    ; 0            ; |PRSC_DE2KIT|PRCS:inst8888|DATAPATH:inst2|ADD_SHIFTLEFT:inst4|MUX2_16BIT:inst4|MUX2_4BIT:inst3               ; work         ;
;                   |MUX_2_1:inst1| ; 1 (1)             ; 0 (0)        ; 0           ; 0            ; 0       ; 0         ; 0    ; 0            ; |PRSC_DE2KIT|PRCS:inst8888|DATAPATH:inst2|ADD_SHIFTLEFT:inst4|MUX2_16BIT:inst4|MUX2_4BIT:inst3|MUX_2_1:inst1 ; work         ;
;                   |MUX_2_1:inst2| ; 1 (1)             ; 0 (0)        ; 0           ; 0            ; 0       ; 0         ; 0    ; 0            ; |PRSC_DE2KIT|PRCS:inst8888|DATAPATH:inst2|ADD_SHIFTLEFT:inst4|MUX2_16BIT:inst4|MUX2_4BIT:inst3|MUX_2_1:inst2 ; work         ;
;                   |MUX_2_1:inst3| ; 1 (1)             ; 0 (0)        ; 0           ; 0            ; 0       ; 0         ; 0    ; 0            ; |PRSC_DE2KIT|PRCS:inst8888|DATAPATH:inst2|ADD_SHIFTLEFT:inst4|MUX2_16BIT:inst4|MUX2_4BIT:inst3|MUX_2_1:inst3 ; work         ;
;                   |MUX_2_1:inst|  ; 1 (1)             ; 0 (0)        ; 0           ; 0            ; 0       ; 0         ; 0    ; 0            ; |PRSC_DE2KIT|PRCS:inst8888|DATAPATH:inst2|ADD_SHIFTLEFT:inst4|MUX2_16BIT:inst4|MUX2_4BIT:inst3|MUX_2_1:inst  ; work         ;
;                |MUX2_4BIT:inst|   ; 6 (0)             ; 0 (0)        ; 0           ; 0            ; 0       ; 0         ; 0    ; 0            ; |PRSC_DE2KIT|PRCS:inst8888|DATAPATH:inst2|ADD_SHIFTLEFT:inst4|MUX2_16BIT:inst4|MUX2_4BIT:inst                ; work         ;
;                   |MUX_2_1:inst|  ; 6 (6)             ; 0 (0)        ; 0           ; 0            ; 0       ; 0         ; 0    ; 0            ; |PRSC_DE2KIT|PRCS:inst8888|DATAPATH:inst2|ADD_SHIFTLEFT:inst4|MUX2_16BIT:inst4|MUX2_4BIT:inst|MUX_2_1:inst   ; work         ;
;          |MUX2_16BIT:inst2|       ; 23 (0)            ; 0 (0)        ; 0           ; 0            ; 0       ; 0         ; 0    ; 0            ; |PRSC_DE2KIT|PRCS:inst8888|DATAPATH:inst2|MUX2_16BIT:inst2                                                   ; work         ;
;             |MUX2_4BIT:inst1|     ; 8 (0)             ; 0 (0)        ; 0           ; 0            ; 0       ; 0         ; 0    ; 0            ; |PRSC_DE2KIT|PRCS:inst8888|DATAPATH:inst2|MUX2_16BIT:inst2|MUX2_4BIT:inst1                                   ; work         ;
;                |MUX_2_1:inst1|    ; 2 (2)             ; 0 (0)        ; 0           ; 0            ; 0       ; 0         ; 0    ; 0            ; |PRSC_DE2KIT|PRCS:inst8888|DATAPATH:inst2|MUX2_16BIT:inst2|MUX2_4BIT:inst1|MUX_2_1:inst1                     ; work         ;
;                |MUX_2_1:inst2|    ; 2 (2)             ; 0 (0)        ; 0           ; 0            ; 0       ; 0         ; 0    ; 0            ; |PRSC_DE2KIT|PRCS:inst8888|DATAPATH:inst2|MUX2_16BIT:inst2|MUX2_4BIT:inst1|MUX_2_1:inst2                     ; work         ;
;                |MUX_2_1:inst3|    ; 2 (2)             ; 0 (0)        ; 0           ; 0            ; 0       ; 0         ; 0    ; 0            ; |PRSC_DE2KIT|PRCS:inst8888|DATAPATH:inst2|MUX2_16BIT:inst2|MUX2_4BIT:inst1|MUX_2_1:inst3                     ; work         ;
;                |MUX_2_1:inst|     ; 2 (2)             ; 0 (0)        ; 0           ; 0            ; 0       ; 0         ; 0    ; 0            ; |PRSC_DE2KIT|PRCS:inst8888|DATAPATH:inst2|MUX2_16BIT:inst2|MUX2_4BIT:inst1|MUX_2_1:inst                      ; work         ;
;             |MUX2_4BIT:inst2|     ; 4 (0)             ; 0 (0)        ; 0           ; 0            ; 0       ; 0         ; 0    ; 0            ; |PRSC_DE2KIT|PRCS:inst8888|DATAPATH:inst2|MUX2_16BIT:inst2|MUX2_4BIT:inst2                                   ; work         ;
;                |MUX_2_1:inst1|    ; 1 (1)             ; 0 (0)        ; 0           ; 0            ; 0       ; 0         ; 0    ; 0            ; |PRSC_DE2KIT|PRCS:inst8888|DATAPATH:inst2|MUX2_16BIT:inst2|MUX2_4BIT:inst2|MUX_2_1:inst1                     ; work         ;
;                |MUX_2_1:inst2|    ; 1 (1)             ; 0 (0)        ; 0           ; 0            ; 0       ; 0         ; 0    ; 0            ; |PRSC_DE2KIT|PRCS:inst8888|DATAPATH:inst2|MUX2_16BIT:inst2|MUX2_4BIT:inst2|MUX_2_1:inst2                     ; work         ;
;                |MUX_2_1:inst3|    ; 1 (1)             ; 0 (0)        ; 0           ; 0            ; 0       ; 0         ; 0    ; 0            ; |PRSC_DE2KIT|PRCS:inst8888|DATAPATH:inst2|MUX2_16BIT:inst2|MUX2_4BIT:inst2|MUX_2_1:inst3                     ; work         ;
;                |MUX_2_1:inst|     ; 1 (1)             ; 0 (0)        ; 0           ; 0            ; 0       ; 0         ; 0    ; 0            ; |PRSC_DE2KIT|PRCS:inst8888|DATAPATH:inst2|MUX2_16BIT:inst2|MUX2_4BIT:inst2|MUX_2_1:inst                      ; work         ;
;             |MUX2_4BIT:inst3|     ; 4 (0)             ; 0 (0)        ; 0           ; 0            ; 0       ; 0         ; 0    ; 0            ; |PRSC_DE2KIT|PRCS:inst8888|DATAPATH:inst2|MUX2_16BIT:inst2|MUX2_4BIT:inst3                                   ; work         ;
;                |MUX_2_1:inst1|    ; 1 (1)             ; 0 (0)        ; 0           ; 0            ; 0       ; 0         ; 0    ; 0            ; |PRSC_DE2KIT|PRCS:inst8888|DATAPATH:inst2|MUX2_16BIT:inst2|MUX2_4BIT:inst3|MUX_2_1:inst1                     ; work         ;
;                |MUX_2_1:inst2|    ; 1 (1)             ; 0 (0)        ; 0           ; 0            ; 0       ; 0         ; 0    ; 0            ; |PRSC_DE2KIT|PRCS:inst8888|DATAPATH:inst2|MUX2_16BIT:inst2|MUX2_4BIT:inst3|MUX_2_1:inst2                     ; work         ;
;                |MUX_2_1:inst3|    ; 1 (1)             ; 0 (0)        ; 0           ; 0            ; 0       ; 0         ; 0    ; 0            ; |PRSC_DE2KIT|PRCS:inst8888|DATAPATH:inst2|MUX2_16BIT:inst2|MUX2_4BIT:inst3|MUX_2_1:inst3                     ; work         ;
;                |MUX_2_1:inst|     ; 1 (1)             ; 0 (0)        ; 0           ; 0            ; 0       ; 0         ; 0    ; 0            ; |PRSC_DE2KIT|PRCS:inst8888|DATAPATH:inst2|MUX2_16BIT:inst2|MUX2_4BIT:inst3|MUX_2_1:inst                      ; work         ;
;             |MUX2_4BIT:inst|      ; 7 (0)             ; 0 (0)        ; 0           ; 0            ; 0       ; 0         ; 0    ; 0            ; |PRSC_DE2KIT|PRCS:inst8888|DATAPATH:inst2|MUX2_16BIT:inst2|MUX2_4BIT:inst                                    ; work         ;
;                |MUX_2_1:inst1|    ; 2 (2)             ; 0 (0)        ; 0           ; 0            ; 0       ; 0         ; 0    ; 0            ; |PRSC_DE2KIT|PRCS:inst8888|DATAPATH:inst2|MUX2_16BIT:inst2|MUX2_4BIT:inst|MUX_2_1:inst1                      ; work         ;
;                |MUX_2_1:inst2|    ; 2 (2)             ; 0 (0)        ; 0           ; 0            ; 0       ; 0         ; 0    ; 0            ; |PRSC_DE2KIT|PRCS:inst8888|DATAPATH:inst2|MUX2_16BIT:inst2|MUX2_4BIT:inst|MUX_2_1:inst2                      ; work         ;
;                |MUX_2_1:inst3|    ; 2 (2)             ; 0 (0)        ; 0           ; 0            ; 0       ; 0         ; 0    ; 0            ; |PRSC_DE2KIT|PRCS:inst8888|DATAPATH:inst2|MUX2_16BIT:inst2|MUX2_4BIT:inst|MUX_2_1:inst3                      ; work         ;
;                |MUX_2_1:inst|     ; 1 (1)             ; 0 (0)        ; 0           ; 0            ; 0       ; 0         ; 0    ; 0            ; |PRSC_DE2KIT|PRCS:inst8888|DATAPATH:inst2|MUX2_16BIT:inst2|MUX2_4BIT:inst|MUX_2_1:inst                       ; work         ;
;          |REGFILE:inst|           ; 48 (44)           ; 63 (0)       ; 0           ; 0            ; 0       ; 0         ; 0    ; 0            ; |PRSC_DE2KIT|PRCS:inst8888|DATAPATH:inst2|REGFILE:inst                                                       ; work         ;
;             |DECODE2_4:inst4|     ; 4 (4)             ; 0 (0)        ; 0           ; 0            ; 0       ; 0         ; 0    ; 0            ; |PRSC_DE2KIT|PRCS:inst8888|DATAPATH:inst2|REGFILE:inst|DECODE2_4:inst4                                       ; work         ;
;             |REG_16BIT:inst1|     ; 0 (0)             ; 15 (0)       ; 0           ; 0            ; 0       ; 0         ; 0    ; 0            ; |PRSC_DE2KIT|PRCS:inst8888|DATAPATH:inst2|REGFILE:inst|REG_16BIT:inst1                                       ; work         ;
;                |REG_8BIT:inst1|   ; 0 (0)             ; 7 (7)        ; 0           ; 0            ; 0       ; 0         ; 0    ; 0            ; |PRSC_DE2KIT|PRCS:inst8888|DATAPATH:inst2|REGFILE:inst|REG_16BIT:inst1|REG_8BIT:inst1                        ; work         ;
;                |REG_8BIT:inst|    ; 0 (0)             ; 8 (8)        ; 0           ; 0            ; 0       ; 0         ; 0    ; 0            ; |PRSC_DE2KIT|PRCS:inst8888|DATAPATH:inst2|REGFILE:inst|REG_16BIT:inst1|REG_8BIT:inst                         ; work         ;
;             |REG_16BIT:inst2|     ; 0 (0)             ; 16 (0)       ; 0           ; 0            ; 0       ; 0         ; 0    ; 0            ; |PRSC_DE2KIT|PRCS:inst8888|DATAPATH:inst2|REGFILE:inst|REG_16BIT:inst2                                       ; work         ;
;                |REG_8BIT:inst1|   ; 0 (0)             ; 8 (8)        ; 0           ; 0            ; 0       ; 0         ; 0    ; 0            ; |PRSC_DE2KIT|PRCS:inst8888|DATAPATH:inst2|REGFILE:inst|REG_16BIT:inst2|REG_8BIT:inst1                        ; work         ;
;                |REG_8BIT:inst|    ; 0 (0)             ; 8 (8)        ; 0           ; 0            ; 0       ; 0         ; 0    ; 0            ; |PRSC_DE2KIT|PRCS:inst8888|DATAPATH:inst2|REGFILE:inst|REG_16BIT:inst2|REG_8BIT:inst                         ; work         ;
;             |REG_16BIT:inst3|     ; 0 (0)             ; 16 (0)       ; 0           ; 0            ; 0       ; 0         ; 0    ; 0            ; |PRSC_DE2KIT|PRCS:inst8888|DATAPATH:inst2|REGFILE:inst|REG_16BIT:inst3                                       ; work         ;
;                |REG_8BIT:inst1|   ; 0 (0)             ; 8 (8)        ; 0           ; 0            ; 0       ; 0         ; 0    ; 0            ; |PRSC_DE2KIT|PRCS:inst8888|DATAPATH:inst2|REGFILE:inst|REG_16BIT:inst3|REG_8BIT:inst1                        ; work         ;
;                |REG_8BIT:inst|    ; 0 (0)             ; 8 (8)        ; 0           ; 0            ; 0       ; 0         ; 0    ; 0            ; |PRSC_DE2KIT|PRCS:inst8888|DATAPATH:inst2|REGFILE:inst|REG_16BIT:inst3|REG_8BIT:inst                         ; work         ;
;             |REG_16BIT:inst|      ; 0 (0)             ; 16 (0)       ; 0           ; 0            ; 0       ; 0         ; 0    ; 0            ; |PRSC_DE2KIT|PRCS:inst8888|DATAPATH:inst2|REGFILE:inst|REG_16BIT:inst                                        ; work         ;
;                |REG_8BIT:inst1|   ; 0 (0)             ; 8 (8)        ; 0           ; 0            ; 0       ; 0         ; 0    ; 0            ; |PRSC_DE2KIT|PRCS:inst8888|DATAPATH:inst2|REGFILE:inst|REG_16BIT:inst|REG_8BIT:inst1                         ; work         ;
;                |REG_8BIT:inst|    ; 0 (0)             ; 8 (8)        ; 0           ; 0            ; 0       ; 0         ; 0    ; 0            ; |PRSC_DE2KIT|PRCS:inst8888|DATAPATH:inst2|REGFILE:inst|REG_16BIT:inst|REG_8BIT:inst                          ; work         ;
;          |REG_16BIT:inst11|       ; 0 (0)             ; 9 (0)        ; 0           ; 0            ; 0       ; 0         ; 0    ; 0            ; |PRSC_DE2KIT|PRCS:inst8888|DATAPATH:inst2|REG_16BIT:inst11                                                   ; work         ;
;             |REG_8BIT:inst1|      ; 0 (0)             ; 8 (8)        ; 0           ; 0            ; 0       ; 0         ; 0    ; 0            ; |PRSC_DE2KIT|PRCS:inst8888|DATAPATH:inst2|REG_16BIT:inst11|REG_8BIT:inst1                                    ; work         ;
;             |REG_8BIT:inst|       ; 0 (0)             ; 1 (1)        ; 0           ; 0            ; 0       ; 0         ; 0    ; 0            ; |PRSC_DE2KIT|PRCS:inst8888|DATAPATH:inst2|REG_16BIT:inst11|REG_8BIT:inst                                     ; work         ;
+-----------------------------------+-------------------+--------------+-------------+--------------+---------+-----------+------+--------------+--------------------------------------------------------------------------------------------------------------+--------------+
Note: For table entries with two numbers listed, the numbers in parentheses indicate the number of resources of the given type used by the specific entity alone. The numbers listed outside of parentheses indicate the total resources of the given type used by the specific entity and all of its sub-entities in the hierarchy.


+------------------------------------------------------------------------------------------------------------------------+
; Registers Removed During Synthesis                                                                                     ;
+-------------------------------------------------------------------------------+----------------------------------------+
; Register name                                                                 ; Reason for Removal                     ;
+-------------------------------------------------------------------------------+----------------------------------------+
; PRCS:inst8888|DATAPATH:inst2|REGFILE:inst|REG_16BIT:inst1|REG_8BIT:inst1|inst ; Stuck at GND due to stuck port data_in ;
; Total Number of Removed Registers = 1                                         ;                                        ;
+-------------------------------------------------------------------------------+----------------------------------------+


+------------------------------------------------------+
; General Register Statistics                          ;
+----------------------------------------------+-------+
; Statistic                                    ; Value ;
+----------------------------------------------+-------+
; Total registers                              ; 76    ;
; Number of registers using Synchronous Clear  ; 0     ;
; Number of registers using Synchronous Load   ; 0     ;
; Number of registers using Asynchronous Clear ; 4     ;
; Number of registers using Asynchronous Load  ; 0     ;
; Number of registers using Clock Enable       ; 72    ;
; Number of registers using Preset             ; 0     ;
+----------------------------------------------+-------+


+--------------------------------------------------------------------------------------------------------------------------------------------------------------------------------------------------------------+
; Multiplexer Restructuring Statistics (Restructuring Performed)                                                                                                                                               ;
+--------------------+-----------+---------------+----------------------+------------------------+------------+------------------------------------------------------------------------------------------------+
; Multiplexer Inputs ; Bus Width ; Baseline Area ; Area if Restructured ; Saving if Restructured ; Registered ; Example Multiplexer Output                                                                     ;
+--------------------+-----------+---------------+----------------------+------------------------+------------+------------------------------------------------------------------------------------------------+
; 4:1                ; 16 bits   ; 32 LEs        ; 32 LEs               ; 0 LEs                  ; No         ; |PRSC_DE2KIT|PRCS:inst8888|DATAPATH:inst2|REGFILE:inst|DATA_OUTB[10]                           ;
; 3:1                ; 7 bits    ; 14 LEs        ; 14 LEs               ; 0 LEs                  ; No         ; |PRSC_DE2KIT|PRCS:inst8888|DATAPATH:inst2|MUX2_16BIT:inst2|MUX2_4BIT:inst1|MUX_2_1:inst1|inst8 ;
+--------------------+-----------+---------------+----------------------+------------------------+------------+------------------------------------------------------------------------------------------------+


+-------------------------------+
; Elapsed Time Per Partition    ;
+----------------+--------------+
; Partition Name ; Elapsed Time ;
+----------------+--------------+
; Top            ; 00:00:01     ;
+----------------+--------------+


+-------------------------------+
; Analysis & Synthesis Messages ;
+-------------------------------+
Info: *******************************************************************
Info: Running Quartus II 64-Bit Analysis & Synthesis
    Info: Version 13.0.1 Build 232 06/12/2013 Service Pack 1 SJ Web Edition
    Info: Processing started: Wed Jun 14 13:07:37 2023
Info: Command: quartus_map --read_settings_files=on --write_settings_files=off PRCS -c PRCS
Warning (20028): Parallel compilation is not licensed and has been disabled
Info (12021): Found 1 design units, including 1 entities, in source file mux_2-1_8bit.bdf
    Info (12023): Found entity 1: MUX_2-1_8BIT
Info (12021): Found 1 design units, including 1 entities, in source file mux_2-1_1bit.bdf
    Info (12023): Found entity 1: MUX_2-1_1BIT
Info (12021): Found 1 design units, including 1 entities, in source file sub_8bit.bdf
    Info (12023): Found entity 1: SUB_8BIT
Info (12021): Found 1 design units, including 1 entities, in source file abs_8bit.bdf
    Info (12023): Found entity 1: ABS_8BIT
Info (12021): Found 1 design units, including 1 entities, in source file double_dabble.bdf
    Info (12023): Found entity 1: DOUBLE_DABBLE
Info (12021): Found 1 design units, including 1 entities, in source file dabble.bdf
    Info (12023): Found entity 1: Dabble
Info (12021): Found 1 design units, including 1 entities, in source file shift_1_16bit.bdf
    Info (12023): Found entity 1: SHIFT_1_16BIT
Info (12021): Found 1 design units, including 1 entities, in source file mux_2_1.bdf
    Info (12023): Found entity 1: MUX_2_1
Info (12021): Found 1 design units, including 1 entities, in source file mux2_4bit.bdf
    Info (12023): Found entity 1: MUX2_4BIT
Info (12021): Found 1 design units, including 1 entities, in source file mux28.bdf
    Info (12023): Found entity 1: MUX28
Info (12021): Found 1 design units, including 1 entities, in source file mux2.bdf
    Info (12023): Found entity 1: MUX2
Info (12021): Found 1 design units, including 1 entities, in source file decode2_4.bdf
    Info (12023): Found entity 1: DECODE2_4
Info (12021): Found 1 design units, including 1 entities, in source file decode1_2.bdf
    Info (12023): Found entity 1: DECODE1_2
Info (12021): Found 1 design units, including 1 entities, in source file fa.bdf
    Info (12023): Found entity 1: FA
Info (12021): Found 1 design units, including 1 entities, in source file add.bdf
    Info (12023): Found entity 1: ADD
Info (12021): Found 1 design units, including 1 entities, in source file reg_8bit.bdf
    Info (12023): Found entity 1: REG_8BIT
Info (12021): Found 1 design units, including 1 entities, in source file mux2_16bit.bdf
    Info (12023): Found entity 1: MUX2_16BIT
Info (12021): Found 1 design units, including 1 entities, in source file reg_16bit.bdf
    Info (12023): Found entity 1: REG_16BIT
Info (12021): Found 1 design units, including 1 entities, in source file regfile.bdf
    Info (12023): Found entity 1: REGFILE
Info (12021): Found 1 design units, including 1 entities, in source file add_16bit.bdf
    Info (12023): Found entity 1: ADD_16BIT
Info (12021): Found 1 design units, including 1 entities, in source file shiftleft_1_16bit.bdf
    Info (12023): Found entity 1: SHIFTLEFT_1_16BIT
Info (12021): Found 1 design units, including 1 entities, in source file add_shiftleft.bdf
    Info (12023): Found entity 1: ADD_SHIFTLEFT
Info (12021): Found 1 design units, including 1 entities, in source file datapath.bdf
    Info (12023): Found entity 1: DATAPATH
Info (12021): Found 1 design units, including 1 entities, in source file mux2_12bit.bdf
    Info (12023): Found entity 1: MUX2_12BIT
Info (12021): Found 1 design units, including 1 entities, in source file ttkt.bdf
    Info (12023): Found entity 1: TTKT
Info (12021): Found 1 design units, including 1 entities, in source file enable.bdf
    Info (12023): Found entity 1: ENABLE
Info (12021): Found 1 design units, including 1 entities, in source file rf_ctrl.bdf
    Info (12023): Found entity 1: RF_CTRL
Info (12021): Found 1 design units, including 1 entities, in source file op_alu.bdf
    Info (12023): Found entity 1: OP_ALU
Info (12021): Found 1 design units, including 1 entities, in source file control.bdf
    Info (12023): Found entity 1: CONTROL
Info (12021): Found 1 design units, including 1 entities, in source file prcs.bdf
    Info (12023): Found entity 1: PRCS
Info (12021): Found 1 design units, including 1 entities, in source file prsc_de2kit.bdf
    Info (12023): Found entity 1: PRSC_DE2KIT
Info (12127): Elaborating entity "PRSC_DE2KIT" for the top level hierarchy
Warning (275083): Bus "S1[6]" found using same base name as "S", which might lead to a name conflict.
Warning (275083): Bus "S1[5]" found using same base name as "S", which might lead to a name conflict.
Warning (275083): Bus "S1[4]" found using same base name as "S", which might lead to a name conflict.
Warning (275083): Bus "S1[3]" found using same base name as "S", which might lead to a name conflict.
Warning (275083): Bus "S1[2]" found using same base name as "S", which might lead to a name conflict.
Warning (275083): Bus "S1[1]" found using same base name as "S", which might lead to a name conflict.
Warning (275083): Bus "S1[0]" found using same base name as "S", which might lead to a name conflict.
Warning (275083): Bus "IN1[7..0]" found using same base name as "IN", which might lead to a name conflict.
Warning (275083): Bus "OUT1[7..0]" found using same base name as "OUT", which might lead to a name conflict.
Warning (275083): Bus "OUT1[2]" found using same base name as "OUT", which might lead to a name conflict.
Warning (275083): Bus "OUT1[1]" found using same base name as "OUT", which might lead to a name conflict.
Warning (275083): Bus "OUT1[0]" found using same base name as "OUT", which might lead to a name conflict.
Warning (275083): Bus "OUT1[3]" found using same base name as "OUT", which might lead to a name conflict.
Warning (275083): Bus "IN1[7..0]" found using same base name as "IN", which might lead to a name conflict.
Warning (275083): Bus "OUT2[15..0]" found using same base name as "OUT", which might lead to a name conflict.
Warning (275083): Bus "OUT2[15]" found using same base name as "OUT", which might lead to a name conflict.
Warning (275083): Bus "OUT2[7..0]" found using same base name as "OUT", which might lead to a name conflict.
Warning (275080): Converted elements in bus name "IN" using legacy naming rules. Make any assignments on the new names, not on the original names.
    Warning (275081): Converted element name(s) from "IN[3..0]" to "IN3..0"
Warning (275080): Converted elements in bus name "IN1" using legacy naming rules. Make any assignments on the new names, not on the original names.
    Warning (275081): Converted element name(s) from "IN1[7..0]" to "IN17..0"
    Warning (275081): Converted element name(s) from "IN1[7..0]" to "IN17..0"
Warning (275080): Converted elements in bus name "OUT" using legacy naming rules. Make any assignments on the new names, not on the original names.
    Warning (275081): Converted element name(s) from "OUT[7..0]" to "OUT7..0"
Warning (275080): Converted elements in bus name "OUT1" using legacy naming rules. Make any assignments on the new names, not on the original names.
    Warning (275081): Converted element name(s) from "OUT1[7..0]" to "OUT17..0"
    Warning (275081): Converted element name(s) from "OUT1[2]" to "OUT12"
    Warning (275081): Converted element name(s) from "OUT1[1]" to "OUT11"
    Warning (275081): Converted element name(s) from "OUT1[0]" to "OUT10"
    Warning (275081): Converted element name(s) from "OUT1[3]" to "OUT13"
Warning (275080): Converted elements in bus name "OUT2" using legacy naming rules. Make any assignments on the new names, not on the original names.
    Warning (275081): Converted element name(s) from "OUT2[15..0]" to "OUT215..0"
    Warning (275081): Converted element name(s) from "OUT2[15]" to "OUT215"
    Warning (275081): Converted element name(s) from "OUT2[7..0]" to "OUT27..0"
Warning (275080): Converted elements in bus name "S" using legacy naming rules. Make any assignments on the new names, not on the original names.
    Warning (275081): Converted element name(s) from "S[6]" to "S6"
    Warning (275081): Converted element name(s) from "S[5]" to "S5"
    Warning (275081): Converted element name(s) from "S[4]" to "S4"
    Warning (275081): Converted element name(s) from "S[3]" to "S3"
    Warning (275081): Converted element name(s) from "S[2]" to "S2"
    Warning (275081): Converted element name(s) from "S[1]" to "S1"
    Warning (275081): Converted element name(s) from "S[0]" to "S0"
Warning (275080): Converted elements in bus name "S1" using legacy naming rules. Make any assignments on the new names, not on the original names.
    Warning (275081): Converted element name(s) from "S1[6]" to "S16"
    Warning (275081): Converted element name(s) from "S1[5]" to "S15"
    Warning (275081): Converted element name(s) from "S1[4]" to "S14"
    Warning (275081): Converted element name(s) from "S1[3]" to "S13"
    Warning (275081): Converted element name(s) from "S1[2]" to "S12"
    Warning (275081): Converted element name(s) from "S1[1]" to "S11"
    Warning (275081): Converted element name(s) from "S1[0]" to "S10"
Info (12128): Elaborating entity "PRCS" for hierarchy "PRCS:inst8888"
Info (12128): Elaborating entity "CONTROL" for hierarchy "PRCS:inst8888|CONTROL:inst"
Info (12128): Elaborating entity "ENABLE" for hierarchy "PRCS:inst8888|CONTROL:inst|ENABLE:inst6"
Info (12128): Elaborating entity "TTKT" for hierarchy "PRCS:inst8888|CONTROL:inst|TTKT:inst4"
Info (12128): Elaborating entity "RF_CTRL" for hierarchy "PRCS:inst8888|CONTROL:inst|RF_CTRL:inst7"
Warning (275008): Primitive "NOT" of instance "inst88" not used
Info (12128): Elaborating entity "OP_ALU" for hierarchy "PRCS:inst8888|CONTROL:inst|OP_ALU:inst5"
Warning (275008): Primitive "NOT" of instance "inst1" not used
Warning (275008): Primitive "NOT" of instance "inst2" not used
Warning (275008): Primitive "NOT" of instance "inst3" not used
Warning (275008): Primitive "NOT" of instance "inst88" not used
Info (12128): Elaborating entity "DATAPATH" for hierarchy "PRCS:inst8888|DATAPATH:inst2"
Info (12128): Elaborating entity "REG_16BIT" for hierarchy "PRCS:inst8888|DATAPATH:inst2|REG_16BIT:inst11"
Info (12128): Elaborating entity "REG_8BIT" for hierarchy "PRCS:inst8888|DATAPATH:inst2|REG_16BIT:inst11|REG_8BIT:inst"
Info (12128): Elaborating entity "MUX28" for hierarchy "PRCS:inst8888|DATAPATH:inst2|REG_16BIT:inst11|REG_8BIT:inst|MUX28:inst9"
Info (12128): Elaborating entity "MUX2" for hierarchy "PRCS:inst8888|DATAPATH:inst2|REG_16BIT:inst11|REG_8BIT:inst|MUX28:inst9|MUX2:inst13"
Info (12128): Elaborating entity "ADD_SHIFTLEFT" for hierarchy "PRCS:inst8888|DATAPATH:inst2|ADD_SHIFTLEFT:inst4"
Info (12128): Elaborating entity "ADD_16BIT" for hierarchy "PRCS:inst8888|DATAPATH:inst2|ADD_SHIFTLEFT:inst4|ADD_16BIT:inst"
Info (12128): Elaborating entity "ADD" for hierarchy "PRCS:inst8888|DATAPATH:inst2|ADD_SHIFTLEFT:inst4|ADD_16BIT:inst|ADD:inst"
Info (12128): Elaborating entity "FA" for hierarchy "PRCS:inst8888|DATAPATH:inst2|ADD_SHIFTLEFT:inst4|ADD_16BIT:inst|ADD:inst|FA:inst"
Info (12128): Elaborating entity "MUX2_16BIT" for hierarchy "PRCS:inst8888|DATAPATH:inst2|ADD_SHIFTLEFT:inst4|MUX2_16BIT:inst4"
Info (12128): Elaborating entity "MUX2_4BIT" for hierarchy "PRCS:inst8888|DATAPATH:inst2|ADD_SHIFTLEFT:inst4|MUX2_16BIT:inst4|MUX2_4BIT:inst"
Info (12128): Elaborating entity "MUX_2_1" for hierarchy "PRCS:inst8888|DATAPATH:inst2|ADD_SHIFTLEFT:inst4|MUX2_16BIT:inst4|MUX2_4BIT:inst|MUX_2_1:inst"
Info (12128): Elaborating entity "SHIFTLEFT_1_16BIT" for hierarchy "PRCS:inst8888|DATAPATH:inst2|ADD_SHIFTLEFT:inst4|SHIFTLEFT_1_16BIT:inst2"
Info (12128): Elaborating entity "REGFILE" for hierarchy "PRCS:inst8888|DATAPATH:inst2|REGFILE:inst"
Info (12128): Elaborating entity "DECODE2_4" for hierarchy "PRCS:inst8888|DATAPATH:inst2|REGFILE:inst|DECODE2_4:inst4"
Info (12128): Elaborating entity "MUX2_12BIT" for hierarchy "PRCS:inst8888|DATAPATH:inst2|MUX2_12BIT:inst6"
Info (12128): Elaborating entity "7447" for hierarchy "7447:inst3"
Info (12130): Elaborated megafunction instantiation "7447:inst3"
Info (12128): Elaborating entity "DOUBLE_DABBLE" for hierarchy "DOUBLE_DABBLE:inst1"
Info (12128): Elaborating entity "Dabble" for hierarchy "DOUBLE_DABBLE:inst1|Dabble:inst6"
Info (12128): Elaborating entity "ABS_8BIT" for hierarchy "ABS_8BIT:inst58"
Info (12128): Elaborating entity "MUX_2-1_8BIT" for hierarchy "ABS_8BIT:inst58|MUX_2-1_8BIT:inst3"
Info (12128): Elaborating entity "MUX_2-1_1BIT" for hierarchy "ABS_8BIT:inst58|MUX_2-1_8BIT:inst3|MUX_2-1_1BIT:inst14"
Info (12128): Elaborating entity "SUB_8BIT" for hierarchy "ABS_8BIT:inst58|SUB_8BIT:inst"
Warning (13046): Tri-state node(s) do not directly drive top-level pin(s)
    Warning (13048): Converted tri-state node "PRCS:inst8888|DATAPATH:inst2|REGFILE:inst|DATA_OUTA[15]" into a selector
    Warning (13048): Converted tri-state node "PRCS:inst8888|DATAPATH:inst2|REGFILE:inst|DATA_OUTA[14]" into a selector
    Warning (13048): Converted tri-state node "PRCS:inst8888|DATAPATH:inst2|REGFILE:inst|DATA_OUTA[13]" into a selector
    Warning (13048): Converted tri-state node "PRCS:inst8888|DATAPATH:inst2|REGFILE:inst|DATA_OUTA[12]" into a selector
    Warning (13048): Converted tri-state node "PRCS:inst8888|DATAPATH:inst2|REGFILE:inst|DATA_OUTA[11]" into a selector
    Warning (13048): Converted tri-state node "PRCS:inst8888|DATAPATH:inst2|REGFILE:inst|DATA_OUTA[10]" into a selector
    Warning (13048): Converted tri-state node "PRCS:inst8888|DATAPATH:inst2|REGFILE:inst|DATA_OUTA[9]" into a selector
    Warning (13048): Converted tri-state node "PRCS:inst8888|DATAPATH:inst2|REGFILE:inst|DATA_OUTA[8]" into a selector
    Warning (13048): Converted tri-state node "PRCS:inst8888|DATAPATH:inst2|REGFILE:inst|DATA_OUTA[7]" into a selector
    Warning (13048): Converted tri-state node "PRCS:inst8888|DATAPATH:inst2|REGFILE:inst|DATA_OUTA[6]" into a selector
    Warning (13048): Converted tri-state node "PRCS:inst8888|DATAPATH:inst2|REGFILE:inst|DATA_OUTA[5]" into a selector
    Warning (13048): Converted tri-state node "PRCS:inst8888|DATAPATH:inst2|REGFILE:inst|DATA_OUTA[4]" into a selector
    Warning (13048): Converted tri-state node "PRCS:inst8888|DATAPATH:inst2|REGFILE:inst|DATA_OUTA[3]" into a selector
    Warning (13048): Converted tri-state node "PRCS:inst8888|DATAPATH:inst2|REGFILE:inst|DATA_OUTA[2]" into a selector
    Warning (13048): Converted tri-state node "PRCS:inst8888|DATAPATH:inst2|REGFILE:inst|DATA_OUTA[1]" into a selector
    Warning (13048): Converted tri-state node "PRCS:inst8888|DATAPATH:inst2|REGFILE:inst|DATA_OUTA[0]" into a selector
    Warning (13048): Converted tri-state node "PRCS:inst8888|DATAPATH:inst2|REGFILE:inst|DATA_OUTB[15]" into a selector
    Warning (13048): Converted tri-state node "PRCS:inst8888|DATAPATH:inst2|REGFILE:inst|DATA_OUTB[14]" into a selector
    Warning (13048): Converted tri-state node "PRCS:inst8888|DATAPATH:inst2|REGFILE:inst|DATA_OUTB[13]" into a selector
    Warning (13048): Converted tri-state node "PRCS:inst8888|DATAPATH:inst2|REGFILE:inst|DATA_OUTB[12]" into a selector
    Warning (13048): Converted tri-state node "PRCS:inst8888|DATAPATH:inst2|REGFILE:inst|DATA_OUTB[11]" into a selector
    Warning (13048): Converted tri-state node "PRCS:inst8888|DATAPATH:inst2|REGFILE:inst|DATA_OUTB[10]" into a selector
    Warning (13048): Converted tri-state node "PRCS:inst8888|DATAPATH:inst2|REGFILE:inst|DATA_OUTB[9]" into a selector
    Warning (13048): Converted tri-state node "PRCS:inst8888|DATAPATH:inst2|REGFILE:inst|DATA_OUTB[8]" into a selector
    Warning (13048): Converted tri-state node "PRCS:inst8888|DATAPATH:inst2|REGFILE:inst|DATA_OUTB[7]" into a selector
    Warning (13048): Converted tri-state node "PRCS:inst8888|DATAPATH:inst2|REGFILE:inst|DATA_OUTB[6]" into a selector
    Warning (13048): Converted tri-state node "PRCS:inst8888|DATAPATH:inst2|REGFILE:inst|DATA_OUTB[5]" into a selector
    Warning (13048): Converted tri-state node "PRCS:inst8888|DATAPATH:inst2|REGFILE:inst|DATA_OUTB[4]" into a selector
    Warning (13048): Converted tri-state node "PRCS:inst8888|DATAPATH:inst2|REGFILE:inst|DATA_OUTB[3]" into a selector
    Warning (13048): Converted tri-state node "PRCS:inst8888|DATAPATH:inst2|REGFILE:inst|DATA_OUTB[2]" into a selector
    Warning (13048): Converted tri-state node "PRCS:inst8888|DATAPATH:inst2|REGFILE:inst|DATA_OUTB[1]" into a selector
    Warning (13048): Converted tri-state node "PRCS:inst8888|DATAPATH:inst2|REGFILE:inst|DATA_OUTB[0]" into a selector
Warning (13024): Output pins are stuck at VCC or GND
    Warning (13410): Pin "H[6]" is stuck at VCC
    Warning (13410): Pin "H[2]" is stuck at GND
    Warning (13410): Pin "H[1]" is stuck at GND
    Warning (13410): Pin "S5" is stuck at VCC
    Warning (13410): Pin "S4" is stuck at VCC
    Warning (13410): Pin "S3" is stuck at VCC
    Warning (13410): Pin "S2" is stuck at VCC
    Warning (13410): Pin "S1" is stuck at VCC
    Warning (13410): Pin "S0" is stuck at VCC
    Warning (13410): Pin "S15" is stuck at VCC
    Warning (13410): Pin "S14" is stuck at VCC
    Warning (13410): Pin "S13" is stuck at VCC
    Warning (13410): Pin "S12" is stuck at VCC
    Warning (13410): Pin "S11" is stuck at VCC
    Warning (13410): Pin "S10" is stuck at VCC
Info (16010): Generating hard_block partition "hard_block:auto_generated_inst"
    Info (16011): Adding 0 node(s), including 0 DDIO, 0 PLL, 0 transceiver and 0 LCELL
Info (21057): Implemented 316 device resources after synthesis - the final resource count might be different
    Info (21058): Implemented 6 input pins
    Info (21059): Implemented 53 output pins
    Info (21061): Implemented 257 logic cells
Info: Quartus II 64-Bit Analysis & Synthesis was successful. 0 errors, 105 warnings
    Info: Peak virtual memory: 4611 megabytes
    Info: Processing ended: Wed Jun 14 13:07:41 2023
    Info: Elapsed time: 00:00:04
    Info: Total CPU time (on all processors): 00:00:03


