Analysis & Synthesis report for NHAN4BIT
Fri May 05 10:14:11 2023
Quartus II 64-Bit Version 13.0.1 Build 232 06/12/2013 Service Pack 1 SJ Web Edition


---------------------
; Table of Contents ;
---------------------
  1. Legal Notice
  2. Analysis & Synthesis Summary
  3. Analysis & Synthesis Settings
  4. Parallel Compilation
  5. Analysis & Synthesis Source Files Read
  6. Analysis & Synthesis Resource Usage Summary
  7. Analysis & Synthesis Resource Utilization by Entity
  8. General Register Statistics
  9. Elapsed Time Per Partition
 10. Analysis & Synthesis Messages



----------------
; Legal Notice ;
----------------
Copyright (C) 1991-2013 Altera Corporation
Your use of Altera Corporation's design tools, logic functions 
and other software and tools, and its AMPP partner logic 
functions, and any output files from any of the foregoing 
(including device programming or simulation files), and any 
associated documentation or information are expressly subject 
to the terms and conditions of the Altera Program License 
Subscription Agreement, Altera MegaCore Function License 
Agreement, or other applicable license agreement, including, 
without limitation, that your use is for the sole purpose of 
programming logic devices manufactured by Altera and sold by 
Altera or its authorized distributors.  Please refer to the 
applicable agreement for further details.



+--------------------------------------------------------------------------------------+
; Analysis & Synthesis Summary                                                         ;
+------------------------------------+-------------------------------------------------+
; Analysis & Synthesis Status        ; Successful - Fri May 05 10:14:11 2023           ;
; Quartus II 64-Bit Version          ; 13.0.1 Build 232 06/12/2013 SP 1 SJ Web Edition ;
; Revision Name                      ; NHAN4BIT                                        ;
; Top-level Entity Name              ; NHAN4BIT                                        ;
; Family                             ; Cyclone II                                      ;
; Total logic elements               ; 33                                              ;
;     Total combinational functions  ; 33                                              ;
;     Dedicated logic registers      ; 0                                               ;
; Total registers                    ; 0                                               ;
; Total pins                         ; 56                                              ;
; Total virtual pins                 ; 0                                               ;
; Total memory bits                  ; 0                                               ;
; Embedded Multiplier 9-bit elements ; 0                                               ;
; Total PLLs                         ; 0                                               ;
+------------------------------------+-------------------------------------------------+


+----------------------------------------------------------------------------------------------------------------------+
; Analysis & Synthesis Settings                                                                                        ;
+----------------------------------------------------------------------------+--------------------+--------------------+
; Option                                                                     ; Setting            ; Default Value      ;
+----------------------------------------------------------------------------+--------------------+--------------------+
; Device                                                                     ; EP2C35F672C6       ;                    ;
; Top-level entity name                                                      ; NHAN4BIT           ; NHAN4BIT           ;
; Family name                                                                ; Cyclone II         ; Cyclone IV GX      ;
; Use smart compilation                                                      ; Off                ; Off                ;
; Enable parallel Assembler and TimeQuest Timing Analyzer during compilation ; On                 ; On                 ;
; Enable compact report table                                                ; Off                ; Off                ;
; Restructure Multiplexers                                                   ; Auto               ; Auto               ;
; Create Debugging Nodes for IP Cores                                        ; Off                ; Off                ;
; Preserve fewer node names                                                  ; On                 ; On                 ;
; Disable OpenCore Plus hardware evaluation                                  ; Off                ; Off                ;
; Verilog Version                                                            ; Verilog_2001       ; Verilog_2001       ;
; VHDL Version                                                               ; VHDL_1993          ; VHDL_1993          ;
; State Machine Processing                                                   ; Auto               ; Auto               ;
; Safe State Machine                                                         ; Off                ; Off                ;
; Extract Verilog State Machines                                             ; On                 ; On                 ;
; Extract VHDL State Machines                                                ; On                 ; On                 ;
; Ignore Verilog initial constructs                                          ; Off                ; Off                ;
; Iteration limit for constant Verilog loops                                 ; 5000               ; 5000               ;
; Iteration limit for non-constant Verilog loops                             ; 250                ; 250                ;
; Add Pass-Through Logic to Inferred RAMs                                    ; On                 ; On                 ;
; Infer RAMs from Raw Logic                                                  ; On                 ; On                 ;
; Parallel Synthesis                                                         ; On                 ; On                 ;
; DSP Block Balancing                                                        ; Auto               ; Auto               ;
; NOT Gate Push-Back                                                         ; On                 ; On                 ;
; Power-Up Don't Care                                                        ; On                 ; On                 ;
; Remove Redundant Logic Cells                                               ; Off                ; Off                ;
; Remove Duplicate Registers                                                 ; On                 ; On                 ;
; Ignore CARRY Buffers                                                       ; Off                ; Off                ;
; Ignore CASCADE Buffers                                                     ; Off                ; Off                ;
; Ignore GLOBAL Buffers                                                      ; Off                ; Off                ;
; Ignore ROW GLOBAL Buffers                                                  ; Off                ; Off                ;
; Ignore LCELL Buffers                                                       ; Off                ; Off                ;
; Ignore SOFT Buffers                                                        ; On                 ; On                 ;
; Limit AHDL Integers to 32 Bits                                             ; Off                ; Off                ;
; Optimization Technique                                                     ; Balanced           ; Balanced           ;
; Carry Chain Length                                                         ; 70                 ; 70                 ;
; Auto Carry Chains                                                          ; On                 ; On                 ;
; Auto Open-Drain Pins                                                       ; On                 ; On                 ;
; Perform WYSIWYG Primitive Resynthesis                                      ; Off                ; Off                ;
; Auto ROM Replacement                                                       ; On                 ; On                 ;
; Auto RAM Replacement                                                       ; On                 ; On                 ;
; Auto Shift Register Replacement                                            ; Auto               ; Auto               ;
; Allow Shift Register Merging across Hierarchies                            ; Auto               ; Auto               ;
; Auto Clock Enable Replacement                                              ; On                 ; On                 ;
; Strict RAM Replacement                                                     ; Off                ; Off                ;
; Allow Synchronous Control Signals                                          ; On                 ; On                 ;
; Force Use of Synchronous Clear Signals                                     ; Off                ; Off                ;
; Auto RAM to Logic Cell Conversion                                          ; Off                ; Off                ;
; Auto Resource Sharing                                                      ; Off                ; Off                ;
; Allow Any RAM Size For Recognition                                         ; Off                ; Off                ;
; Allow Any ROM Size For Recognition                                         ; Off                ; Off                ;
; Allow Any Shift Register Size For Recognition                              ; Off                ; Off                ;
; Use LogicLock Constraints during Resource Balancing                        ; On                 ; On                 ;
; Ignore translate_off and synthesis_off directives                          ; Off                ; Off                ;
; Timing-Driven Synthesis                                                    ; Off                ; Off                ;
; Report Parameter Settings                                                  ; On                 ; On                 ;
; Report Source Assignments                                                  ; On                 ; On                 ;
; Report Connectivity Checks                                                 ; On                 ; On                 ;
; Ignore Maximum Fan-Out Assignments                                         ; Off                ; Off                ;
; Synchronization Register Chain Length                                      ; 2                  ; 2                  ;
; PowerPlay Power Optimization                                               ; Normal compilation ; Normal compilation ;
; HDL message level                                                          ; Level2             ; Level2             ;
; Suppress Register Optimization Related Messages                            ; Off                ; Off                ;
; Number of Removed Registers Reported in Synthesis Report                   ; 5000               ; 5000               ;
; Number of Swept Nodes Reported in Synthesis Report                         ; 5000               ; 5000               ;
; Number of Inverted Registers Reported in Synthesis Report                  ; 100                ; 100                ;
; Clock MUX Protection                                                       ; On                 ; On                 ;
; Auto Gated Clock Conversion                                                ; Off                ; Off                ;
; Block Design Naming                                                        ; Auto               ; Auto               ;
; SDC constraint protection                                                  ; Off                ; Off                ;
; Synthesis Effort                                                           ; Auto               ; Auto               ;
; Shift Register Replacement - Allow Asynchronous Clear Signal               ; On                 ; On                 ;
; Pre-Mapping Resynthesis Optimization                                       ; Off                ; Off                ;
; Analysis & Synthesis Message Level                                         ; Medium             ; Medium             ;
; Disable Register Merging Across Hierarchies                                ; Auto               ; Auto               ;
; Resource Aware Inference For Block RAM                                     ; On                 ; On                 ;
; Synthesis Seed                                                             ; 1                  ; 1                  ;
+----------------------------------------------------------------------------+--------------------+--------------------+


Parallel compilation was disabled, but you have multiple processors available. Enable parallel compilation to reduce compilation time.
+-------------------------------------+
; Parallel Compilation                ;
+----------------------------+--------+
; Processors                 ; Number ;
+----------------------------+--------+
; Number detected on machine ; 12     ;
; Maximum allowed            ; 1      ;
+----------------------------+--------+


+-------------------------------------------------------------------------------------------------------------------------------------------------------+
; Analysis & Synthesis Source Files Read                                                                                                                ;
+----------------------------------+-----------------+------------------------------------+---------------------------------------------------+---------+
; File Name with User-Entered Path ; Used in Netlist ; File Type                          ; File Name with Absolute Path                      ; Library ;
+----------------------------------+-----------------+------------------------------------+---------------------------------------------------+---------+
; ../../STACK32X8BIT/MUX_4_1.bdf   ; yes             ; User Block Diagram/Schematic File  ; E:/THIET_KE_LUAN_LY_SO/STACK32X8BIT/MUX_4_1.bdf   ;         ;
; ../ALU/MUX2_16BIT.bdf            ; yes             ; User Block Diagram/Schematic File  ; E:/THIET_KE_LUAN_LY_SO/LAB3/ALU/MUX2_16BIT.bdf    ;         ;
; ../ALU/MUX2_4BIT.bdf             ; yes             ; User Block Diagram/Schematic File  ; E:/THIET_KE_LUAN_LY_SO/LAB3/ALU/MUX2_4BIT.bdf     ;         ;
; ../ALU/MUX_2_1.bdf               ; yes             ; User Block Diagram/Schematic File  ; E:/THIET_KE_LUAN_LY_SO/LAB3/ALU/MUX_2_1.bdf       ;         ;
; ../ALU/LUS.bdf                   ; yes             ; User Block Diagram/Schematic File  ; E:/THIET_KE_LUAN_LY_SO/LAB3/ALU/LUS.bdf           ;         ;
; ../ALU/LU.bdf                    ; yes             ; User Block Diagram/Schematic File  ; E:/THIET_KE_LUAN_LY_SO/LAB3/ALU/LU.bdf            ;         ;
; ../ALU/FAS.bdf                   ; yes             ; User Block Diagram/Schematic File  ; E:/THIET_KE_LUAN_LY_SO/LAB3/ALU/FAS.bdf           ;         ;
; ../ALU/FA.bdf                    ; yes             ; User Block Diagram/Schematic File  ; E:/THIET_KE_LUAN_LY_SO/LAB3/ALU/FA.bdf            ;         ;
; ../ALU/AU.bdf                    ; yes             ; User Block Diagram/Schematic File  ; E:/THIET_KE_LUAN_LY_SO/LAB3/ALU/AU.bdf            ;         ;
; ../ALU/ALU.bdf                   ; yes             ; User Block Diagram/Schematic File  ; E:/THIET_KE_LUAN_LY_SO/LAB3/ALU/ALU.bdf           ;         ;
; SHIFT_1.bdf                      ; yes             ; User Block Diagram/Schematic File  ; E:/THIET_KE_LUAN_LY_SO/LAB3/NHAN4BIT/SHIFT_1.bdf  ;         ;
; SHIFT_2.bdf                      ; yes             ; User Block Diagram/Schematic File  ; E:/THIET_KE_LUAN_LY_SO/LAB3/NHAN4BIT/SHIFT_2.bdf  ;         ;
; SHIFT_3.bdf                      ; yes             ; User Block Diagram/Schematic File  ; E:/THIET_KE_LUAN_LY_SO/LAB3/NHAN4BIT/SHIFT_3.bdf  ;         ;
; NHAN4BIT.bdf                     ; yes             ; User Block Diagram/Schematic File  ; E:/THIET_KE_LUAN_LY_SO/LAB3/NHAN4BIT/NHAN4BIT.bdf ;         ;
+----------------------------------+-----------------+------------------------------------+---------------------------------------------------+---------+


+------------------------------------------------------+
; Analysis & Synthesis Resource Usage Summary          ;
+---------------------------------------------+--------+
; Resource                                    ; Usage  ;
+---------------------------------------------+--------+
; Estimated Total logic elements              ; 33     ;
;                                             ;        ;
; Total combinational functions               ; 33     ;
; Logic element usage by number of LUT inputs ;        ;
;     -- 4 input functions                    ; 19     ;
;     -- 3 input functions                    ; 8      ;
;     -- <=2 input functions                  ; 6      ;
;                                             ;        ;
; Logic elements by mode                      ;        ;
;     -- normal mode                          ; 33     ;
;     -- arithmetic mode                      ; 0      ;
;                                             ;        ;
; Total registers                             ; 0      ;
;     -- Dedicated logic registers            ; 0      ;
;     -- I/O registers                        ; 0      ;
;                                             ;        ;
; I/O pins                                    ; 56     ;
; Embedded Multiplier 9-bit elements          ; 0      ;
; Maximum fan-out node                        ; IN0[0] ;
; Maximum fan-out                             ; 10     ;
; Total fan-out                               ; 132    ;
; Average fan-out                             ; 1.48   ;
+---------------------------------------------+--------+


+---------------------------------------------------------------------------------------------------------------------------------------------------------------------------------------------------------------------------------+
; Analysis & Synthesis Resource Utilization by Entity                                                                                                                                                                             ;
+-----------------------------+-------------------+--------------+-------------+--------------+---------+-----------+------+--------------+------------------------------------------------------------------------+--------------+
; Compilation Hierarchy Node  ; LC Combinationals ; LC Registers ; Memory Bits ; DSP Elements ; DSP 9x9 ; DSP 18x18 ; Pins ; Virtual Pins ; Full Hierarchy Name                                                    ; Library Name ;
+-----------------------------+-------------------+--------------+-------------+--------------+---------+-----------+------+--------------+------------------------------------------------------------------------+--------------+
; |NHAN4BIT                   ; 33 (0)            ; 0 (0)        ; 0           ; 0            ; 0       ; 0         ; 56   ; 0            ; |NHAN4BIT                                                              ; work         ;
;    |ALU:inst00|             ; 9 (0)             ; 0 (0)        ; 0           ; 0            ; 0       ; 0         ; 0    ; 0            ; |NHAN4BIT|ALU:inst00                                                   ; work         ;
;       |AU:inst|             ; 9 (0)             ; 0 (0)        ; 0           ; 0            ; 0       ; 0         ; 0    ; 0            ; |NHAN4BIT|ALU:inst00|AU:inst                                           ; work         ;
;          |FAS:inst2|        ; 1 (0)             ; 0 (0)        ; 0           ; 0            ; 0       ; 0         ; 0    ; 0            ; |NHAN4BIT|ALU:inst00|AU:inst|FAS:inst2                                 ; work         ;
;             |FA:inst01|     ; 1 (1)             ; 0 (0)        ; 0           ; 0            ; 0       ; 0         ; 0    ; 0            ; |NHAN4BIT|ALU:inst00|AU:inst|FAS:inst2|FA:inst01                       ; work         ;
;          |FAS:inst3|        ; 2 (0)             ; 0 (0)        ; 0           ; 0            ; 0       ; 0         ; 0    ; 0            ; |NHAN4BIT|ALU:inst00|AU:inst|FAS:inst3                                 ; work         ;
;             |FA:inst01|     ; 2 (2)             ; 0 (0)        ; 0           ; 0            ; 0       ; 0         ; 0    ; 0            ; |NHAN4BIT|ALU:inst00|AU:inst|FAS:inst3|FA:inst01                       ; work         ;
;          |FAS:inst4|        ; 2 (0)             ; 0 (0)        ; 0           ; 0            ; 0       ; 0         ; 0    ; 0            ; |NHAN4BIT|ALU:inst00|AU:inst|FAS:inst4                                 ; work         ;
;             |FA:inst01|     ; 2 (2)             ; 0 (0)        ; 0           ; 0            ; 0       ; 0         ; 0    ; 0            ; |NHAN4BIT|ALU:inst00|AU:inst|FAS:inst4|FA:inst01                       ; work         ;
;          |FAS:inst5|        ; 2 (0)             ; 0 (0)        ; 0           ; 0            ; 0       ; 0         ; 0    ; 0            ; |NHAN4BIT|ALU:inst00|AU:inst|FAS:inst5                                 ; work         ;
;             |FA:inst01|     ; 2 (2)             ; 0 (0)        ; 0           ; 0            ; 0       ; 0         ; 0    ; 0            ; |NHAN4BIT|ALU:inst00|AU:inst|FAS:inst5|FA:inst01                       ; work         ;
;          |FAS:inst6|        ; 1 (0)             ; 0 (0)        ; 0           ; 0            ; 0       ; 0         ; 0    ; 0            ; |NHAN4BIT|ALU:inst00|AU:inst|FAS:inst6                                 ; work         ;
;             |FA:inst01|     ; 1 (1)             ; 0 (0)        ; 0           ; 0            ; 0       ; 0         ; 0    ; 0            ; |NHAN4BIT|ALU:inst00|AU:inst|FAS:inst6|FA:inst01                       ; work         ;
;          |FAS:inst7|        ; 1 (0)             ; 0 (0)        ; 0           ; 0            ; 0       ; 0         ; 0    ; 0            ; |NHAN4BIT|ALU:inst00|AU:inst|FAS:inst7                                 ; work         ;
;             |FA:inst01|     ; 1 (1)             ; 0 (0)        ; 0           ; 0            ; 0       ; 0         ; 0    ; 0            ; |NHAN4BIT|ALU:inst00|AU:inst|FAS:inst7|FA:inst01                       ; work         ;
;    |ALU:inst4|              ; 9 (0)             ; 0 (0)        ; 0           ; 0            ; 0       ; 0         ; 0    ; 0            ; |NHAN4BIT|ALU:inst4                                                    ; work         ;
;       |AU:inst|             ; 9 (0)             ; 0 (0)        ; 0           ; 0            ; 0       ; 0         ; 0    ; 0            ; |NHAN4BIT|ALU:inst4|AU:inst                                            ; work         ;
;          |FAS:inst1|        ; 1 (0)             ; 0 (0)        ; 0           ; 0            ; 0       ; 0         ; 0    ; 0            ; |NHAN4BIT|ALU:inst4|AU:inst|FAS:inst1                                  ; work         ;
;             |FA:inst01|     ; 1 (1)             ; 0 (0)        ; 0           ; 0            ; 0       ; 0         ; 0    ; 0            ; |NHAN4BIT|ALU:inst4|AU:inst|FAS:inst1|FA:inst01                        ; work         ;
;          |FAS:inst2|        ; 4 (0)             ; 0 (0)        ; 0           ; 0            ; 0       ; 0         ; 0    ; 0            ; |NHAN4BIT|ALU:inst4|AU:inst|FAS:inst2                                  ; work         ;
;             |FA:inst01|     ; 4 (4)             ; 0 (0)        ; 0           ; 0            ; 0       ; 0         ; 0    ; 0            ; |NHAN4BIT|ALU:inst4|AU:inst|FAS:inst2|FA:inst01                        ; work         ;
;          |FAS:inst3|        ; 2 (0)             ; 0 (0)        ; 0           ; 0            ; 0       ; 0         ; 0    ; 0            ; |NHAN4BIT|ALU:inst4|AU:inst|FAS:inst3                                  ; work         ;
;             |FA:inst01|     ; 2 (2)             ; 0 (0)        ; 0           ; 0            ; 0       ; 0         ; 0    ; 0            ; |NHAN4BIT|ALU:inst4|AU:inst|FAS:inst3|FA:inst01                        ; work         ;
;          |FAS:inst4|        ; 2 (0)             ; 0 (0)        ; 0           ; 0            ; 0       ; 0         ; 0    ; 0            ; |NHAN4BIT|ALU:inst4|AU:inst|FAS:inst4                                  ; work         ;
;             |FA:inst01|     ; 2 (2)             ; 0 (0)        ; 0           ; 0            ; 0       ; 0         ; 0    ; 0            ; |NHAN4BIT|ALU:inst4|AU:inst|FAS:inst4|FA:inst01                        ; work         ;
;    |ALU:inst6|              ; 11 (0)            ; 0 (0)        ; 0           ; 0            ; 0       ; 0         ; 0    ; 0            ; |NHAN4BIT|ALU:inst6                                                    ; work         ;
;       |AU:inst|             ; 11 (0)            ; 0 (0)        ; 0           ; 0            ; 0       ; 0         ; 0    ; 0            ; |NHAN4BIT|ALU:inst6|AU:inst                                            ; work         ;
;          |FAS:inst3|        ; 2 (0)             ; 0 (0)        ; 0           ; 0            ; 0       ; 0         ; 0    ; 0            ; |NHAN4BIT|ALU:inst6|AU:inst|FAS:inst3                                  ; work         ;
;             |FA:inst01|     ; 2 (2)             ; 0 (0)        ; 0           ; 0            ; 0       ; 0         ; 0    ; 0            ; |NHAN4BIT|ALU:inst6|AU:inst|FAS:inst3|FA:inst01                        ; work         ;
;          |FAS:inst4|        ; 4 (0)             ; 0 (0)        ; 0           ; 0            ; 0       ; 0         ; 0    ; 0            ; |NHAN4BIT|ALU:inst6|AU:inst|FAS:inst4                                  ; work         ;
;             |FA:inst01|     ; 4 (4)             ; 0 (0)        ; 0           ; 0            ; 0       ; 0         ; 0    ; 0            ; |NHAN4BIT|ALU:inst6|AU:inst|FAS:inst4|FA:inst01                        ; work         ;
;          |FAS:inst5|        ; 3 (0)             ; 0 (0)        ; 0           ; 0            ; 0       ; 0         ; 0    ; 0            ; |NHAN4BIT|ALU:inst6|AU:inst|FAS:inst5                                  ; work         ;
;             |FA:inst01|     ; 3 (3)             ; 0 (0)        ; 0           ; 0            ; 0       ; 0         ; 0    ; 0            ; |NHAN4BIT|ALU:inst6|AU:inst|FAS:inst5|FA:inst01                        ; work         ;
;          |FAS:inst6|        ; 2 (0)             ; 0 (0)        ; 0           ; 0            ; 0       ; 0         ; 0    ; 0            ; |NHAN4BIT|ALU:inst6|AU:inst|FAS:inst6                                  ; work         ;
;             |FA:inst01|     ; 2 (2)             ; 0 (0)        ; 0           ; 0            ; 0       ; 0         ; 0    ; 0            ; |NHAN4BIT|ALU:inst6|AU:inst|FAS:inst6|FA:inst01                        ; work         ;
;    |MUX2_16BIT:inst21|      ; 2 (0)             ; 0 (0)        ; 0           ; 0            ; 0       ; 0         ; 0    ; 0            ; |NHAN4BIT|MUX2_16BIT:inst21                                            ; work         ;
;       |MUX2_4BIT:inst3|     ; 2 (0)             ; 0 (0)        ; 0           ; 0            ; 0       ; 0         ; 0    ; 0            ; |NHAN4BIT|MUX2_16BIT:inst21|MUX2_4BIT:inst3                            ; work         ;
;          |MUX_2_1:inst3|    ; 1 (1)             ; 0 (0)        ; 0           ; 0            ; 0       ; 0         ; 0    ; 0            ; |NHAN4BIT|MUX2_16BIT:inst21|MUX2_4BIT:inst3|MUX_2_1:inst3              ; work         ;
;          |MUX_2_1:inst|     ; 1 (1)             ; 0 (0)        ; 0           ; 0            ; 0       ; 0         ; 0    ; 0            ; |NHAN4BIT|MUX2_16BIT:inst21|MUX2_4BIT:inst3|MUX_2_1:inst               ; work         ;
;    |SHIFT_2:inst16|         ; 2 (0)             ; 0 (0)        ; 0           ; 0            ; 0       ; 0         ; 0    ; 0            ; |NHAN4BIT|SHIFT_2:inst16                                               ; work         ;
;       |MUX2_16BIT:inst|     ; 2 (0)             ; 0 (0)        ; 0           ; 0            ; 0       ; 0         ; 0    ; 0            ; |NHAN4BIT|SHIFT_2:inst16|MUX2_16BIT:inst                               ; work         ;
;          |MUX2_4BIT:inst2|  ; 1 (0)             ; 0 (0)        ; 0           ; 0            ; 0       ; 0         ; 0    ; 0            ; |NHAN4BIT|SHIFT_2:inst16|MUX2_16BIT:inst|MUX2_4BIT:inst2               ; work         ;
;             |MUX_2_1:inst2| ; 1 (1)             ; 0 (0)        ; 0           ; 0            ; 0       ; 0         ; 0    ; 0            ; |NHAN4BIT|SHIFT_2:inst16|MUX2_16BIT:inst|MUX2_4BIT:inst2|MUX_2_1:inst2 ; work         ;
;          |MUX2_4BIT:inst3|  ; 1 (0)             ; 0 (0)        ; 0           ; 0            ; 0       ; 0         ; 0    ; 0            ; |NHAN4BIT|SHIFT_2:inst16|MUX2_16BIT:inst|MUX2_4BIT:inst3               ; work         ;
;             |MUX_2_1:inst1| ; 1 (1)             ; 0 (0)        ; 0           ; 0            ; 0       ; 0         ; 0    ; 0            ; |NHAN4BIT|SHIFT_2:inst16|MUX2_16BIT:inst|MUX2_4BIT:inst3|MUX_2_1:inst1 ; work         ;
+-----------------------------+-------------------+--------------+-------------+--------------+---------+-----------+------+--------------+------------------------------------------------------------------------+--------------+
Note: For table entries with two numbers listed, the numbers in parentheses indicate the number of resources of the given type used by the specific entity alone. The numbers listed outside of parentheses indicate the total resources of the given type used by the specific entity and all of its sub-entities in the hierarchy.


+------------------------------------------------------+
; General Register Statistics                          ;
+----------------------------------------------+-------+
; Statistic                                    ; Value ;
+----------------------------------------------+-------+
; Total registers                              ; 0     ;
; Number of registers using Synchronous Clear  ; 0     ;
; Number of registers using Synchronous Load   ; 0     ;
; Number of registers using Asynchronous Clear ; 0     ;
; Number of registers using Asynchronous Load  ; 0     ;
; Number of registers using Clock Enable       ; 0     ;
; Number of registers using Preset             ; 0     ;
+----------------------------------------------+-------+


+-------------------------------+
; Elapsed Time Per Partition    ;
+----------------+--------------+
; Partition Name ; Elapsed Time ;
+----------------+--------------+
; Top            ; 00:00:00     ;
+----------------+--------------+


+-------------------------------+
; Analysis & Synthesis Messages ;
+-------------------------------+
Info: *******************************************************************
Info: Running Quartus II 64-Bit Analysis & Synthesis
    Info: Version 13.0.1 Build 232 06/12/2013 Service Pack 1 SJ Web Edition
    Info: Processing started: Fri May 05 10:14:08 2023
Info: Command: quartus_map --read_settings_files=on --write_settings_files=off NHAN4BIT -c NHAN4BIT
Warning (20028): Parallel compilation is not licensed and has been disabled
Info (12021): Found 1 design units, including 1 entities, in source file /thiet_ke_luan_ly_so/stack32x8bit/mux_4_1.bdf
    Info (12023): Found entity 1: MUX_4_1
Info (12021): Found 1 design units, including 1 entities, in source file /thiet_ke_luan_ly_so/lab3/alu/mux2_16bit.bdf
    Info (12023): Found entity 1: MUX2_16BIT
Info (12021): Found 1 design units, including 1 entities, in source file /thiet_ke_luan_ly_so/lab3/alu/mux2_4bit.bdf
    Info (12023): Found entity 1: MUX2_4BIT
Info (12021): Found 1 design units, including 1 entities, in source file /thiet_ke_luan_ly_so/lab3/alu/mux_2_1.bdf
    Info (12023): Found entity 1: MUX_2_1
Info (12021): Found 1 design units, including 1 entities, in source file /thiet_ke_luan_ly_so/lab3/alu/lus.bdf
    Info (12023): Found entity 1: LUS
Info (12021): Found 1 design units, including 1 entities, in source file /thiet_ke_luan_ly_so/lab3/alu/lu.bdf
    Info (12023): Found entity 1: LU
Info (12021): Found 1 design units, including 1 entities, in source file /thiet_ke_luan_ly_so/lab3/alu/fas.bdf
    Info (12023): Found entity 1: FAS
Info (12021): Found 1 design units, including 1 entities, in source file /thiet_ke_luan_ly_so/lab3/alu/fa.bdf
    Info (12023): Found entity 1: FA
Info (12021): Found 1 design units, including 1 entities, in source file /thiet_ke_luan_ly_so/lab3/alu/au.bdf
    Info (12023): Found entity 1: AU
Info (12021): Found 1 design units, including 1 entities, in source file /thiet_ke_luan_ly_so/lab3/alu/alu.bdf
    Info (12023): Found entity 1: ALU
Info (12021): Found 1 design units, including 1 entities, in source file shift_1.bdf
    Info (12023): Found entity 1: SHIFT_1
Info (12021): Found 1 design units, including 1 entities, in source file shift_2.bdf
    Info (12023): Found entity 1: SHIFT_2
Info (12021): Found 1 design units, including 1 entities, in source file shift_3.bdf
    Info (12023): Found entity 1: SHIFT_3
Info (12021): Found 1 design units, including 1 entities, in source file nhan4bit.bdf
    Info (12023): Found entity 1: NHAN4BIT
Info (12127): Elaborating entity "NHAN4BIT" for the top level hierarchy
Info (12128): Elaborating entity "ALU" for hierarchy "ALU:inst4"
Info (12128): Elaborating entity "MUX2_16BIT" for hierarchy "ALU:inst4|MUX2_16BIT:inst5"
Info (12128): Elaborating entity "MUX2_4BIT" for hierarchy "ALU:inst4|MUX2_16BIT:inst5|MUX2_4BIT:inst"
Info (12128): Elaborating entity "MUX_2_1" for hierarchy "ALU:inst4|MUX2_16BIT:inst5|MUX2_4BIT:inst|MUX_2_1:inst"
Info (12128): Elaborating entity "AU" for hierarchy "ALU:inst4|AU:inst"
Info (12128): Elaborating entity "FAS" for hierarchy "ALU:inst4|AU:inst|FAS:inst15"
Info (12128): Elaborating entity "FA" for hierarchy "ALU:inst4|AU:inst|FAS:inst15|FA:inst01"
Info (12128): Elaborating entity "MUX_4_1" for hierarchy "ALU:inst4|AU:inst|FAS:inst15|MUX_4_1:inst0"
Info (12128): Elaborating entity "LU" for hierarchy "ALU:inst4|LU:inst3"
Info (12128): Elaborating entity "LUS" for hierarchy "ALU:inst4|LU:inst3|LUS:inst"
Info (12128): Elaborating entity "SHIFT_1" for hierarchy "SHIFT_1:inst"
Info (12128): Elaborating entity "SHIFT_2" for hierarchy "SHIFT_2:inst16"
Info (12128): Elaborating entity "SHIFT_3" for hierarchy "SHIFT_3:inst17"
Warning (13024): Output pins are stuck at VCC or GND
    Warning (13410): Pin "F0[15]" is stuck at GND
    Warning (13410): Pin "F0[14]" is stuck at GND
    Warning (13410): Pin "F0[13]" is stuck at GND
    Warning (13410): Pin "F0[12]" is stuck at GND
    Warning (13410): Pin "F0[11]" is stuck at GND
    Warning (13410): Pin "F0[10]" is stuck at GND
    Warning (13410): Pin "F0[9]" is stuck at GND
    Warning (13410): Pin "F0[8]" is stuck at GND
    Warning (13410): Pin "F0[7]" is stuck at GND
    Warning (13410): Pin "F0[6]" is stuck at GND
    Warning (13410): Pin "F1[15]" is stuck at GND
    Warning (13410): Pin "F1[14]" is stuck at GND
    Warning (13410): Pin "F1[13]" is stuck at GND
    Warning (13410): Pin "F1[12]" is stuck at GND
    Warning (13410): Pin "F1[11]" is stuck at GND
    Warning (13410): Pin "F1[10]" is stuck at GND
    Warning (13410): Pin "F1[9]" is stuck at GND
    Warning (13410): Pin "F1[8]" is stuck at GND
    Warning (13410): Pin "F1[1]" is stuck at GND
    Warning (13410): Pin "F1[0]" is stuck at GND
    Warning (13410): Pin "S[15]" is stuck at GND
    Warning (13410): Pin "S[14]" is stuck at GND
    Warning (13410): Pin "S[13]" is stuck at GND
    Warning (13410): Pin "S[12]" is stuck at GND
    Warning (13410): Pin "S[11]" is stuck at GND
    Warning (13410): Pin "S[10]" is stuck at GND
    Warning (13410): Pin "S[9]" is stuck at GND
    Warning (13410): Pin "S[8]" is stuck at GND
Info (16010): Generating hard_block partition "hard_block:auto_generated_inst"
    Info (16011): Adding 0 node(s), including 0 DDIO, 0 PLL, 0 transceiver and 0 LCELL
Info (21057): Implemented 89 device resources after synthesis - the final resource count might be different
    Info (21058): Implemented 8 input pins
    Info (21059): Implemented 48 output pins
    Info (21061): Implemented 33 logic cells
Info: Quartus II 64-Bit Analysis & Synthesis was successful. 0 errors, 30 warnings
    Info: Peak virtual memory: 4599 megabytes
    Info: Processing ended: Fri May 05 10:14:11 2023
    Info: Elapsed time: 00:00:03
    Info: Total CPU time (on all processors): 00:00:02


