TimeQuest Timing Analyzer report for NHAN4BIT
Thu Apr 20 09:20:55 2023
Quartus II 64-Bit Version 13.0.1 Build 232 06/12/2013 Service Pack 1 SJ Web Edition


---------------------
; Table of Contents ;
---------------------
  1. Legal Notice
  2. TimeQuest Timing Analyzer Summary
  3. Parallel Compilation
  4. Clocks
  5. Slow Model Fmax Summary
  6. Slow Model Setup Summary
  7. Slow Model Hold Summary
  8. Slow Model Recovery Summary
  9. Slow Model Removal Summary
 10. Slow Model Minimum Pulse Width Summary
 11. Propagation Delay
 12. Minimum Propagation Delay
 13. Fast Model Setup Summary
 14. Fast Model Hold Summary
 15. Fast Model Recovery Summary
 16. Fast Model Removal Summary
 17. Fast Model Minimum Pulse Width Summary
 18. Propagation Delay
 19. Minimum Propagation Delay
 20. Multicorner Timing Analysis Summary
 21. Progagation Delay
 22. Minimum Progagation Delay
 23. Clock Transfers
 24. Report TCCS
 25. Report RSKM
 26. Unconstrained Paths
 27. TimeQuest Timing Analyzer Messages



----------------
; Legal Notice ;
----------------
Copyright (C) 1991-2013 Altera Corporation
Your use of Altera Corporation's design tools, logic functions 
and other software and tools, and its AMPP partner logic 
functions, and any output files from any of the foregoing 
(including device programming or simulation files), and any 
associated documentation or information are expressly subject 
to the terms and conditions of the Altera Program License 
Subscription Agreement, Altera MegaCore Function License 
Agreement, or other applicable license agreement, including, 
without limitation, that your use is for the sole purpose of 
programming logic devices manufactured by Altera and sold by 
Altera or its authorized distributors.  Please refer to the 
applicable agreement for further details.



+----------------------------------------------------------------------------------------+
; TimeQuest Timing Analyzer Summary                                                      ;
+--------------------+-------------------------------------------------------------------+
; Quartus II Version ; Version 13.0.1 Build 232 06/12/2013 Service Pack 1 SJ Web Edition ;
; Revision Name      ; NHAN4BIT                                                          ;
; Device Family      ; Cyclone II                                                        ;
; Device Name        ; EP2C35F672C6                                                      ;
; Timing Models      ; Final                                                             ;
; Delay Model        ; Combined                                                          ;
; Rise/Fall Delays   ; Unavailable                                                       ;
+--------------------+-------------------------------------------------------------------+


Parallel compilation was disabled, but you have multiple processors available. Enable parallel compilation to reduce compilation time.
+-------------------------------------+
; Parallel Compilation                ;
+----------------------------+--------+
; Processors                 ; Number ;
+----------------------------+--------+
; Number detected on machine ; 12     ;
; Maximum allowed            ; 1      ;
+----------------------------+--------+


----------
; Clocks ;
----------
No clocks to report.


---------------------------
; Slow Model Fmax Summary ;
---------------------------
No paths to report.


----------------------------
; Slow Model Setup Summary ;
----------------------------
No paths to report.


---------------------------
; Slow Model Hold Summary ;
---------------------------
No paths to report.


-------------------------------
; Slow Model Recovery Summary ;
-------------------------------
No paths to report.


------------------------------
; Slow Model Removal Summary ;
------------------------------
No paths to report.


------------------------------------------
; Slow Model Minimum Pulse Width Summary ;
------------------------------------------
No paths to report.


+--------------------------------------------------------------+
; Propagation Delay                                            ;
+------------+-------------+--------+--------+--------+--------+
; Input Port ; Output Port ; RR     ; RF     ; FR     ; FF     ;
+------------+-------------+--------+--------+--------+--------+
; IN0[0]     ; F0[0]       ; 6.449  ;        ;        ; 6.449  ;
; IN0[0]     ; F0[1]       ; 7.020  ; 7.020  ; 7.020  ; 7.020  ;
; IN0[0]     ; F0[2]       ; 7.684  ; 7.684  ; 7.684  ; 7.684  ;
; IN0[0]     ; F0[3]       ; 7.588  ; 7.588  ; 7.588  ; 7.588  ;
; IN0[0]     ; F0[4]       ; 8.596  ; 8.596  ; 8.596  ; 8.596  ;
; IN0[0]     ; F0[5]       ; 8.510  ;        ;        ; 8.510  ;
; IN0[0]     ; F1[2]       ; 6.607  ;        ;        ; 6.607  ;
; IN0[0]     ; F1[3]       ; 6.781  ; 6.781  ; 6.781  ; 6.781  ;
; IN0[0]     ; F1[4]       ; 7.998  ; 7.998  ; 7.998  ; 7.998  ;
; IN0[0]     ; F1[5]       ; 6.946  ; 6.946  ; 6.946  ; 6.946  ;
; IN0[0]     ; F1[6]       ; 8.443  ; 8.443  ; 8.443  ; 8.443  ;
; IN0[0]     ; F1[7]       ; 8.455  ;        ;        ; 8.455  ;
; IN0[0]     ; S[0]        ; 6.909  ;        ;        ; 6.909  ;
; IN0[0]     ; S[1]        ; 7.036  ; 7.036  ; 7.036  ; 7.036  ;
; IN0[0]     ; S[2]        ; 8.035  ; 8.035  ; 8.035  ; 8.035  ;
; IN0[0]     ; S[3]        ; 8.330  ; 8.330  ; 8.330  ; 8.330  ;
; IN0[0]     ; S[4]        ; 9.395  ; 9.395  ; 9.395  ; 9.395  ;
; IN0[0]     ; S[5]        ; 9.810  ; 9.810  ; 9.810  ; 9.810  ;
; IN0[0]     ; S[6]        ; 10.519 ; 10.519 ; 10.519 ; 10.519 ;
; IN0[0]     ; S[7]        ; 12.228 ; 12.228 ; 12.228 ; 12.228 ;
; IN0[1]     ; F0[1]       ; 6.735  ; 6.735  ; 6.735  ; 6.735  ;
; IN0[1]     ; F0[2]       ; 7.539  ; 7.539  ; 7.539  ; 7.539  ;
; IN0[1]     ; F0[3]       ; 8.001  ; 8.001  ; 8.001  ; 8.001  ;
; IN0[1]     ; F0[4]       ; 9.009  ; 9.009  ; 9.009  ; 9.009  ;
; IN0[1]     ; F0[5]       ; 8.923  ;        ;        ; 8.923  ;
; IN0[1]     ; F1[3]       ; 6.493  ; 6.493  ; 6.493  ; 6.493  ;
; IN0[1]     ; F1[4]       ; 7.742  ; 7.742  ; 7.742  ; 7.742  ;
; IN0[1]     ; F1[5]       ; 7.570  ; 7.570  ; 7.570  ; 7.570  ;
; IN0[1]     ; F1[6]       ; 9.072  ; 9.072  ; 9.072  ; 9.072  ;
; IN0[1]     ; F1[7]       ; 9.084  ;        ;        ; 9.084  ;
; IN0[1]     ; S[1]        ; 6.751  ; 6.751  ; 6.751  ; 6.751  ;
; IN0[1]     ; S[2]        ; 7.890  ; 7.890  ; 7.890  ; 7.890  ;
; IN0[1]     ; S[3]        ; 8.743  ; 8.743  ; 8.743  ; 8.743  ;
; IN0[1]     ; S[4]        ; 9.808  ; 9.808  ; 9.808  ; 9.808  ;
; IN0[1]     ; S[5]        ; 10.223 ; 10.223 ; 10.223 ; 10.223 ;
; IN0[1]     ; S[6]        ; 10.932 ; 10.932 ; 10.932 ; 10.932 ;
; IN0[1]     ; S[7]        ; 12.641 ; 12.641 ; 12.641 ; 12.641 ;
; IN0[2]     ; F0[2]       ; 6.628  ; 6.628  ; 6.628  ; 6.628  ;
; IN0[2]     ; F0[3]       ; 7.050  ; 7.050  ; 7.050  ; 7.050  ;
; IN0[2]     ; F0[4]       ; 8.058  ; 8.058  ; 8.058  ; 8.058  ;
; IN0[2]     ; F0[5]       ; 7.972  ;        ;        ; 7.972  ;
; IN0[2]     ; F1[4]       ; 7.188  ; 7.188  ; 7.188  ; 7.188  ;
; IN0[2]     ; F1[5]       ; 7.138  ; 7.138  ; 7.138  ; 7.138  ;
; IN0[2]     ; F1[6]       ; 7.922  ; 7.922  ; 7.922  ; 7.922  ;
; IN0[2]     ; F1[7]       ; 7.934  ;        ;        ; 7.934  ;
; IN0[2]     ; S[2]        ; 6.979  ; 6.979  ; 6.979  ; 6.979  ;
; IN0[2]     ; S[3]        ; 7.792  ; 7.792  ; 7.792  ; 7.792  ;
; IN0[2]     ; S[4]        ; 8.857  ; 8.857  ; 8.857  ; 8.857  ;
; IN0[2]     ; S[5]        ; 9.272  ; 9.272  ; 9.272  ; 9.272  ;
; IN0[2]     ; S[6]        ; 9.981  ; 9.981  ; 9.981  ; 9.981  ;
; IN0[2]     ; S[7]        ; 11.690 ; 11.690 ; 11.690 ; 11.690 ;
; IN0[3]     ; F0[3]       ; 7.643  ; 7.643  ; 7.643  ; 7.643  ;
; IN0[3]     ; F0[4]       ; 8.648  ; 8.648  ; 8.648  ; 8.648  ;
; IN0[3]     ; F0[5]       ; 8.562  ;        ;        ; 8.562  ;
; IN0[3]     ; F1[5]       ; 6.984  ; 6.984  ; 6.984  ; 6.984  ;
; IN0[3]     ; F1[6]       ; 7.746  ; 7.746  ; 7.746  ; 7.746  ;
; IN0[3]     ; F1[7]       ; 7.758  ;        ;        ; 7.758  ;
; IN0[3]     ; S[3]        ; 8.385  ; 8.385  ; 8.385  ; 8.385  ;
; IN0[3]     ; S[4]        ; 9.447  ; 9.447  ; 9.447  ; 9.447  ;
; IN0[3]     ; S[5]        ; 9.862  ; 9.862  ; 9.862  ; 9.862  ;
; IN0[3]     ; S[6]        ; 10.571 ; 10.571 ; 10.571 ; 10.571 ;
; IN0[3]     ; S[7]        ; 12.280 ; 12.280 ; 12.280 ; 12.280 ;
; IN1[0]     ; F0[0]       ; 6.350  ;        ;        ; 6.350  ;
; IN1[0]     ; F0[1]       ; 6.783  ; 6.783  ; 6.783  ; 6.783  ;
; IN1[0]     ; F0[2]       ; 7.558  ; 7.558  ; 7.558  ; 7.558  ;
; IN1[0]     ; F0[3]       ; 8.034  ; 8.034  ; 8.034  ; 8.034  ;
; IN1[0]     ; F0[4]       ; 9.042  ; 9.042  ; 9.042  ; 9.042  ;
; IN1[0]     ; F0[5]       ; 8.956  ;        ;        ; 8.956  ;
; IN1[0]     ; S[0]        ; 6.810  ;        ;        ; 6.810  ;
; IN1[0]     ; S[1]        ; 6.799  ; 6.799  ; 6.799  ; 6.799  ;
; IN1[0]     ; S[2]        ; 7.909  ; 7.909  ; 7.909  ; 7.909  ;
; IN1[0]     ; S[3]        ; 8.776  ; 8.776  ; 8.776  ; 8.776  ;
; IN1[0]     ; S[4]        ; 9.841  ; 9.841  ; 9.841  ; 9.841  ;
; IN1[0]     ; S[5]        ; 10.256 ; 10.256 ; 10.256 ; 10.256 ;
; IN1[0]     ; S[6]        ; 10.965 ; 10.965 ; 10.965 ; 10.965 ;
; IN1[0]     ; S[7]        ; 12.674 ; 12.674 ; 12.674 ; 12.674 ;
; IN1[1]     ; F0[1]       ; 6.496  ; 6.496  ; 6.496  ; 6.496  ;
; IN1[1]     ; F0[2]       ; 6.639  ; 6.639  ; 6.639  ; 6.639  ;
; IN1[1]     ; F0[3]       ; 7.063  ; 7.063  ; 7.063  ; 7.063  ;
; IN1[1]     ; F0[4]       ; 8.071  ; 8.071  ; 8.071  ; 8.071  ;
; IN1[1]     ; F0[5]       ; 7.985  ;        ;        ; 7.985  ;
; IN1[1]     ; S[1]        ; 6.512  ; 6.512  ; 6.512  ; 6.512  ;
; IN1[1]     ; S[2]        ; 6.990  ; 6.990  ; 6.990  ; 6.990  ;
; IN1[1]     ; S[3]        ; 7.805  ; 7.805  ; 7.805  ; 7.805  ;
; IN1[1]     ; S[4]        ; 8.870  ; 8.870  ; 8.870  ; 8.870  ;
; IN1[1]     ; S[5]        ; 9.285  ; 9.285  ; 9.285  ; 9.285  ;
; IN1[1]     ; S[6]        ; 9.994  ; 9.994  ; 9.994  ; 9.994  ;
; IN1[1]     ; S[7]        ; 11.703 ; 11.703 ; 11.703 ; 11.703 ;
; IN1[2]     ; F1[2]       ; 6.304  ;        ;        ; 6.304  ;
; IN1[2]     ; F1[3]       ; 6.481  ; 6.481  ; 6.481  ; 6.481  ;
; IN1[2]     ; F1[4]       ; 7.720  ; 7.720  ; 7.720  ; 7.720  ;
; IN1[2]     ; F1[5]       ; 7.546  ; 7.546  ; 7.546  ; 7.546  ;
; IN1[2]     ; F1[6]       ; 9.048  ; 9.048  ; 9.048  ; 9.048  ;
; IN1[2]     ; F1[7]       ; 9.060  ;        ;        ; 9.060  ;
; IN1[2]     ; S[2]        ; 6.493  ; 6.493  ; 6.493  ; 6.493  ;
; IN1[2]     ; S[3]        ; 7.186  ; 7.186  ; 7.186  ; 7.186  ;
; IN1[2]     ; S[4]        ; 8.227  ; 8.227  ; 8.227  ; 8.227  ;
; IN1[2]     ; S[5]        ; 8.638  ; 8.638  ; 8.638  ; 8.638  ;
; IN1[2]     ; S[6]        ; 9.347  ; 9.347  ; 9.347  ; 9.347  ;
; IN1[2]     ; S[7]        ; 11.056 ; 11.056 ; 11.056 ; 11.056 ;
; IN1[3]     ; F1[3]       ; 7.524  ; 7.524  ; 7.524  ; 7.524  ;
; IN1[3]     ; F1[4]       ; 8.740  ; 8.740  ; 8.740  ; 8.740  ;
; IN1[3]     ; F1[5]       ; 8.571  ; 8.571  ; 8.571  ; 8.571  ;
; IN1[3]     ; F1[6]       ; 10.073 ; 10.073 ; 10.073 ; 10.073 ;
; IN1[3]     ; F1[7]       ; 10.085 ;        ;        ; 10.085 ;
; IN1[3]     ; S[3]        ; 8.229  ; 8.229  ; 8.229  ; 8.229  ;
; IN1[3]     ; S[4]        ; 9.270  ; 9.270  ; 9.270  ; 9.270  ;
; IN1[3]     ; S[5]        ; 9.681  ; 9.681  ; 9.681  ; 9.681  ;
; IN1[3]     ; S[6]        ; 10.390 ; 10.390 ; 10.390 ; 10.390 ;
; IN1[3]     ; S[7]        ; 12.099 ; 12.099 ; 12.099 ; 12.099 ;
+------------+-------------+--------+--------+--------+--------+


+--------------------------------------------------------------+
; Minimum Propagation Delay                                    ;
+------------+-------------+--------+--------+--------+--------+
; Input Port ; Output Port ; RR     ; RF     ; FR     ; FF     ;
+------------+-------------+--------+--------+--------+--------+
; IN0[0]     ; F0[0]       ; 6.449  ;        ;        ; 6.449  ;
; IN0[0]     ; F0[1]       ; 7.020  ; 7.020  ; 7.020  ; 7.020  ;
; IN0[0]     ; F0[2]       ; 7.684  ; 7.684  ; 7.684  ; 7.684  ;
; IN0[0]     ; F0[3]       ; 7.588  ; 7.588  ; 7.588  ; 7.588  ;
; IN0[0]     ; F0[4]       ; 8.596  ; 8.596  ; 8.596  ; 8.596  ;
; IN0[0]     ; F0[5]       ; 8.510  ;        ;        ; 8.510  ;
; IN0[0]     ; F1[2]       ; 6.607  ;        ;        ; 6.607  ;
; IN0[0]     ; F1[3]       ; 6.781  ; 6.781  ; 6.781  ; 6.781  ;
; IN0[0]     ; F1[4]       ; 7.998  ; 7.998  ; 7.998  ; 7.998  ;
; IN0[0]     ; F1[5]       ; 6.946  ; 6.946  ; 6.946  ; 6.946  ;
; IN0[0]     ; F1[6]       ; 8.443  ; 8.443  ; 8.443  ; 8.443  ;
; IN0[0]     ; F1[7]       ; 8.455  ;        ;        ; 8.455  ;
; IN0[0]     ; S[0]        ; 6.909  ;        ;        ; 6.909  ;
; IN0[0]     ; S[1]        ; 7.036  ; 7.036  ; 7.036  ; 7.036  ;
; IN0[0]     ; S[2]        ; 6.797  ; 6.797  ; 6.797  ; 6.797  ;
; IN0[0]     ; S[3]        ; 7.341  ; 7.341  ; 7.341  ; 7.341  ;
; IN0[0]     ; S[4]        ; 8.017  ; 8.017  ; 8.017  ; 8.017  ;
; IN0[0]     ; S[5]        ; 7.723  ; 7.723  ; 7.723  ; 7.723  ;
; IN0[0]     ; S[6]        ; 8.269  ; 8.269  ; 8.269  ; 8.269  ;
; IN0[0]     ; S[7]        ; 9.977  ; 10.139 ; 10.139 ; 9.977  ;
; IN0[1]     ; F0[1]       ; 6.735  ; 6.735  ; 6.735  ; 6.735  ;
; IN0[1]     ; F0[2]       ; 7.539  ; 7.539  ; 7.539  ; 7.539  ;
; IN0[1]     ; F0[3]       ; 8.001  ; 8.001  ; 8.001  ; 8.001  ;
; IN0[1]     ; F0[4]       ; 9.009  ; 9.009  ; 9.009  ; 9.009  ;
; IN0[1]     ; F0[5]       ; 8.923  ;        ;        ; 8.923  ;
; IN0[1]     ; F1[3]       ; 6.493  ; 6.493  ; 6.493  ; 6.493  ;
; IN0[1]     ; F1[4]       ; 7.713  ; 7.713  ; 7.713  ; 7.713  ;
; IN0[1]     ; F1[5]       ; 7.570  ; 7.570  ; 7.570  ; 7.570  ;
; IN0[1]     ; F1[6]       ; 9.072  ; 9.072  ; 9.072  ; 9.072  ;
; IN0[1]     ; F1[7]       ; 9.084  ;        ;        ; 9.084  ;
; IN0[1]     ; S[1]        ; 6.751  ; 6.751  ; 6.751  ; 6.751  ;
; IN0[1]     ; S[2]        ; 7.890  ; 7.890  ; 7.890  ; 7.890  ;
; IN0[1]     ; S[3]        ; 7.198  ; 7.198  ; 7.198  ; 7.198  ;
; IN0[1]     ; S[4]        ; 7.723  ; 7.723  ; 7.723  ; 7.723  ;
; IN0[1]     ; S[5]        ; 8.140  ; 8.140  ; 8.140  ; 8.140  ;
; IN0[1]     ; S[6]        ; 8.849  ; 8.849  ; 8.849  ; 8.849  ;
; IN0[1]     ; S[7]        ; 10.558 ; 10.558 ; 10.558 ; 10.558 ;
; IN0[2]     ; F0[2]       ; 6.628  ; 6.628  ; 6.628  ; 6.628  ;
; IN0[2]     ; F0[3]       ; 6.376  ; 6.376  ; 6.376  ; 6.376  ;
; IN0[2]     ; F0[4]       ; 7.379  ; 7.379  ; 7.379  ; 7.379  ;
; IN0[2]     ; F0[5]       ; 7.293  ;        ;        ; 7.293  ;
; IN0[2]     ; F1[4]       ; 7.188  ; 7.188  ; 7.188  ; 7.188  ;
; IN0[2]     ; F1[5]       ; 6.421  ; 6.421  ; 6.421  ; 6.421  ;
; IN0[2]     ; F1[6]       ; 7.233  ; 7.233  ; 7.233  ; 7.233  ;
; IN0[2]     ; F1[7]       ; 7.245  ;        ;        ; 7.245  ;
; IN0[2]     ; S[2]        ; 6.979  ; 6.979  ; 6.979  ; 6.979  ;
; IN0[2]     ; S[3]        ; 6.983  ; 6.983  ; 6.983  ; 6.983  ;
; IN0[2]     ; S[4]        ; 7.198  ; 7.198  ; 7.198  ; 7.198  ;
; IN0[2]     ; S[5]        ; 7.202  ; 7.202  ; 7.202  ; 7.202  ;
; IN0[2]     ; S[6]        ; 7.059  ; 7.059  ; 7.059  ; 7.059  ;
; IN0[2]     ; S[7]        ; 8.767  ; 9.618  ; 9.618  ; 8.767  ;
; IN0[3]     ; F0[3]       ; 7.643  ; 7.643  ; 7.643  ; 7.643  ;
; IN0[3]     ; F0[4]       ; 6.397  ; 6.397  ; 6.397  ; 6.397  ;
; IN0[3]     ; F0[5]       ; 6.287  ;        ;        ; 6.287  ;
; IN0[3]     ; F1[5]       ; 6.984  ; 6.984  ; 6.984  ; 6.984  ;
; IN0[3]     ; F1[6]       ; 6.358  ; 6.358  ; 6.358  ; 6.358  ;
; IN0[3]     ; F1[7]       ; 6.366  ;        ;        ; 6.366  ;
; IN0[3]     ; S[3]        ; 8.385  ; 8.385  ; 8.385  ; 8.385  ;
; IN0[3]     ; S[4]        ; 7.196  ; 7.196  ; 7.196  ; 7.196  ;
; IN0[3]     ; S[5]        ; 7.029  ; 7.029  ; 7.029  ; 7.029  ;
; IN0[3]     ; S[6]        ; 6.494  ; 6.494  ; 6.494  ; 6.494  ;
; IN0[3]     ; S[7]        ; 8.204  ; 9.510  ; 9.510  ; 8.204  ;
; IN1[0]     ; F0[0]       ; 6.350  ;        ;        ; 6.350  ;
; IN1[0]     ; F0[1]       ; 6.783  ; 6.783  ; 6.783  ; 6.783  ;
; IN1[0]     ; F0[2]       ; 6.927  ; 6.927  ; 6.927  ; 6.927  ;
; IN1[0]     ; F0[3]       ; 7.615  ; 7.615  ; 7.615  ; 7.615  ;
; IN1[0]     ; F0[4]       ; 8.620  ; 8.620  ; 8.620  ; 8.620  ;
; IN1[0]     ; F0[5]       ; 8.534  ;        ;        ; 8.534  ;
; IN1[0]     ; S[0]        ; 6.810  ;        ;        ; 6.810  ;
; IN1[0]     ; S[1]        ; 6.799  ; 6.799  ; 6.799  ; 6.799  ;
; IN1[0]     ; S[2]        ; 7.278  ; 7.278  ; 7.278  ; 7.278  ;
; IN1[0]     ; S[3]        ; 7.282  ; 7.282  ; 7.282  ; 7.282  ;
; IN1[0]     ; S[4]        ; 8.323  ; 8.323  ; 8.323  ; 8.323  ;
; IN1[0]     ; S[5]        ; 8.734  ; 8.734  ; 8.734  ; 8.734  ;
; IN1[0]     ; S[6]        ; 9.443  ; 9.443  ; 9.443  ; 9.443  ;
; IN1[0]     ; S[7]        ; 11.152 ; 11.152 ; 11.152 ; 11.152 ;
; IN1[1]     ; F0[1]       ; 6.496  ; 6.496  ; 6.496  ; 6.496  ;
; IN1[1]     ; F0[2]       ; 6.639  ; 6.639  ; 6.639  ; 6.639  ;
; IN1[1]     ; F0[3]       ; 6.387  ; 6.387  ; 6.387  ; 6.387  ;
; IN1[1]     ; F0[4]       ; 6.512  ; 6.512  ; 6.512  ; 6.512  ;
; IN1[1]     ; F0[5]       ; 6.424  ;        ;        ; 6.424  ;
; IN1[1]     ; S[1]        ; 6.512  ; 6.512  ; 6.512  ; 6.512  ;
; IN1[1]     ; S[2]        ; 6.990  ; 6.990  ; 6.990  ; 6.990  ;
; IN1[1]     ; S[3]        ; 6.994  ; 6.994  ; 6.994  ; 6.994  ;
; IN1[1]     ; S[4]        ; 7.311  ; 7.311  ; 7.311  ; 7.311  ;
; IN1[1]     ; S[5]        ; 7.166  ; 7.166  ; 7.166  ; 7.166  ;
; IN1[1]     ; S[6]        ; 7.880  ; 7.880  ; 7.880  ; 7.880  ;
; IN1[1]     ; S[7]        ; 9.589  ; 10.144 ; 10.144 ; 9.589  ;
; IN1[2]     ; F1[2]       ; 6.304  ;        ;        ; 6.304  ;
; IN1[2]     ; F1[3]       ; 6.481  ; 6.481  ; 6.481  ; 6.481  ;
; IN1[2]     ; F1[4]       ; 7.418  ; 7.418  ; 7.418  ; 7.418  ;
; IN1[2]     ; F1[5]       ; 7.067  ; 7.067  ; 7.067  ; 7.067  ;
; IN1[2]     ; F1[6]       ; 7.513  ; 7.513  ; 7.513  ; 7.513  ;
; IN1[2]     ; F1[7]       ; 7.525  ;        ;        ; 7.525  ;
; IN1[2]     ; S[2]        ; 6.493  ; 6.493  ; 6.493  ; 6.493  ;
; IN1[2]     ; S[3]        ; 7.038  ; 7.038  ; 7.038  ; 7.038  ;
; IN1[2]     ; S[4]        ; 7.428  ; 7.428  ; 7.428  ; 7.428  ;
; IN1[2]     ; S[5]        ; 7.175  ; 7.175  ; 7.175  ; 7.175  ;
; IN1[2]     ; S[6]        ; 7.339  ; 7.339  ; 7.339  ; 7.339  ;
; IN1[2]     ; S[7]        ; 9.047  ; 9.593  ; 9.593  ; 9.047  ;
; IN1[3]     ; F1[3]       ; 7.524  ; 7.524  ; 7.524  ; 7.524  ;
; IN1[3]     ; F1[4]       ; 8.466  ; 8.466  ; 8.466  ; 8.466  ;
; IN1[3]     ; F1[5]       ; 8.445  ; 8.445  ; 8.445  ; 8.445  ;
; IN1[3]     ; F1[6]       ; 7.817  ; 7.817  ; 7.817  ; 7.817  ;
; IN1[3]     ; F1[7]       ; 7.825  ;        ;        ; 7.825  ;
; IN1[3]     ; S[3]        ; 8.229  ; 8.229  ; 8.229  ; 8.229  ;
; IN1[3]     ; S[4]        ; 8.476  ; 8.476  ; 8.476  ; 8.476  ;
; IN1[3]     ; S[5]        ; 8.553  ; 8.553  ; 8.553  ; 8.553  ;
; IN1[3]     ; S[6]        ; 7.777  ; 7.777  ; 7.777  ; 7.777  ;
; IN1[3]     ; S[7]        ; 9.486  ; 10.971 ; 10.971 ; 9.486  ;
+------------+-------------+--------+--------+--------+--------+


----------------------------
; Fast Model Setup Summary ;
----------------------------
No paths to report.


---------------------------
; Fast Model Hold Summary ;
---------------------------
No paths to report.


-------------------------------
; Fast Model Recovery Summary ;
-------------------------------
No paths to report.


------------------------------
; Fast Model Removal Summary ;
------------------------------
No paths to report.


------------------------------------------
; Fast Model Minimum Pulse Width Summary ;
------------------------------------------
No paths to report.


+----------------------------------------------------------+
; Propagation Delay                                        ;
+------------+-------------+-------+-------+-------+-------+
; Input Port ; Output Port ; RR    ; RF    ; FR    ; FF    ;
+------------+-------------+-------+-------+-------+-------+
; IN0[0]     ; F0[0]       ; 3.398 ;       ;       ; 3.398 ;
; IN0[0]     ; F0[1]       ; 3.599 ; 3.599 ; 3.599 ; 3.599 ;
; IN0[0]     ; F0[2]       ; 3.915 ; 3.915 ; 3.915 ; 3.915 ;
; IN0[0]     ; F0[3]       ; 3.904 ; 3.904 ; 3.904 ; 3.904 ;
; IN0[0]     ; F0[4]       ; 4.290 ; 4.290 ; 4.290 ; 4.290 ;
; IN0[0]     ; F0[5]       ; 4.315 ;       ;       ; 4.315 ;
; IN0[0]     ; F1[2]       ; 3.465 ;       ;       ; 3.465 ;
; IN0[0]     ; F1[3]       ; 3.509 ; 3.509 ; 3.509 ; 3.509 ;
; IN0[0]     ; F1[4]       ; 4.074 ; 4.074 ; 4.074 ; 4.074 ;
; IN0[0]     ; F1[5]       ; 3.546 ; 3.546 ; 3.546 ; 3.546 ;
; IN0[0]     ; F1[6]       ; 4.240 ; 4.240 ; 4.240 ; 4.240 ;
; IN0[0]     ; F1[7]       ; 4.257 ;       ;       ; 4.257 ;
; IN0[0]     ; S[0]        ; 3.616 ;       ;       ; 3.616 ;
; IN0[0]     ; S[1]        ; 3.658 ; 3.658 ; 3.658 ; 3.658 ;
; IN0[0]     ; S[2]        ; 4.042 ; 4.042 ; 4.042 ; 4.042 ;
; IN0[0]     ; S[3]        ; 4.212 ; 4.212 ; 4.212 ; 4.212 ;
; IN0[0]     ; S[4]        ; 4.685 ; 4.685 ; 4.685 ; 4.685 ;
; IN0[0]     ; S[5]        ; 4.860 ; 4.860 ; 4.860 ; 4.860 ;
; IN0[0]     ; S[6]        ; 5.151 ; 5.151 ; 5.151 ; 5.151 ;
; IN0[0]     ; S[7]        ; 5.930 ; 5.930 ; 5.930 ; 5.930 ;
; IN0[1]     ; F0[1]       ; 3.474 ; 3.474 ; 3.474 ; 3.474 ;
; IN0[1]     ; F0[2]       ; 3.864 ; 3.864 ; 3.864 ; 3.864 ;
; IN0[1]     ; F0[3]       ; 4.073 ; 4.073 ; 4.073 ; 4.073 ;
; IN0[1]     ; F0[4]       ; 4.459 ; 4.459 ; 4.459 ; 4.459 ;
; IN0[1]     ; F0[5]       ; 4.484 ;       ;       ; 4.484 ;
; IN0[1]     ; F1[3]       ; 3.383 ; 3.383 ; 3.383 ; 3.383 ;
; IN0[1]     ; F1[4]       ; 3.949 ; 3.949 ; 3.949 ; 3.949 ;
; IN0[1]     ; F1[5]       ; 3.827 ; 3.827 ; 3.827 ; 3.827 ;
; IN0[1]     ; F1[6]       ; 4.529 ; 4.529 ; 4.529 ; 4.529 ;
; IN0[1]     ; F1[7]       ; 4.546 ;       ;       ; 4.546 ;
; IN0[1]     ; S[1]        ; 3.533 ; 3.533 ; 3.533 ; 3.533 ;
; IN0[1]     ; S[2]        ; 3.991 ; 3.991 ; 3.991 ; 3.991 ;
; IN0[1]     ; S[3]        ; 4.381 ; 4.381 ; 4.381 ; 4.381 ;
; IN0[1]     ; S[4]        ; 4.854 ; 4.854 ; 4.854 ; 4.854 ;
; IN0[1]     ; S[5]        ; 5.029 ; 5.029 ; 5.029 ; 5.029 ;
; IN0[1]     ; S[6]        ; 5.320 ; 5.320 ; 5.320 ; 5.320 ;
; IN0[1]     ; S[7]        ; 6.099 ; 6.099 ; 6.099 ; 6.099 ;
; IN0[2]     ; F0[2]       ; 3.466 ; 3.466 ; 3.466 ; 3.466 ;
; IN0[2]     ; F0[3]       ; 3.658 ; 3.658 ; 3.658 ; 3.658 ;
; IN0[2]     ; F0[4]       ; 4.044 ; 4.044 ; 4.044 ; 4.044 ;
; IN0[2]     ; F0[5]       ; 4.069 ;       ;       ; 4.069 ;
; IN0[2]     ; F1[4]       ; 3.709 ; 3.709 ; 3.709 ; 3.709 ;
; IN0[2]     ; F1[5]       ; 3.620 ; 3.620 ; 3.620 ; 3.620 ;
; IN0[2]     ; F1[6]       ; 4.016 ; 4.016 ; 4.016 ; 4.016 ;
; IN0[2]     ; F1[7]       ; 4.033 ;       ;       ; 4.033 ;
; IN0[2]     ; S[2]        ; 3.593 ; 3.593 ; 3.593 ; 3.593 ;
; IN0[2]     ; S[3]        ; 3.966 ; 3.966 ; 3.966 ; 3.966 ;
; IN0[2]     ; S[4]        ; 4.439 ; 4.439 ; 4.439 ; 4.439 ;
; IN0[2]     ; S[5]        ; 4.614 ; 4.614 ; 4.614 ; 4.614 ;
; IN0[2]     ; S[6]        ; 4.905 ; 4.905 ; 4.905 ; 4.905 ;
; IN0[2]     ; S[7]        ; 5.684 ; 5.684 ; 5.684 ; 5.684 ;
; IN0[3]     ; F0[3]       ; 3.881 ; 3.881 ; 3.881 ; 3.881 ;
; IN0[3]     ; F0[4]       ; 4.266 ; 4.266 ; 4.266 ; 4.266 ;
; IN0[3]     ; F0[5]       ; 4.291 ;       ;       ; 4.291 ;
; IN0[3]     ; F1[5]       ; 3.519 ; 3.519 ; 3.519 ; 3.519 ;
; IN0[3]     ; F1[6]       ; 3.906 ; 3.906 ; 3.906 ; 3.906 ;
; IN0[3]     ; F1[7]       ; 3.923 ;       ;       ; 3.923 ;
; IN0[3]     ; S[3]        ; 4.189 ; 4.189 ; 4.189 ; 4.189 ;
; IN0[3]     ; S[4]        ; 4.662 ; 4.662 ; 4.662 ; 4.662 ;
; IN0[3]     ; S[5]        ; 4.837 ; 4.837 ; 4.837 ; 4.837 ;
; IN0[3]     ; S[6]        ; 5.128 ; 5.128 ; 5.128 ; 5.128 ;
; IN0[3]     ; S[7]        ; 5.907 ; 5.907 ; 5.907 ; 5.907 ;
; IN1[0]     ; F0[0]       ; 3.335 ;       ;       ; 3.335 ;
; IN1[0]     ; F0[1]       ; 3.482 ; 3.482 ; 3.482 ; 3.482 ;
; IN1[0]     ; F0[2]       ; 3.872 ; 3.872 ; 3.872 ; 3.872 ;
; IN1[0]     ; F0[3]       ; 4.096 ; 4.096 ; 4.096 ; 4.096 ;
; IN1[0]     ; F0[4]       ; 4.482 ; 4.482 ; 4.482 ; 4.482 ;
; IN1[0]     ; F0[5]       ; 4.507 ;       ;       ; 4.507 ;
; IN1[0]     ; S[0]        ; 3.553 ;       ;       ; 3.553 ;
; IN1[0]     ; S[1]        ; 3.541 ; 3.541 ; 3.541 ; 3.541 ;
; IN1[0]     ; S[2]        ; 3.999 ; 3.999 ; 3.999 ; 3.999 ;
; IN1[0]     ; S[3]        ; 4.404 ; 4.404 ; 4.404 ; 4.404 ;
; IN1[0]     ; S[4]        ; 4.877 ; 4.877 ; 4.877 ; 4.877 ;
; IN1[0]     ; S[5]        ; 5.052 ; 5.052 ; 5.052 ; 5.052 ;
; IN1[0]     ; S[6]        ; 5.343 ; 5.343 ; 5.343 ; 5.343 ;
; IN1[0]     ; S[7]        ; 6.122 ; 6.122 ; 6.122 ; 6.122 ;
; IN1[1]     ; F0[1]       ; 3.344 ; 3.344 ; 3.344 ; 3.344 ;
; IN1[1]     ; F0[2]       ; 3.452 ; 3.452 ; 3.452 ; 3.452 ;
; IN1[1]     ; F0[3]       ; 3.672 ; 3.672 ; 3.672 ; 3.672 ;
; IN1[1]     ; F0[4]       ; 4.058 ; 4.058 ; 4.058 ; 4.058 ;
; IN1[1]     ; F0[5]       ; 4.083 ;       ;       ; 4.083 ;
; IN1[1]     ; S[1]        ; 3.403 ; 3.403 ; 3.403 ; 3.403 ;
; IN1[1]     ; S[2]        ; 3.579 ; 3.579 ; 3.579 ; 3.579 ;
; IN1[1]     ; S[3]        ; 3.980 ; 3.980 ; 3.980 ; 3.980 ;
; IN1[1]     ; S[4]        ; 4.453 ; 4.453 ; 4.453 ; 4.453 ;
; IN1[1]     ; S[5]        ; 4.628 ; 4.628 ; 4.628 ; 4.628 ;
; IN1[1]     ; S[6]        ; 4.919 ; 4.919 ; 4.919 ; 4.919 ;
; IN1[1]     ; S[7]        ; 5.698 ; 5.698 ; 5.698 ; 5.698 ;
; IN1[2]     ; F1[2]       ; 3.311 ;       ;       ; 3.311 ;
; IN1[2]     ; F1[3]       ; 3.335 ; 3.335 ; 3.335 ; 3.335 ;
; IN1[2]     ; F1[4]       ; 3.919 ; 3.919 ; 3.919 ; 3.919 ;
; IN1[2]     ; F1[5]       ; 3.794 ; 3.794 ; 3.794 ; 3.794 ;
; IN1[2]     ; F1[6]       ; 4.496 ; 4.496 ; 4.496 ; 4.496 ;
; IN1[2]     ; F1[7]       ; 4.513 ;       ;       ; 4.513 ;
; IN1[2]     ; S[2]        ; 3.355 ; 3.355 ; 3.355 ; 3.355 ;
; IN1[2]     ; S[3]        ; 3.650 ; 3.650 ; 3.650 ; 3.650 ;
; IN1[2]     ; S[4]        ; 4.126 ; 4.126 ; 4.126 ; 4.126 ;
; IN1[2]     ; S[5]        ; 4.301 ; 4.301 ; 4.301 ; 4.301 ;
; IN1[2]     ; S[6]        ; 4.592 ; 4.592 ; 4.592 ; 4.592 ;
; IN1[2]     ; S[7]        ; 5.371 ; 5.371 ; 5.371 ; 5.371 ;
; IN1[3]     ; F1[3]       ; 3.939 ; 3.939 ; 3.939 ; 3.939 ;
; IN1[3]     ; F1[4]       ; 4.508 ; 4.508 ; 4.508 ; 4.508 ;
; IN1[3]     ; F1[5]       ; 4.385 ; 4.385 ; 4.385 ; 4.385 ;
; IN1[3]     ; F1[6]       ; 5.087 ; 5.087 ; 5.087 ; 5.087 ;
; IN1[3]     ; F1[7]       ; 5.104 ;       ;       ; 5.104 ;
; IN1[3]     ; S[3]        ; 4.254 ; 4.254 ; 4.254 ; 4.254 ;
; IN1[3]     ; S[4]        ; 4.730 ; 4.730 ; 4.730 ; 4.730 ;
; IN1[3]     ; S[5]        ; 4.905 ; 4.905 ; 4.905 ; 4.905 ;
; IN1[3]     ; S[6]        ; 5.196 ; 5.196 ; 5.196 ; 5.196 ;
; IN1[3]     ; S[7]        ; 5.975 ; 5.975 ; 5.975 ; 5.975 ;
+------------+-------------+-------+-------+-------+-------+


+----------------------------------------------------------+
; Minimum Propagation Delay                                ;
+------------+-------------+-------+-------+-------+-------+
; Input Port ; Output Port ; RR    ; RF    ; FR    ; FF    ;
+------------+-------------+-------+-------+-------+-------+
; IN0[0]     ; F0[0]       ; 3.398 ;       ;       ; 3.398 ;
; IN0[0]     ; F0[1]       ; 3.599 ; 3.599 ; 3.599 ; 3.599 ;
; IN0[0]     ; F0[2]       ; 3.915 ; 3.915 ; 3.915 ; 3.915 ;
; IN0[0]     ; F0[3]       ; 3.904 ; 3.904 ; 3.904 ; 3.904 ;
; IN0[0]     ; F0[4]       ; 4.290 ; 4.290 ; 4.290 ; 4.290 ;
; IN0[0]     ; F0[5]       ; 4.315 ;       ;       ; 4.315 ;
; IN0[0]     ; F1[2]       ; 3.465 ;       ;       ; 3.465 ;
; IN0[0]     ; F1[3]       ; 3.509 ; 3.509 ; 3.509 ; 3.509 ;
; IN0[0]     ; F1[4]       ; 4.074 ; 4.074 ; 4.074 ; 4.074 ;
; IN0[0]     ; F1[5]       ; 3.546 ; 3.546 ; 3.546 ; 3.546 ;
; IN0[0]     ; F1[6]       ; 4.240 ; 4.240 ; 4.240 ; 4.240 ;
; IN0[0]     ; F1[7]       ; 4.257 ;       ;       ; 4.257 ;
; IN0[0]     ; S[0]        ; 3.616 ;       ;       ; 3.616 ;
; IN0[0]     ; S[1]        ; 3.658 ; 3.658 ; 3.658 ; 3.658 ;
; IN0[0]     ; S[2]        ; 3.533 ; 3.533 ; 3.533 ; 3.533 ;
; IN0[0]     ; S[3]        ; 3.761 ; 3.761 ; 3.761 ; 3.761 ;
; IN0[0]     ; S[4]        ; 4.091 ; 4.091 ; 4.091 ; 4.091 ;
; IN0[0]     ; S[5]        ; 3.933 ; 3.933 ; 3.933 ; 3.933 ;
; IN0[0]     ; S[6]        ; 4.159 ; 4.159 ; 4.159 ; 4.159 ;
; IN0[0]     ; S[7]        ; 4.939 ; 5.005 ; 5.005 ; 4.939 ;
; IN0[1]     ; F0[1]       ; 3.474 ; 3.474 ; 3.474 ; 3.474 ;
; IN0[1]     ; F0[2]       ; 3.864 ; 3.864 ; 3.864 ; 3.864 ;
; IN0[1]     ; F0[3]       ; 4.073 ; 4.073 ; 4.073 ; 4.073 ;
; IN0[1]     ; F0[4]       ; 4.459 ; 4.459 ; 4.459 ; 4.459 ;
; IN0[1]     ; F0[5]       ; 4.484 ;       ;       ; 4.484 ;
; IN0[1]     ; F1[3]       ; 3.383 ; 3.383 ; 3.383 ; 3.383 ;
; IN0[1]     ; F1[4]       ; 3.943 ; 3.943 ; 3.943 ; 3.943 ;
; IN0[1]     ; F1[5]       ; 3.827 ; 3.827 ; 3.827 ; 3.827 ;
; IN0[1]     ; F1[6]       ; 4.529 ; 4.529 ; 4.529 ; 4.529 ;
; IN0[1]     ; F1[7]       ; 4.546 ;       ;       ; 4.546 ;
; IN0[1]     ; S[1]        ; 3.533 ; 3.533 ; 3.533 ; 3.533 ;
; IN0[1]     ; S[2]        ; 3.991 ; 3.991 ; 3.991 ; 3.991 ;
; IN0[1]     ; S[3]        ; 3.698 ; 3.698 ; 3.698 ; 3.698 ;
; IN0[1]     ; S[4]        ; 3.951 ; 3.951 ; 3.951 ; 3.951 ;
; IN0[1]     ; S[5]        ; 4.131 ; 4.131 ; 4.131 ; 4.131 ;
; IN0[1]     ; S[6]        ; 4.422 ; 4.422 ; 4.422 ; 4.422 ;
; IN0[1]     ; S[7]        ; 5.201 ; 5.201 ; 5.201 ; 5.201 ;
; IN0[2]     ; F0[2]       ; 3.466 ; 3.466 ; 3.466 ; 3.466 ;
; IN0[2]     ; F0[3]       ; 3.372 ; 3.372 ; 3.372 ; 3.372 ;
; IN0[2]     ; F0[4]       ; 3.754 ; 3.754 ; 3.754 ; 3.754 ;
; IN0[2]     ; F0[5]       ; 3.779 ;       ;       ; 3.779 ;
; IN0[2]     ; F1[4]       ; 3.709 ; 3.709 ; 3.709 ; 3.709 ;
; IN0[2]     ; F1[5]       ; 3.319 ; 3.319 ; 3.319 ; 3.319 ;
; IN0[2]     ; F1[6]       ; 3.718 ; 3.718 ; 3.718 ; 3.718 ;
; IN0[2]     ; F1[7]       ; 3.735 ;       ;       ; 3.735 ;
; IN0[2]     ; S[2]        ; 3.593 ; 3.593 ; 3.593 ; 3.593 ;
; IN0[2]     ; S[3]        ; 3.597 ; 3.597 ; 3.597 ; 3.597 ;
; IN0[2]     ; S[4]        ; 3.717 ; 3.717 ; 3.717 ; 3.717 ;
; IN0[2]     ; S[5]        ; 3.709 ; 3.709 ; 3.709 ; 3.709 ;
; IN0[2]     ; S[6]        ; 3.637 ; 3.637 ; 3.637 ; 3.637 ;
; IN0[2]     ; S[7]        ; 4.417 ; 4.781 ; 4.781 ; 4.417 ;
; IN0[3]     ; F0[3]       ; 3.881 ; 3.881 ; 3.881 ; 3.881 ;
; IN0[3]     ; F0[4]       ; 3.289 ; 3.289 ; 3.289 ; 3.289 ;
; IN0[3]     ; F0[5]       ; 3.318 ;       ;       ; 3.318 ;
; IN0[3]     ; F1[5]       ; 3.519 ; 3.519 ; 3.519 ; 3.519 ;
; IN0[3]     ; F1[6]       ; 3.315 ; 3.315 ; 3.315 ; 3.315 ;
; IN0[3]     ; F1[7]       ; 3.344 ;       ;       ; 3.344 ;
; IN0[3]     ; S[3]        ; 4.189 ; 4.189 ; 4.189 ; 4.189 ;
; IN0[3]     ; S[4]        ; 3.680 ; 3.680 ; 3.680 ; 3.680 ;
; IN0[3]     ; S[5]        ; 3.619 ; 3.619 ; 3.619 ; 3.619 ;
; IN0[3]     ; S[6]        ; 3.376 ; 3.376 ; 3.376 ; 3.376 ;
; IN0[3]     ; S[7]        ; 4.160 ; 4.695 ; 4.695 ; 4.160 ;
; IN1[0]     ; F0[0]       ; 3.335 ;       ;       ; 3.335 ;
; IN1[0]     ; F0[1]       ; 3.482 ; 3.482 ; 3.482 ; 3.482 ;
; IN1[0]     ; F0[2]       ; 3.591 ; 3.591 ; 3.591 ; 3.591 ;
; IN1[0]     ; F0[3]       ; 3.908 ; 3.908 ; 3.908 ; 3.908 ;
; IN1[0]     ; F0[4]       ; 4.293 ; 4.293 ; 4.293 ; 4.293 ;
; IN1[0]     ; F0[5]       ; 4.318 ;       ;       ; 4.318 ;
; IN1[0]     ; S[0]        ; 3.553 ;       ;       ; 3.553 ;
; IN1[0]     ; S[1]        ; 3.541 ; 3.541 ; 3.541 ; 3.541 ;
; IN1[0]     ; S[2]        ; 3.718 ; 3.718 ; 3.718 ; 3.718 ;
; IN1[0]     ; S[3]        ; 3.722 ; 3.722 ; 3.722 ; 3.722 ;
; IN1[0]     ; S[4]        ; 4.195 ; 4.195 ; 4.195 ; 4.195 ;
; IN1[0]     ; S[5]        ; 4.370 ; 4.370 ; 4.370 ; 4.370 ;
; IN1[0]     ; S[6]        ; 4.661 ; 4.661 ; 4.661 ; 4.661 ;
; IN1[0]     ; S[7]        ; 5.440 ; 5.440 ; 5.440 ; 5.440 ;
; IN1[1]     ; F0[1]       ; 3.344 ; 3.344 ; 3.344 ; 3.344 ;
; IN1[1]     ; F0[2]       ; 3.452 ; 3.452 ; 3.452 ; 3.452 ;
; IN1[1]     ; F0[3]       ; 3.359 ; 3.359 ; 3.359 ; 3.359 ;
; IN1[1]     ; F0[4]       ; 3.338 ; 3.338 ; 3.338 ; 3.338 ;
; IN1[1]     ; F0[5]       ; 3.384 ;       ;       ; 3.384 ;
; IN1[1]     ; S[1]        ; 3.403 ; 3.403 ; 3.403 ; 3.403 ;
; IN1[1]     ; S[2]        ; 3.579 ; 3.579 ; 3.579 ; 3.579 ;
; IN1[1]     ; S[3]        ; 3.583 ; 3.583 ; 3.583 ; 3.583 ;
; IN1[1]     ; S[4]        ; 3.729 ; 3.729 ; 3.729 ; 3.729 ;
; IN1[1]     ; S[5]        ; 3.685 ; 3.685 ; 3.685 ; 3.685 ;
; IN1[1]     ; S[6]        ; 3.985 ; 3.985 ; 3.985 ; 3.985 ;
; IN1[1]     ; S[7]        ; 4.764 ; 4.977 ; 4.977 ; 4.764 ;
; IN1[2]     ; F1[2]       ; 3.311 ;       ;       ; 3.311 ;
; IN1[2]     ; F1[3]       ; 3.335 ; 3.335 ; 3.335 ; 3.335 ;
; IN1[2]     ; F1[4]       ; 3.767 ; 3.767 ; 3.767 ; 3.767 ;
; IN1[2]     ; F1[5]       ; 3.542 ; 3.542 ; 3.542 ; 3.542 ;
; IN1[2]     ; F1[6]       ; 3.801 ; 3.801 ; 3.801 ; 3.801 ;
; IN1[2]     ; F1[7]       ; 3.818 ;       ;       ; 3.818 ;
; IN1[2]     ; S[2]        ; 3.355 ; 3.355 ; 3.355 ; 3.355 ;
; IN1[2]     ; S[3]        ; 3.607 ; 3.607 ; 3.607 ; 3.607 ;
; IN1[2]     ; S[4]        ; 3.775 ; 3.775 ; 3.775 ; 3.775 ;
; IN1[2]     ; S[5]        ; 3.648 ; 3.648 ; 3.648 ; 3.648 ;
; IN1[2]     ; S[6]        ; 3.720 ; 3.720 ; 3.720 ; 3.720 ;
; IN1[2]     ; S[7]        ; 4.500 ; 4.718 ; 4.718 ; 4.500 ;
; IN1[3]     ; F1[3]       ; 3.939 ; 3.939 ; 3.939 ; 3.939 ;
; IN1[3]     ; F1[4]       ; 4.377 ; 4.377 ; 4.377 ; 4.377 ;
; IN1[3]     ; F1[5]       ; 4.315 ; 4.315 ; 4.315 ; 4.315 ;
; IN1[3]     ; F1[6]       ; 4.108 ; 4.108 ; 4.108 ; 4.108 ;
; IN1[3]     ; F1[7]       ; 4.115 ;       ;       ; 4.115 ;
; IN1[3]     ; S[3]        ; 4.254 ; 4.254 ; 4.254 ; 4.254 ;
; IN1[3]     ; S[4]        ; 4.385 ; 4.385 ; 4.385 ; 4.385 ;
; IN1[3]     ; S[5]        ; 4.421 ; 4.421 ; 4.421 ; 4.421 ;
; IN1[3]     ; S[6]        ; 4.102 ; 4.102 ; 4.102 ; 4.102 ;
; IN1[3]     ; S[7]        ; 4.881 ; 5.491 ; 5.491 ; 4.881 ;
+------------+-------------+-------+-------+-------+-------+


+----------------------------------------------------------------------------+
; Multicorner Timing Analysis Summary                                        ;
+------------------+-------+------+----------+---------+---------------------+
; Clock            ; Setup ; Hold ; Recovery ; Removal ; Minimum Pulse Width ;
+------------------+-------+------+----------+---------+---------------------+
; Worst-case Slack ; N/A   ; N/A  ; N/A      ; N/A     ; N/A                 ;
; Design-wide TNS  ; 0.0   ; 0.0  ; 0.0      ; 0.0     ; 0.0                 ;
+------------------+-------+------+----------+---------+---------------------+


+--------------------------------------------------------------+
; Progagation Delay                                            ;
+------------+-------------+--------+--------+--------+--------+
; Input Port ; Output Port ; RR     ; RF     ; FR     ; FF     ;
+------------+-------------+--------+--------+--------+--------+
; IN0[0]     ; F0[0]       ; 6.449  ;        ;        ; 6.449  ;
; IN0[0]     ; F0[1]       ; 7.020  ; 7.020  ; 7.020  ; 7.020  ;
; IN0[0]     ; F0[2]       ; 7.684  ; 7.684  ; 7.684  ; 7.684  ;
; IN0[0]     ; F0[3]       ; 7.588  ; 7.588  ; 7.588  ; 7.588  ;
; IN0[0]     ; F0[4]       ; 8.596  ; 8.596  ; 8.596  ; 8.596  ;
; IN0[0]     ; F0[5]       ; 8.510  ;        ;        ; 8.510  ;
; IN0[0]     ; F1[2]       ; 6.607  ;        ;        ; 6.607  ;
; IN0[0]     ; F1[3]       ; 6.781  ; 6.781  ; 6.781  ; 6.781  ;
; IN0[0]     ; F1[4]       ; 7.998  ; 7.998  ; 7.998  ; 7.998  ;
; IN0[0]     ; F1[5]       ; 6.946  ; 6.946  ; 6.946  ; 6.946  ;
; IN0[0]     ; F1[6]       ; 8.443  ; 8.443  ; 8.443  ; 8.443  ;
; IN0[0]     ; F1[7]       ; 8.455  ;        ;        ; 8.455  ;
; IN0[0]     ; S[0]        ; 6.909  ;        ;        ; 6.909  ;
; IN0[0]     ; S[1]        ; 7.036  ; 7.036  ; 7.036  ; 7.036  ;
; IN0[0]     ; S[2]        ; 8.035  ; 8.035  ; 8.035  ; 8.035  ;
; IN0[0]     ; S[3]        ; 8.330  ; 8.330  ; 8.330  ; 8.330  ;
; IN0[0]     ; S[4]        ; 9.395  ; 9.395  ; 9.395  ; 9.395  ;
; IN0[0]     ; S[5]        ; 9.810  ; 9.810  ; 9.810  ; 9.810  ;
; IN0[0]     ; S[6]        ; 10.519 ; 10.519 ; 10.519 ; 10.519 ;
; IN0[0]     ; S[7]        ; 12.228 ; 12.228 ; 12.228 ; 12.228 ;
; IN0[1]     ; F0[1]       ; 6.735  ; 6.735  ; 6.735  ; 6.735  ;
; IN0[1]     ; F0[2]       ; 7.539  ; 7.539  ; 7.539  ; 7.539  ;
; IN0[1]     ; F0[3]       ; 8.001  ; 8.001  ; 8.001  ; 8.001  ;
; IN0[1]     ; F0[4]       ; 9.009  ; 9.009  ; 9.009  ; 9.009  ;
; IN0[1]     ; F0[5]       ; 8.923  ;        ;        ; 8.923  ;
; IN0[1]     ; F1[3]       ; 6.493  ; 6.493  ; 6.493  ; 6.493  ;
; IN0[1]     ; F1[4]       ; 7.742  ; 7.742  ; 7.742  ; 7.742  ;
; IN0[1]     ; F1[5]       ; 7.570  ; 7.570  ; 7.570  ; 7.570  ;
; IN0[1]     ; F1[6]       ; 9.072  ; 9.072  ; 9.072  ; 9.072  ;
; IN0[1]     ; F1[7]       ; 9.084  ;        ;        ; 9.084  ;
; IN0[1]     ; S[1]        ; 6.751  ; 6.751  ; 6.751  ; 6.751  ;
; IN0[1]     ; S[2]        ; 7.890  ; 7.890  ; 7.890  ; 7.890  ;
; IN0[1]     ; S[3]        ; 8.743  ; 8.743  ; 8.743  ; 8.743  ;
; IN0[1]     ; S[4]        ; 9.808  ; 9.808  ; 9.808  ; 9.808  ;
; IN0[1]     ; S[5]        ; 10.223 ; 10.223 ; 10.223 ; 10.223 ;
; IN0[1]     ; S[6]        ; 10.932 ; 10.932 ; 10.932 ; 10.932 ;
; IN0[1]     ; S[7]        ; 12.641 ; 12.641 ; 12.641 ; 12.641 ;
; IN0[2]     ; F0[2]       ; 6.628  ; 6.628  ; 6.628  ; 6.628  ;
; IN0[2]     ; F0[3]       ; 7.050  ; 7.050  ; 7.050  ; 7.050  ;
; IN0[2]     ; F0[4]       ; 8.058  ; 8.058  ; 8.058  ; 8.058  ;
; IN0[2]     ; F0[5]       ; 7.972  ;        ;        ; 7.972  ;
; IN0[2]     ; F1[4]       ; 7.188  ; 7.188  ; 7.188  ; 7.188  ;
; IN0[2]     ; F1[5]       ; 7.138  ; 7.138  ; 7.138  ; 7.138  ;
; IN0[2]     ; F1[6]       ; 7.922  ; 7.922  ; 7.922  ; 7.922  ;
; IN0[2]     ; F1[7]       ; 7.934  ;        ;        ; 7.934  ;
; IN0[2]     ; S[2]        ; 6.979  ; 6.979  ; 6.979  ; 6.979  ;
; IN0[2]     ; S[3]        ; 7.792  ; 7.792  ; 7.792  ; 7.792  ;
; IN0[2]     ; S[4]        ; 8.857  ; 8.857  ; 8.857  ; 8.857  ;
; IN0[2]     ; S[5]        ; 9.272  ; 9.272  ; 9.272  ; 9.272  ;
; IN0[2]     ; S[6]        ; 9.981  ; 9.981  ; 9.981  ; 9.981  ;
; IN0[2]     ; S[7]        ; 11.690 ; 11.690 ; 11.690 ; 11.690 ;
; IN0[3]     ; F0[3]       ; 7.643  ; 7.643  ; 7.643  ; 7.643  ;
; IN0[3]     ; F0[4]       ; 8.648  ; 8.648  ; 8.648  ; 8.648  ;
; IN0[3]     ; F0[5]       ; 8.562  ;        ;        ; 8.562  ;
; IN0[3]     ; F1[5]       ; 6.984  ; 6.984  ; 6.984  ; 6.984  ;
; IN0[3]     ; F1[6]       ; 7.746  ; 7.746  ; 7.746  ; 7.746  ;
; IN0[3]     ; F1[7]       ; 7.758  ;        ;        ; 7.758  ;
; IN0[3]     ; S[3]        ; 8.385  ; 8.385  ; 8.385  ; 8.385  ;
; IN0[3]     ; S[4]        ; 9.447  ; 9.447  ; 9.447  ; 9.447  ;
; IN0[3]     ; S[5]        ; 9.862  ; 9.862  ; 9.862  ; 9.862  ;
; IN0[3]     ; S[6]        ; 10.571 ; 10.571 ; 10.571 ; 10.571 ;
; IN0[3]     ; S[7]        ; 12.280 ; 12.280 ; 12.280 ; 12.280 ;
; IN1[0]     ; F0[0]       ; 6.350  ;        ;        ; 6.350  ;
; IN1[0]     ; F0[1]       ; 6.783  ; 6.783  ; 6.783  ; 6.783  ;
; IN1[0]     ; F0[2]       ; 7.558  ; 7.558  ; 7.558  ; 7.558  ;
; IN1[0]     ; F0[3]       ; 8.034  ; 8.034  ; 8.034  ; 8.034  ;
; IN1[0]     ; F0[4]       ; 9.042  ; 9.042  ; 9.042  ; 9.042  ;
; IN1[0]     ; F0[5]       ; 8.956  ;        ;        ; 8.956  ;
; IN1[0]     ; S[0]        ; 6.810  ;        ;        ; 6.810  ;
; IN1[0]     ; S[1]        ; 6.799  ; 6.799  ; 6.799  ; 6.799  ;
; IN1[0]     ; S[2]        ; 7.909  ; 7.909  ; 7.909  ; 7.909  ;
; IN1[0]     ; S[3]        ; 8.776  ; 8.776  ; 8.776  ; 8.776  ;
; IN1[0]     ; S[4]        ; 9.841  ; 9.841  ; 9.841  ; 9.841  ;
; IN1[0]     ; S[5]        ; 10.256 ; 10.256 ; 10.256 ; 10.256 ;
; IN1[0]     ; S[6]        ; 10.965 ; 10.965 ; 10.965 ; 10.965 ;
; IN1[0]     ; S[7]        ; 12.674 ; 12.674 ; 12.674 ; 12.674 ;
; IN1[1]     ; F0[1]       ; 6.496  ; 6.496  ; 6.496  ; 6.496  ;
; IN1[1]     ; F0[2]       ; 6.639  ; 6.639  ; 6.639  ; 6.639  ;
; IN1[1]     ; F0[3]       ; 7.063  ; 7.063  ; 7.063  ; 7.063  ;
; IN1[1]     ; F0[4]       ; 8.071  ; 8.071  ; 8.071  ; 8.071  ;
; IN1[1]     ; F0[5]       ; 7.985  ;        ;        ; 7.985  ;
; IN1[1]     ; S[1]        ; 6.512  ; 6.512  ; 6.512  ; 6.512  ;
; IN1[1]     ; S[2]        ; 6.990  ; 6.990  ; 6.990  ; 6.990  ;
; IN1[1]     ; S[3]        ; 7.805  ; 7.805  ; 7.805  ; 7.805  ;
; IN1[1]     ; S[4]        ; 8.870  ; 8.870  ; 8.870  ; 8.870  ;
; IN1[1]     ; S[5]        ; 9.285  ; 9.285  ; 9.285  ; 9.285  ;
; IN1[1]     ; S[6]        ; 9.994  ; 9.994  ; 9.994  ; 9.994  ;
; IN1[1]     ; S[7]        ; 11.703 ; 11.703 ; 11.703 ; 11.703 ;
; IN1[2]     ; F1[2]       ; 6.304  ;        ;        ; 6.304  ;
; IN1[2]     ; F1[3]       ; 6.481  ; 6.481  ; 6.481  ; 6.481  ;
; IN1[2]     ; F1[4]       ; 7.720  ; 7.720  ; 7.720  ; 7.720  ;
; IN1[2]     ; F1[5]       ; 7.546  ; 7.546  ; 7.546  ; 7.546  ;
; IN1[2]     ; F1[6]       ; 9.048  ; 9.048  ; 9.048  ; 9.048  ;
; IN1[2]     ; F1[7]       ; 9.060  ;        ;        ; 9.060  ;
; IN1[2]     ; S[2]        ; 6.493  ; 6.493  ; 6.493  ; 6.493  ;
; IN1[2]     ; S[3]        ; 7.186  ; 7.186  ; 7.186  ; 7.186  ;
; IN1[2]     ; S[4]        ; 8.227  ; 8.227  ; 8.227  ; 8.227  ;
; IN1[2]     ; S[5]        ; 8.638  ; 8.638  ; 8.638  ; 8.638  ;
; IN1[2]     ; S[6]        ; 9.347  ; 9.347  ; 9.347  ; 9.347  ;
; IN1[2]     ; S[7]        ; 11.056 ; 11.056 ; 11.056 ; 11.056 ;
; IN1[3]     ; F1[3]       ; 7.524  ; 7.524  ; 7.524  ; 7.524  ;
; IN1[3]     ; F1[4]       ; 8.740  ; 8.740  ; 8.740  ; 8.740  ;
; IN1[3]     ; F1[5]       ; 8.571  ; 8.571  ; 8.571  ; 8.571  ;
; IN1[3]     ; F1[6]       ; 10.073 ; 10.073 ; 10.073 ; 10.073 ;
; IN1[3]     ; F1[7]       ; 10.085 ;        ;        ; 10.085 ;
; IN1[3]     ; S[3]        ; 8.229  ; 8.229  ; 8.229  ; 8.229  ;
; IN1[3]     ; S[4]        ; 9.270  ; 9.270  ; 9.270  ; 9.270  ;
; IN1[3]     ; S[5]        ; 9.681  ; 9.681  ; 9.681  ; 9.681  ;
; IN1[3]     ; S[6]        ; 10.390 ; 10.390 ; 10.390 ; 10.390 ;
; IN1[3]     ; S[7]        ; 12.099 ; 12.099 ; 12.099 ; 12.099 ;
+------------+-------------+--------+--------+--------+--------+


+----------------------------------------------------------+
; Minimum Progagation Delay                                ;
+------------+-------------+-------+-------+-------+-------+
; Input Port ; Output Port ; RR    ; RF    ; FR    ; FF    ;
+------------+-------------+-------+-------+-------+-------+
; IN0[0]     ; F0[0]       ; 3.398 ;       ;       ; 3.398 ;
; IN0[0]     ; F0[1]       ; 3.599 ; 3.599 ; 3.599 ; 3.599 ;
; IN0[0]     ; F0[2]       ; 3.915 ; 3.915 ; 3.915 ; 3.915 ;
; IN0[0]     ; F0[3]       ; 3.904 ; 3.904 ; 3.904 ; 3.904 ;
; IN0[0]     ; F0[4]       ; 4.290 ; 4.290 ; 4.290 ; 4.290 ;
; IN0[0]     ; F0[5]       ; 4.315 ;       ;       ; 4.315 ;
; IN0[0]     ; F1[2]       ; 3.465 ;       ;       ; 3.465 ;
; IN0[0]     ; F1[3]       ; 3.509 ; 3.509 ; 3.509 ; 3.509 ;
; IN0[0]     ; F1[4]       ; 4.074 ; 4.074 ; 4.074 ; 4.074 ;
; IN0[0]     ; F1[5]       ; 3.546 ; 3.546 ; 3.546 ; 3.546 ;
; IN0[0]     ; F1[6]       ; 4.240 ; 4.240 ; 4.240 ; 4.240 ;
; IN0[0]     ; F1[7]       ; 4.257 ;       ;       ; 4.257 ;
; IN0[0]     ; S[0]        ; 3.616 ;       ;       ; 3.616 ;
; IN0[0]     ; S[1]        ; 3.658 ; 3.658 ; 3.658 ; 3.658 ;
; IN0[0]     ; S[2]        ; 3.533 ; 3.533 ; 3.533 ; 3.533 ;
; IN0[0]     ; S[3]        ; 3.761 ; 3.761 ; 3.761 ; 3.761 ;
; IN0[0]     ; S[4]        ; 4.091 ; 4.091 ; 4.091 ; 4.091 ;
; IN0[0]     ; S[5]        ; 3.933 ; 3.933 ; 3.933 ; 3.933 ;
; IN0[0]     ; S[6]        ; 4.159 ; 4.159 ; 4.159 ; 4.159 ;
; IN0[0]     ; S[7]        ; 4.939 ; 5.005 ; 5.005 ; 4.939 ;
; IN0[1]     ; F0[1]       ; 3.474 ; 3.474 ; 3.474 ; 3.474 ;
; IN0[1]     ; F0[2]       ; 3.864 ; 3.864 ; 3.864 ; 3.864 ;
; IN0[1]     ; F0[3]       ; 4.073 ; 4.073 ; 4.073 ; 4.073 ;
; IN0[1]     ; F0[4]       ; 4.459 ; 4.459 ; 4.459 ; 4.459 ;
; IN0[1]     ; F0[5]       ; 4.484 ;       ;       ; 4.484 ;
; IN0[1]     ; F1[3]       ; 3.383 ; 3.383 ; 3.383 ; 3.383 ;
; IN0[1]     ; F1[4]       ; 3.943 ; 3.943 ; 3.943 ; 3.943 ;
; IN0[1]     ; F1[5]       ; 3.827 ; 3.827 ; 3.827 ; 3.827 ;
; IN0[1]     ; F1[6]       ; 4.529 ; 4.529 ; 4.529 ; 4.529 ;
; IN0[1]     ; F1[7]       ; 4.546 ;       ;       ; 4.546 ;
; IN0[1]     ; S[1]        ; 3.533 ; 3.533 ; 3.533 ; 3.533 ;
; IN0[1]     ; S[2]        ; 3.991 ; 3.991 ; 3.991 ; 3.991 ;
; IN0[1]     ; S[3]        ; 3.698 ; 3.698 ; 3.698 ; 3.698 ;
; IN0[1]     ; S[4]        ; 3.951 ; 3.951 ; 3.951 ; 3.951 ;
; IN0[1]     ; S[5]        ; 4.131 ; 4.131 ; 4.131 ; 4.131 ;
; IN0[1]     ; S[6]        ; 4.422 ; 4.422 ; 4.422 ; 4.422 ;
; IN0[1]     ; S[7]        ; 5.201 ; 5.201 ; 5.201 ; 5.201 ;
; IN0[2]     ; F0[2]       ; 3.466 ; 3.466 ; 3.466 ; 3.466 ;
; IN0[2]     ; F0[3]       ; 3.372 ; 3.372 ; 3.372 ; 3.372 ;
; IN0[2]     ; F0[4]       ; 3.754 ; 3.754 ; 3.754 ; 3.754 ;
; IN0[2]     ; F0[5]       ; 3.779 ;       ;       ; 3.779 ;
; IN0[2]     ; F1[4]       ; 3.709 ; 3.709 ; 3.709 ; 3.709 ;
; IN0[2]     ; F1[5]       ; 3.319 ; 3.319 ; 3.319 ; 3.319 ;
; IN0[2]     ; F1[6]       ; 3.718 ; 3.718 ; 3.718 ; 3.718 ;
; IN0[2]     ; F1[7]       ; 3.735 ;       ;       ; 3.735 ;
; IN0[2]     ; S[2]        ; 3.593 ; 3.593 ; 3.593 ; 3.593 ;
; IN0[2]     ; S[3]        ; 3.597 ; 3.597 ; 3.597 ; 3.597 ;
; IN0[2]     ; S[4]        ; 3.717 ; 3.717 ; 3.717 ; 3.717 ;
; IN0[2]     ; S[5]        ; 3.709 ; 3.709 ; 3.709 ; 3.709 ;
; IN0[2]     ; S[6]        ; 3.637 ; 3.637 ; 3.637 ; 3.637 ;
; IN0[2]     ; S[7]        ; 4.417 ; 4.781 ; 4.781 ; 4.417 ;
; IN0[3]     ; F0[3]       ; 3.881 ; 3.881 ; 3.881 ; 3.881 ;
; IN0[3]     ; F0[4]       ; 3.289 ; 3.289 ; 3.289 ; 3.289 ;
; IN0[3]     ; F0[5]       ; 3.318 ;       ;       ; 3.318 ;
; IN0[3]     ; F1[5]       ; 3.519 ; 3.519 ; 3.519 ; 3.519 ;
; IN0[3]     ; F1[6]       ; 3.315 ; 3.315 ; 3.315 ; 3.315 ;
; IN0[3]     ; F1[7]       ; 3.344 ;       ;       ; 3.344 ;
; IN0[3]     ; S[3]        ; 4.189 ; 4.189 ; 4.189 ; 4.189 ;
; IN0[3]     ; S[4]        ; 3.680 ; 3.680 ; 3.680 ; 3.680 ;
; IN0[3]     ; S[5]        ; 3.619 ; 3.619 ; 3.619 ; 3.619 ;
; IN0[3]     ; S[6]        ; 3.376 ; 3.376 ; 3.376 ; 3.376 ;
; IN0[3]     ; S[7]        ; 4.160 ; 4.695 ; 4.695 ; 4.160 ;
; IN1[0]     ; F0[0]       ; 3.335 ;       ;       ; 3.335 ;
; IN1[0]     ; F0[1]       ; 3.482 ; 3.482 ; 3.482 ; 3.482 ;
; IN1[0]     ; F0[2]       ; 3.591 ; 3.591 ; 3.591 ; 3.591 ;
; IN1[0]     ; F0[3]       ; 3.908 ; 3.908 ; 3.908 ; 3.908 ;
; IN1[0]     ; F0[4]       ; 4.293 ; 4.293 ; 4.293 ; 4.293 ;
; IN1[0]     ; F0[5]       ; 4.318 ;       ;       ; 4.318 ;
; IN1[0]     ; S[0]        ; 3.553 ;       ;       ; 3.553 ;
; IN1[0]     ; S[1]        ; 3.541 ; 3.541 ; 3.541 ; 3.541 ;
; IN1[0]     ; S[2]        ; 3.718 ; 3.718 ; 3.718 ; 3.718 ;
; IN1[0]     ; S[3]        ; 3.722 ; 3.722 ; 3.722 ; 3.722 ;
; IN1[0]     ; S[4]        ; 4.195 ; 4.195 ; 4.195 ; 4.195 ;
; IN1[0]     ; S[5]        ; 4.370 ; 4.370 ; 4.370 ; 4.370 ;
; IN1[0]     ; S[6]        ; 4.661 ; 4.661 ; 4.661 ; 4.661 ;
; IN1[0]     ; S[7]        ; 5.440 ; 5.440 ; 5.440 ; 5.440 ;
; IN1[1]     ; F0[1]       ; 3.344 ; 3.344 ; 3.344 ; 3.344 ;
; IN1[1]     ; F0[2]       ; 3.452 ; 3.452 ; 3.452 ; 3.452 ;
; IN1[1]     ; F0[3]       ; 3.359 ; 3.359 ; 3.359 ; 3.359 ;
; IN1[1]     ; F0[4]       ; 3.338 ; 3.338 ; 3.338 ; 3.338 ;
; IN1[1]     ; F0[5]       ; 3.384 ;       ;       ; 3.384 ;
; IN1[1]     ; S[1]        ; 3.403 ; 3.403 ; 3.403 ; 3.403 ;
; IN1[1]     ; S[2]        ; 3.579 ; 3.579 ; 3.579 ; 3.579 ;
; IN1[1]     ; S[3]        ; 3.583 ; 3.583 ; 3.583 ; 3.583 ;
; IN1[1]     ; S[4]        ; 3.729 ; 3.729 ; 3.729 ; 3.729 ;
; IN1[1]     ; S[5]        ; 3.685 ; 3.685 ; 3.685 ; 3.685 ;
; IN1[1]     ; S[6]        ; 3.985 ; 3.985 ; 3.985 ; 3.985 ;
; IN1[1]     ; S[7]        ; 4.764 ; 4.977 ; 4.977 ; 4.764 ;
; IN1[2]     ; F1[2]       ; 3.311 ;       ;       ; 3.311 ;
; IN1[2]     ; F1[3]       ; 3.335 ; 3.335 ; 3.335 ; 3.335 ;
; IN1[2]     ; F1[4]       ; 3.767 ; 3.767 ; 3.767 ; 3.767 ;
; IN1[2]     ; F1[5]       ; 3.542 ; 3.542 ; 3.542 ; 3.542 ;
; IN1[2]     ; F1[6]       ; 3.801 ; 3.801 ; 3.801 ; 3.801 ;
; IN1[2]     ; F1[7]       ; 3.818 ;       ;       ; 3.818 ;
; IN1[2]     ; S[2]        ; 3.355 ; 3.355 ; 3.355 ; 3.355 ;
; IN1[2]     ; S[3]        ; 3.607 ; 3.607 ; 3.607 ; 3.607 ;
; IN1[2]     ; S[4]        ; 3.775 ; 3.775 ; 3.775 ; 3.775 ;
; IN1[2]     ; S[5]        ; 3.648 ; 3.648 ; 3.648 ; 3.648 ;
; IN1[2]     ; S[6]        ; 3.720 ; 3.720 ; 3.720 ; 3.720 ;
; IN1[2]     ; S[7]        ; 4.500 ; 4.718 ; 4.718 ; 4.500 ;
; IN1[3]     ; F1[3]       ; 3.939 ; 3.939 ; 3.939 ; 3.939 ;
; IN1[3]     ; F1[4]       ; 4.377 ; 4.377 ; 4.377 ; 4.377 ;
; IN1[3]     ; F1[5]       ; 4.315 ; 4.315 ; 4.315 ; 4.315 ;
; IN1[3]     ; F1[6]       ; 4.108 ; 4.108 ; 4.108 ; 4.108 ;
; IN1[3]     ; F1[7]       ; 4.115 ;       ;       ; 4.115 ;
; IN1[3]     ; S[3]        ; 4.254 ; 4.254 ; 4.254 ; 4.254 ;
; IN1[3]     ; S[4]        ; 4.385 ; 4.385 ; 4.385 ; 4.385 ;
; IN1[3]     ; S[5]        ; 4.421 ; 4.421 ; 4.421 ; 4.421 ;
; IN1[3]     ; S[6]        ; 4.102 ; 4.102 ; 4.102 ; 4.102 ;
; IN1[3]     ; S[7]        ; 4.881 ; 5.491 ; 5.491 ; 4.881 ;
+------------+-------------+-------+-------+-------+-------+


-------------------
; Clock Transfers ;
-------------------
Nothing to report.


---------------
; Report TCCS ;
---------------
No dedicated SERDES Transmitter circuitry present in device or used in design


---------------
; Report RSKM ;
---------------
No dedicated SERDES Receiver circuitry present in device or used in design


+------------------------------------------------+
; Unconstrained Paths                            ;
+---------------------------------+-------+------+
; Property                        ; Setup ; Hold ;
+---------------------------------+-------+------+
; Illegal Clocks                  ; 0     ; 0    ;
; Unconstrained Clocks            ; 0     ; 0    ;
; Unconstrained Input Ports       ; 8     ; 8    ;
; Unconstrained Input Port Paths  ; 110   ; 110  ;
; Unconstrained Output Ports      ; 20    ; 20   ;
; Unconstrained Output Port Paths ; 110   ; 110  ;
+---------------------------------+-------+------+


+------------------------------------+
; TimeQuest Timing Analyzer Messages ;
+------------------------------------+
Info: *******************************************************************
Info: Running Quartus II 64-Bit TimeQuest Timing Analyzer
    Info: Version 13.0.1 Build 232 06/12/2013 Service Pack 1 SJ Web Edition
    Info: Processing started: Thu Apr 20 09:20:54 2023
Info: Command: quartus_sta NHAN4BIT -c NHAN4BIT
Info: qsta_default_script.tcl version: #1
Warning (20028): Parallel compilation is not licensed and has been disabled
Info (21077): Low junction temperature is 0 degrees C
Info (21077): High junction temperature is 85 degrees C
Critical Warning (332012): Synopsys Design Constraints File file not found: 'NHAN4BIT.sdc'. A Synopsys Design Constraints File is required by the TimeQuest Timing Analyzer to get proper timing constraints. Without it, the Compiler will not properly optimize the design.
Info (332142): No user constrained base clocks found in the design. Calling "derive_clocks -period 1.0"
Info (332096): The command derive_clocks did not find any clocks to derive.  No clocks were created or changed.
Warning (332068): No clocks defined in design.
Info: Found TIMEQUEST_REPORT_SCRIPT_INCLUDE_DEFAULT_ANALYSIS = ON
Info (332159): No clocks to report
Info: Analyzing Slow Model
Info (332140): No fmax paths to report
Info (332140): No Setup paths to report
Info (332140): No Hold paths to report
Info (332140): No Recovery paths to report
Info (332140): No Removal paths to report
Info (332140): No Minimum Pulse Width paths to report
Info (332001): The selected device family is not supported by the report_metastability command.
Info: Analyzing Fast Model
Info (332142): No user constrained base clocks found in the design. Calling "derive_clocks -period 1.0"
Info (332096): The command derive_clocks did not find any clocks to derive.  No clocks were created or changed.
Warning (332068): No clocks defined in design.
Info (332140): No Setup paths to report
Info (332140): No Hold paths to report
Info (332140): No Recovery paths to report
Info (332140): No Removal paths to report
Info (332140): No Minimum Pulse Width paths to report
Info (332001): The selected device family is not supported by the report_metastability command.
Info (332102): Design is not fully constrained for setup requirements
Info (332102): Design is not fully constrained for hold requirements
Info: Quartus II 64-Bit TimeQuest Timing Analyzer was successful. 0 errors, 4 warnings
    Info: Peak virtual memory: 4544 megabytes
    Info: Processing ended: Thu Apr 20 09:20:55 2023
    Info: Elapsed time: 00:00:01
    Info: Total CPU time (on all processors): 00:00:01


