Analysis & Synthesis report for SRA_DTP_PL
Sat May 13 10:00:39 2023
Quartus II 64-Bit Version 13.0.1 Build 232 06/12/2013 Service Pack 1 SJ Web Edition


---------------------
; Table of Contents ;
---------------------
  1. Legal Notice
  2. Analysis & Synthesis Summary
  3. Analysis & Synthesis Settings
  4. Parallel Compilation
  5. Analysis & Synthesis Source Files Read
  6. Analysis & Synthesis Resource Usage Summary
  7. Analysis & Synthesis Resource Utilization by Entity
  8. Registers Removed During Synthesis
  9. General Register Statistics
 10. Inverted Register Statistics
 11. Multiplexer Restructuring Statistics (Restructuring Performed)
 12. Elapsed Time Per Partition
 13. Analysis & Synthesis Messages



----------------
; Legal Notice ;
----------------
Copyright (C) 1991-2013 Altera Corporation
Your use of Altera Corporation's design tools, logic functions 
and other software and tools, and its AMPP partner logic 
functions, and any output files from any of the foregoing 
(including device programming or simulation files), and any 
associated documentation or information are expressly subject 
to the terms and conditions of the Altera Program License 
Subscription Agreement, Altera MegaCore Function License 
Agreement, or other applicable license agreement, including, 
without limitation, that your use is for the sole purpose of 
programming logic devices manufactured by Altera and sold by 
Altera or its authorized distributors.  Please refer to the 
applicable agreement for further details.



+--------------------------------------------------------------------------------------+
; Analysis & Synthesis Summary                                                         ;
+------------------------------------+-------------------------------------------------+
; Analysis & Synthesis Status        ; Successful - Sat May 13 10:00:39 2023           ;
; Quartus II 64-Bit Version          ; 13.0.1 Build 232 06/12/2013 SP 1 SJ Web Edition ;
; Revision Name                      ; SRA_DTP_PL                                      ;
; Top-level Entity Name              ; SRA_DTP_PL                                      ;
; Family                             ; Cyclone II                                      ;
; Total logic elements               ; 123                                             ;
;     Total combinational functions  ; 108                                             ;
;     Dedicated logic registers      ; 43                                              ;
; Total registers                    ; 43                                              ;
; Total pins                         ; 28                                              ;
; Total virtual pins                 ; 0                                               ;
; Total memory bits                  ; 0                                               ;
; Embedded Multiplier 9-bit elements ; 0                                               ;
; Total PLLs                         ; 0                                               ;
+------------------------------------+-------------------------------------------------+


+----------------------------------------------------------------------------------------------------------------------+
; Analysis & Synthesis Settings                                                                                        ;
+----------------------------------------------------------------------------+--------------------+--------------------+
; Option                                                                     ; Setting            ; Default Value      ;
+----------------------------------------------------------------------------+--------------------+--------------------+
; Device                                                                     ; EP2C35F672C6       ;                    ;
; Top-level entity name                                                      ; SRA_DTP_PL         ; SRA_DTP_PL         ;
; Family name                                                                ; Cyclone II         ; Cyclone IV GX      ;
; Use smart compilation                                                      ; Off                ; Off                ;
; Enable parallel Assembler and TimeQuest Timing Analyzer during compilation ; On                 ; On                 ;
; Enable compact report table                                                ; Off                ; Off                ;
; Restructure Multiplexers                                                   ; Auto               ; Auto               ;
; Create Debugging Nodes for IP Cores                                        ; Off                ; Off                ;
; Preserve fewer node names                                                  ; On                 ; On                 ;
; Disable OpenCore Plus hardware evaluation                                  ; Off                ; Off                ;
; Verilog Version                                                            ; Verilog_2001       ; Verilog_2001       ;
; VHDL Version                                                               ; VHDL_1993          ; VHDL_1993          ;
; State Machine Processing                                                   ; Auto               ; Auto               ;
; Safe State Machine                                                         ; Off                ; Off                ;
; Extract Verilog State Machines                                             ; On                 ; On                 ;
; Extract VHDL State Machines                                                ; On                 ; On                 ;
; Ignore Verilog initial constructs                                          ; Off                ; Off                ;
; Iteration limit for constant Verilog loops                                 ; 5000               ; 5000               ;
; Iteration limit for non-constant Verilog loops                             ; 250                ; 250                ;
; Add Pass-Through Logic to Inferred RAMs                                    ; On                 ; On                 ;
; Infer RAMs from Raw Logic                                                  ; On                 ; On                 ;
; Parallel Synthesis                                                         ; On                 ; On                 ;
; DSP Block Balancing                                                        ; Auto               ; Auto               ;
; NOT Gate Push-Back                                                         ; On                 ; On                 ;
; Power-Up Don't Care                                                        ; On                 ; On                 ;
; Remove Redundant Logic Cells                                               ; Off                ; Off                ;
; Remove Duplicate Registers                                                 ; On                 ; On                 ;
; Ignore CARRY Buffers                                                       ; Off                ; Off                ;
; Ignore CASCADE Buffers                                                     ; Off                ; Off                ;
; Ignore GLOBAL Buffers                                                      ; Off                ; Off                ;
; Ignore ROW GLOBAL Buffers                                                  ; Off                ; Off                ;
; Ignore LCELL Buffers                                                       ; Off                ; Off                ;
; Ignore SOFT Buffers                                                        ; On                 ; On                 ;
; Limit AHDL Integers to 32 Bits                                             ; Off                ; Off                ;
; Optimization Technique                                                     ; Balanced           ; Balanced           ;
; Carry Chain Length                                                         ; 70                 ; 70                 ;
; Auto Carry Chains                                                          ; On                 ; On                 ;
; Auto Open-Drain Pins                                                       ; On                 ; On                 ;
; Perform WYSIWYG Primitive Resynthesis                                      ; Off                ; Off                ;
; Auto ROM Replacement                                                       ; On                 ; On                 ;
; Auto RAM Replacement                                                       ; On                 ; On                 ;
; Auto Shift Register Replacement                                            ; Auto               ; Auto               ;
; Allow Shift Register Merging across Hierarchies                            ; Auto               ; Auto               ;
; Auto Clock Enable Replacement                                              ; On                 ; On                 ;
; Strict RAM Replacement                                                     ; Off                ; Off                ;
; Allow Synchronous Control Signals                                          ; On                 ; On                 ;
; Force Use of Synchronous Clear Signals                                     ; Off                ; Off                ;
; Auto RAM to Logic Cell Conversion                                          ; Off                ; Off                ;
; Auto Resource Sharing                                                      ; Off                ; Off                ;
; Allow Any RAM Size For Recognition                                         ; Off                ; Off                ;
; Allow Any ROM Size For Recognition                                         ; Off                ; Off                ;
; Allow Any Shift Register Size For Recognition                              ; Off                ; Off                ;
; Use LogicLock Constraints during Resource Balancing                        ; On                 ; On                 ;
; Ignore translate_off and synthesis_off directives                          ; Off                ; Off                ;
; Timing-Driven Synthesis                                                    ; Off                ; Off                ;
; Report Parameter Settings                                                  ; On                 ; On                 ;
; Report Source Assignments                                                  ; On                 ; On                 ;
; Report Connectivity Checks                                                 ; On                 ; On                 ;
; Ignore Maximum Fan-Out Assignments                                         ; Off                ; Off                ;
; Synchronization Register Chain Length                                      ; 2                  ; 2                  ;
; PowerPlay Power Optimization                                               ; Normal compilation ; Normal compilation ;
; HDL message level                                                          ; Level2             ; Level2             ;
; Suppress Register Optimization Related Messages                            ; Off                ; Off                ;
; Number of Removed Registers Reported in Synthesis Report                   ; 5000               ; 5000               ;
; Number of Swept Nodes Reported in Synthesis Report                         ; 5000               ; 5000               ;
; Number of Inverted Registers Reported in Synthesis Report                  ; 100                ; 100                ;
; Clock MUX Protection                                                       ; On                 ; On                 ;
; Auto Gated Clock Conversion                                                ; Off                ; Off                ;
; Block Design Naming                                                        ; Auto               ; Auto               ;
; SDC constraint protection                                                  ; Off                ; Off                ;
; Synthesis Effort                                                           ; Auto               ; Auto               ;
; Shift Register Replacement - Allow Asynchronous Clear Signal               ; On                 ; On                 ;
; Pre-Mapping Resynthesis Optimization                                       ; Off                ; Off                ;
; Analysis & Synthesis Message Level                                         ; Medium             ; Medium             ;
; Disable Register Merging Across Hierarchies                                ; Auto               ; Auto               ;
; Resource Aware Inference For Block RAM                                     ; On                 ; On                 ;
; Synthesis Seed                                                             ; 1                  ; 1                  ;
+----------------------------------------------------------------------------+--------------------+--------------------+


Parallel compilation was disabled, but you have multiple processors available. Enable parallel compilation to reduce compilation time.
+-------------------------------------+
; Parallel Compilation                ;
+----------------------------+--------+
; Processors                 ; Number ;
+----------------------------+--------+
; Number detected on machine ; 12     ;
; Maximum allowed            ; 1      ;
+----------------------------+--------+


+--------------------------------------------------------------------------------------------------------------------------------------------------------------------------------------+
; Analysis & Synthesis Source Files Read                                                                                                                                               ;
+----------------------------------+-----------------+------------------------------------------+----------------------------------------------------------------------------+---------+
; File Name with User-Entered Path ; Used in Netlist ; File Type                                ; File Name with Absolute Path                                               ; Library ;
+----------------------------------+-----------------+------------------------------------------+----------------------------------------------------------------------------+---------+
; MUX2.bdf                         ; yes             ; User Block Diagram/Schematic File        ; E:/THIET_KE_LUAN_LY_SO/datapath_pinelined_SRA/SRA_DTP_PL/MUX2.bdf          ;         ;
; REG_8BIT.bdf                     ; yes             ; User Block Diagram/Schematic File        ; E:/THIET_KE_LUAN_LY_SO/datapath_pinelined_SRA/SRA_DTP_PL/REG_8BIT.bdf      ;         ;
; SHIFT_RIGHT_3.bdf                ; yes             ; User Block Diagram/Schematic File        ; E:/THIET_KE_LUAN_LY_SO/datapath_pinelined_SRA/SRA_DTP_PL/SHIFT_RIGHT_3.bdf ;         ;
; SHIFT_RIGHT_1.bdf                ; yes             ; User Block Diagram/Schematic File        ; E:/THIET_KE_LUAN_LY_SO/datapath_pinelined_SRA/SRA_DTP_PL/SHIFT_RIGHT_1.bdf ;         ;
; MUX28.bdf                        ; yes             ; User Block Diagram/Schematic File        ; E:/THIET_KE_LUAN_LY_SO/datapath_pinelined_SRA/SRA_DTP_PL/MUX28.bdf         ;         ;
; ADD.bdf                          ; yes             ; User Block Diagram/Schematic File        ; E:/THIET_KE_LUAN_LY_SO/datapath_pinelined_SRA/SRA_DTP_PL/ADD.bdf           ;         ;
; ABS_MIN_MAX.bdf                  ; yes             ; User Block Diagram/Schematic File        ; E:/THIET_KE_LUAN_LY_SO/datapath_pinelined_SRA/SRA_DTP_PL/ABS_MIN_MAX.bdf   ;         ;
; ADD_SUB_MAX.bdf                  ; yes             ; User Block Diagram/Schematic File        ; E:/THIET_KE_LUAN_LY_SO/datapath_pinelined_SRA/SRA_DTP_PL/ADD_SUB_MAX.bdf   ;         ;
; TTKT.bdf                         ; yes             ; User Block Diagram/Schematic File        ; E:/THIET_KE_LUAN_LY_SO/datapath_pinelined_SRA/SRA_DTP_PL/TTKT.bdf          ;         ;
; DATAPATH.bdf                     ; yes             ; User Block Diagram/Schematic File        ; E:/THIET_KE_LUAN_LY_SO/datapath_pinelined_SRA/SRA_DTP_PL/DATAPATH.bdf      ;         ;
; DECODE_WRITE.bdf                 ; yes             ; User Block Diagram/Schematic File        ; E:/THIET_KE_LUAN_LY_SO/datapath_pinelined_SRA/SRA_DTP_PL/DECODE_WRITE.bdf  ;         ;
; DECODE_AU.bdf                    ; yes             ; User Block Diagram/Schematic File        ; E:/THIET_KE_LUAN_LY_SO/datapath_pinelined_SRA/SRA_DTP_PL/DECODE_AU.bdf     ;         ;
; DECODE_TRI.bdf                   ; yes             ; User Block Diagram/Schematic File        ; E:/THIET_KE_LUAN_LY_SO/datapath_pinelined_SRA/SRA_DTP_PL/DECODE_TRI.bdf    ;         ;
; CONTROL.bdf                      ; yes             ; User Block Diagram/Schematic File        ; E:/THIET_KE_LUAN_LY_SO/datapath_pinelined_SRA/SRA_DTP_PL/CONTROL.bdf       ;         ;
; SRA_DTP_PL.bdf                   ; yes             ; User Block Diagram/Schematic File        ; E:/THIET_KE_LUAN_LY_SO/datapath_pinelined_SRA/SRA_DTP_PL/SRA_DTP_PL.bdf    ;         ;
; fa.bdf                           ; yes             ; Auto-Found Block Diagram/Schematic File  ; E:/THIET_KE_LUAN_LY_SO/datapath_pinelined_SRA/SRA_DTP_PL/fa.bdf            ;         ;
+----------------------------------+-----------------+------------------------------------------+----------------------------------------------------------------------------+---------+


+-----------------------------------------------------+
; Analysis & Synthesis Resource Usage Summary         ;
+---------------------------------------------+-------+
; Resource                                    ; Usage ;
+---------------------------------------------+-------+
; Estimated Total logic elements              ; 123   ;
;                                             ;       ;
; Total combinational functions               ; 108   ;
; Logic element usage by number of LUT inputs ;       ;
;     -- 4 input functions                    ; 58    ;
;     -- 3 input functions                    ; 42    ;
;     -- <=2 input functions                  ; 8     ;
;                                             ;       ;
; Logic elements by mode                      ;       ;
;     -- normal mode                          ; 108   ;
;     -- arithmetic mode                      ; 0     ;
;                                             ;       ;
; Total registers                             ; 43    ;
;     -- Dedicated logic registers            ; 43    ;
;     -- I/O registers                        ; 0     ;
;                                             ;       ;
; I/O pins                                    ; 28    ;
; Embedded Multiplier 9-bit elements          ; 0     ;
; Maximum fan-out node                        ; CLK   ;
; Maximum fan-out                             ; 43    ;
; Total fan-out                               ; 570   ;
; Average fan-out                             ; 3.18  ;
+---------------------------------------------+-------+


+------------------------------------------------------------------------------------------------------------------------------------------------------------------------------------------------------------------------------+
; Analysis & Synthesis Resource Utilization by Entity                                                                                                                                                                          ;
+----------------------------+-------------------+--------------+-------------+--------------+---------+-----------+------+--------------+----------------------------------------------------------------------+--------------+
; Compilation Hierarchy Node ; LC Combinationals ; LC Registers ; Memory Bits ; DSP Elements ; DSP 9x9 ; DSP 18x18 ; Pins ; Virtual Pins ; Full Hierarchy Name                                                  ; Library Name ;
+----------------------------+-------------------+--------------+-------------+--------------+---------+-----------+------+--------------+----------------------------------------------------------------------+--------------+
; |SRA_DTP_PL                ; 108 (0)           ; 43 (0)       ; 0           ; 0            ; 0       ; 0         ; 28   ; 0            ; |SRA_DTP_PL                                                          ; work         ;
;    |CONTROL:inst|          ; 13 (0)            ; 4 (4)        ; 0           ; 0            ; 0       ; 0         ; 0    ; 0            ; |SRA_DTP_PL|CONTROL:inst                                             ; work         ;
;       |DECODE_AU:inst6|    ; 2 (2)             ; 0 (0)        ; 0           ; 0            ; 0       ; 0         ; 0    ; 0            ; |SRA_DTP_PL|CONTROL:inst|DECODE_AU:inst6                             ; work         ;
;       |DECODE_TRI:inst7|   ; 4 (4)             ; 0 (0)        ; 0           ; 0            ; 0       ; 0         ; 0    ; 0            ; |SRA_DTP_PL|CONTROL:inst|DECODE_TRI:inst7                            ; work         ;
;       |DECODE_WRITE:inst8| ; 4 (4)             ; 0 (0)        ; 0           ; 0            ; 0       ; 0         ; 0    ; 0            ; |SRA_DTP_PL|CONTROL:inst|DECODE_WRITE:inst8                          ; work         ;
;       |TTKT:inst2|         ; 3 (3)             ; 0 (0)        ; 0           ; 0            ; 0       ; 0         ; 0    ; 0            ; |SRA_DTP_PL|CONTROL:inst|TTKT:inst2                                  ; work         ;
;    |DATAPATH:inst5|        ; 95 (14)           ; 39 (0)       ; 0           ; 0            ; 0       ; 0         ; 0    ; 0            ; |SRA_DTP_PL|DATAPATH:inst5                                           ; work         ;
;       |ABS_MIN_MAX:inst6|  ; 23 (1)            ; 0 (0)        ; 0           ; 0            ; 0       ; 0         ; 0    ; 0            ; |SRA_DTP_PL|DATAPATH:inst5|ABS_MIN_MAX:inst6                         ; work         ;
;          |ADD:inst|        ; 13 (0)            ; 0 (0)        ; 0           ; 0            ; 0       ; 0         ; 0    ; 0            ; |SRA_DTP_PL|DATAPATH:inst5|ABS_MIN_MAX:inst6|ADD:inst                ; work         ;
;             |FA:inst1|     ; 2 (2)             ; 0 (0)        ; 0           ; 0            ; 0       ; 0         ; 0    ; 0            ; |SRA_DTP_PL|DATAPATH:inst5|ABS_MIN_MAX:inst6|ADD:inst|FA:inst1       ; work         ;
;             |FA:inst2|     ; 1 (1)             ; 0 (0)        ; 0           ; 0            ; 0       ; 0         ; 0    ; 0            ; |SRA_DTP_PL|DATAPATH:inst5|ABS_MIN_MAX:inst6|ADD:inst|FA:inst2       ; work         ;
;             |FA:inst3|     ; 2 (2)             ; 0 (0)        ; 0           ; 0            ; 0       ; 0         ; 0    ; 0            ; |SRA_DTP_PL|DATAPATH:inst5|ABS_MIN_MAX:inst6|ADD:inst|FA:inst3       ; work         ;
;             |FA:inst4|     ; 1 (1)             ; 0 (0)        ; 0           ; 0            ; 0       ; 0         ; 0    ; 0            ; |SRA_DTP_PL|DATAPATH:inst5|ABS_MIN_MAX:inst6|ADD:inst|FA:inst4       ; work         ;
;             |FA:inst5|     ; 1 (1)             ; 0 (0)        ; 0           ; 0            ; 0       ; 0         ; 0    ; 0            ; |SRA_DTP_PL|DATAPATH:inst5|ABS_MIN_MAX:inst6|ADD:inst|FA:inst5       ; work         ;
;             |FA:inst6|     ; 4 (4)             ; 0 (0)        ; 0           ; 0            ; 0       ; 0         ; 0    ; 0            ; |SRA_DTP_PL|DATAPATH:inst5|ABS_MIN_MAX:inst6|ADD:inst|FA:inst6       ; work         ;
;             |FA:inst|      ; 2 (2)             ; 0 (0)        ; 0           ; 0            ; 0       ; 0         ; 0    ; 0            ; |SRA_DTP_PL|DATAPATH:inst5|ABS_MIN_MAX:inst6|ADD:inst|FA:inst        ; work         ;
;          |MUX28:inst3|     ; 9 (0)             ; 0 (0)        ; 0           ; 0            ; 0       ; 0         ; 0    ; 0            ; |SRA_DTP_PL|DATAPATH:inst5|ABS_MIN_MAX:inst6|MUX28:inst3             ; work         ;
;             |MUX2:inst10|  ; 1 (1)             ; 0 (0)        ; 0           ; 0            ; 0       ; 0         ; 0    ; 0            ; |SRA_DTP_PL|DATAPATH:inst5|ABS_MIN_MAX:inst6|MUX28:inst3|MUX2:inst10 ; work         ;
;             |MUX2:inst11|  ; 1 (1)             ; 0 (0)        ; 0           ; 0            ; 0       ; 0         ; 0    ; 0            ; |SRA_DTP_PL|DATAPATH:inst5|ABS_MIN_MAX:inst6|MUX28:inst3|MUX2:inst11 ; work         ;
;             |MUX2:inst12|  ; 1 (1)             ; 0 (0)        ; 0           ; 0            ; 0       ; 0         ; 0    ; 0            ; |SRA_DTP_PL|DATAPATH:inst5|ABS_MIN_MAX:inst6|MUX28:inst3|MUX2:inst12 ; work         ;
;             |MUX2:inst13|  ; 2 (2)             ; 0 (0)        ; 0           ; 0            ; 0       ; 0         ; 0    ; 0            ; |SRA_DTP_PL|DATAPATH:inst5|ABS_MIN_MAX:inst6|MUX28:inst3|MUX2:inst13 ; work         ;
;             |MUX2:inst6|   ; 1 (1)             ; 0 (0)        ; 0           ; 0            ; 0       ; 0         ; 0    ; 0            ; |SRA_DTP_PL|DATAPATH:inst5|ABS_MIN_MAX:inst6|MUX28:inst3|MUX2:inst6  ; work         ;
;             |MUX2:inst7|   ; 1 (1)             ; 0 (0)        ; 0           ; 0            ; 0       ; 0         ; 0    ; 0            ; |SRA_DTP_PL|DATAPATH:inst5|ABS_MIN_MAX:inst6|MUX28:inst3|MUX2:inst7  ; work         ;
;             |MUX2:inst8|   ; 1 (1)             ; 0 (0)        ; 0           ; 0            ; 0       ; 0         ; 0    ; 0            ; |SRA_DTP_PL|DATAPATH:inst5|ABS_MIN_MAX:inst6|MUX28:inst3|MUX2:inst8  ; work         ;
;             |MUX2:inst9|   ; 1 (1)             ; 0 (0)        ; 0           ; 0            ; 0       ; 0         ; 0    ; 0            ; |SRA_DTP_PL|DATAPATH:inst5|ABS_MIN_MAX:inst6|MUX28:inst3|MUX2:inst9  ; work         ;
;       |ADD_SUB_MAX:inst13| ; 19 (7)            ; 0 (0)        ; 0           ; 0            ; 0       ; 0         ; 0    ; 0            ; |SRA_DTP_PL|DATAPATH:inst5|ADD_SUB_MAX:inst13                        ; work         ;
;          |ADD:inst|        ; 12 (0)            ; 0 (0)        ; 0           ; 0            ; 0       ; 0         ; 0    ; 0            ; |SRA_DTP_PL|DATAPATH:inst5|ADD_SUB_MAX:inst13|ADD:inst               ; work         ;
;             |FA:inst1|     ; 1 (1)             ; 0 (0)        ; 0           ; 0            ; 0       ; 0         ; 0    ; 0            ; |SRA_DTP_PL|DATAPATH:inst5|ADD_SUB_MAX:inst13|ADD:inst|FA:inst1      ; work         ;
;             |FA:inst2|     ; 1 (1)             ; 0 (0)        ; 0           ; 0            ; 0       ; 0         ; 0    ; 0            ; |SRA_DTP_PL|DATAPATH:inst5|ADD_SUB_MAX:inst13|ADD:inst|FA:inst2      ; work         ;
;             |FA:inst3|     ; 2 (2)             ; 0 (0)        ; 0           ; 0            ; 0       ; 0         ; 0    ; 0            ; |SRA_DTP_PL|DATAPATH:inst5|ADD_SUB_MAX:inst13|ADD:inst|FA:inst3      ; work         ;
;             |FA:inst4|     ; 2 (2)             ; 0 (0)        ; 0           ; 0            ; 0       ; 0         ; 0    ; 0            ; |SRA_DTP_PL|DATAPATH:inst5|ADD_SUB_MAX:inst13|ADD:inst|FA:inst4      ; work         ;
;             |FA:inst5|     ; 2 (2)             ; 0 (0)        ; 0           ; 0            ; 0       ; 0         ; 0    ; 0            ; |SRA_DTP_PL|DATAPATH:inst5|ADD_SUB_MAX:inst13|ADD:inst|FA:inst5      ; work         ;
;             |FA:inst6|     ; 2 (2)             ; 0 (0)        ; 0           ; 0            ; 0       ; 0         ; 0    ; 0            ; |SRA_DTP_PL|DATAPATH:inst5|ADD_SUB_MAX:inst13|ADD:inst|FA:inst6      ; work         ;
;             |FA:inst7|     ; 1 (1)             ; 0 (0)        ; 0           ; 0            ; 0       ; 0         ; 0    ; 0            ; |SRA_DTP_PL|DATAPATH:inst5|ADD_SUB_MAX:inst13|ADD:inst|FA:inst7      ; work         ;
;             |FA:inst|      ; 1 (1)             ; 0 (0)        ; 0           ; 0            ; 0       ; 0         ; 0    ; 0            ; |SRA_DTP_PL|DATAPATH:inst5|ADD_SUB_MAX:inst13|ADD:inst|FA:inst       ; work         ;
;       |REG_8BIT:inst1|     ; 8 (7)             ; 8 (8)        ; 0           ; 0            ; 0       ; 0         ; 0    ; 0            ; |SRA_DTP_PL|DATAPATH:inst5|REG_8BIT:inst1                            ; work         ;
;          |MUX28:inst9|     ; 1 (0)             ; 0 (0)        ; 0           ; 0            ; 0       ; 0         ; 0    ; 0            ; |SRA_DTP_PL|DATAPATH:inst5|REG_8BIT:inst1|MUX28:inst9                ; work         ;
;             |MUX2:inst13|  ; 1 (1)             ; 0 (0)        ; 0           ; 0            ; 0       ; 0         ; 0    ; 0            ; |SRA_DTP_PL|DATAPATH:inst5|REG_8BIT:inst1|MUX28:inst9|MUX2:inst13    ; work         ;
;       |REG_8BIT:inst2|     ; 23 (9)            ; 8 (8)        ; 0           ; 0            ; 0       ; 0         ; 0    ; 0            ; |SRA_DTP_PL|DATAPATH:inst5|REG_8BIT:inst2                            ; work         ;
;          |MUX28:inst9|     ; 14 (0)            ; 0 (0)        ; 0           ; 0            ; 0       ; 0         ; 0    ; 0            ; |SRA_DTP_PL|DATAPATH:inst5|REG_8BIT:inst2|MUX28:inst9                ; work         ;
;             |MUX2:inst10|  ; 2 (2)             ; 0 (0)        ; 0           ; 0            ; 0       ; 0         ; 0    ; 0            ; |SRA_DTP_PL|DATAPATH:inst5|REG_8BIT:inst2|MUX28:inst9|MUX2:inst10    ; work         ;
;             |MUX2:inst11|  ; 2 (2)             ; 0 (0)        ; 0           ; 0            ; 0       ; 0         ; 0    ; 0            ; |SRA_DTP_PL|DATAPATH:inst5|REG_8BIT:inst2|MUX28:inst9|MUX2:inst11    ; work         ;
;             |MUX2:inst12|  ; 2 (2)             ; 0 (0)        ; 0           ; 0            ; 0       ; 0         ; 0    ; 0            ; |SRA_DTP_PL|DATAPATH:inst5|REG_8BIT:inst2|MUX28:inst9|MUX2:inst12    ; work         ;
;             |MUX2:inst6|   ; 2 (2)             ; 0 (0)        ; 0           ; 0            ; 0       ; 0         ; 0    ; 0            ; |SRA_DTP_PL|DATAPATH:inst5|REG_8BIT:inst2|MUX28:inst9|MUX2:inst6     ; work         ;
;             |MUX2:inst7|   ; 2 (2)             ; 0 (0)        ; 0           ; 0            ; 0       ; 0         ; 0    ; 0            ; |SRA_DTP_PL|DATAPATH:inst5|REG_8BIT:inst2|MUX28:inst9|MUX2:inst7     ; work         ;
;             |MUX2:inst8|   ; 2 (2)             ; 0 (0)        ; 0           ; 0            ; 0       ; 0         ; 0    ; 0            ; |SRA_DTP_PL|DATAPATH:inst5|REG_8BIT:inst2|MUX28:inst9|MUX2:inst8     ; work         ;
;             |MUX2:inst9|   ; 2 (2)             ; 0 (0)        ; 0           ; 0            ; 0       ; 0         ; 0    ; 0            ; |SRA_DTP_PL|DATAPATH:inst5|REG_8BIT:inst2|MUX28:inst9|MUX2:inst9     ; work         ;
;       |REG_8BIT:inst3|     ; 0 (0)             ; 8 (8)        ; 0           ; 0            ; 0       ; 0         ; 0    ; 0            ; |SRA_DTP_PL|DATAPATH:inst5|REG_8BIT:inst3                            ; work         ;
;       |REG_8BIT:inst4|     ; 0 (0)             ; 7 (7)        ; 0           ; 0            ; 0       ; 0         ; 0    ; 0            ; |SRA_DTP_PL|DATAPATH:inst5|REG_8BIT:inst4                            ; work         ;
;       |REG_8BIT:inst|      ; 8 (1)             ; 8 (8)        ; 0           ; 0            ; 0       ; 0         ; 0    ; 0            ; |SRA_DTP_PL|DATAPATH:inst5|REG_8BIT:inst                             ; work         ;
;          |MUX28:inst9|     ; 7 (0)             ; 0 (0)        ; 0           ; 0            ; 0       ; 0         ; 0    ; 0            ; |SRA_DTP_PL|DATAPATH:inst5|REG_8BIT:inst|MUX28:inst9                 ; work         ;
;             |MUX2:inst10|  ; 1 (1)             ; 0 (0)        ; 0           ; 0            ; 0       ; 0         ; 0    ; 0            ; |SRA_DTP_PL|DATAPATH:inst5|REG_8BIT:inst|MUX28:inst9|MUX2:inst10     ; work         ;
;             |MUX2:inst11|  ; 1 (1)             ; 0 (0)        ; 0           ; 0            ; 0       ; 0         ; 0    ; 0            ; |SRA_DTP_PL|DATAPATH:inst5|REG_8BIT:inst|MUX28:inst9|MUX2:inst11     ; work         ;
;             |MUX2:inst12|  ; 1 (1)             ; 0 (0)        ; 0           ; 0            ; 0       ; 0         ; 0    ; 0            ; |SRA_DTP_PL|DATAPATH:inst5|REG_8BIT:inst|MUX28:inst9|MUX2:inst12     ; work         ;
;             |MUX2:inst6|   ; 1 (1)             ; 0 (0)        ; 0           ; 0            ; 0       ; 0         ; 0    ; 0            ; |SRA_DTP_PL|DATAPATH:inst5|REG_8BIT:inst|MUX28:inst9|MUX2:inst6      ; work         ;
;             |MUX2:inst7|   ; 1 (1)             ; 0 (0)        ; 0           ; 0            ; 0       ; 0         ; 0    ; 0            ; |SRA_DTP_PL|DATAPATH:inst5|REG_8BIT:inst|MUX28:inst9|MUX2:inst7      ; work         ;
;             |MUX2:inst8|   ; 1 (1)             ; 0 (0)        ; 0           ; 0            ; 0       ; 0         ; 0    ; 0            ; |SRA_DTP_PL|DATAPATH:inst5|REG_8BIT:inst|MUX28:inst9|MUX2:inst8      ; work         ;
;             |MUX2:inst9|   ; 1 (1)             ; 0 (0)        ; 0           ; 0            ; 0       ; 0         ; 0    ; 0            ; |SRA_DTP_PL|DATAPATH:inst5|REG_8BIT:inst|MUX28:inst9|MUX2:inst9      ; work         ;
+----------------------------+-------------------+--------------+-------------+--------------+---------+-----------+------+--------------+----------------------------------------------------------------------+--------------+
Note: For table entries with two numbers listed, the numbers in parentheses indicate the number of resources of the given type used by the specific entity alone. The numbers listed outside of parentheses indicate the total resources of the given type used by the specific entity and all of its sub-entities in the hierarchy.


+--------------------------------------------------------------------------------+
; Registers Removed During Synthesis                                             ;
+---------------------------------------+----------------------------------------+
; Register name                         ; Reason for Removal                     ;
+---------------------------------------+----------------------------------------+
; DATAPATH:inst5|REG_8BIT:inst4|inst7   ; Stuck at GND due to stuck port data_in ;
; Total Number of Removed Registers = 1 ;                                        ;
+---------------------------------------+----------------------------------------+


+------------------------------------------------------+
; General Register Statistics                          ;
+----------------------------------------------+-------+
; Statistic                                    ; Value ;
+----------------------------------------------+-------+
; Total registers                              ; 43    ;
; Number of registers using Synchronous Clear  ; 0     ;
; Number of registers using Synchronous Load   ; 8     ;
; Number of registers using Asynchronous Clear ; 43    ;
; Number of registers using Asynchronous Load  ; 0     ;
; Number of registers using Clock Enable       ; 33    ;
; Number of registers using Preset             ; 0     ;
+----------------------------------------------+-------+


+--------------------------------------------------+
; Inverted Register Statistics                     ;
+----------------------------------------+---------+
; Inverted Register                      ; Fan out ;
+----------------------------------------+---------+
; CONTROL:inst|inst                      ; 21      ;
; CONTROL:inst|inst4                     ; 17      ;
; CONTROL:inst|inst3                     ; 18      ;
; CONTROL:inst|inst5                     ; 29      ;
; Total number of inverted registers = 4 ;         ;
+----------------------------------------+---------+


+------------------------------------------------------------------------------------------------------------------------------------------------------------------------------------------+
; Multiplexer Restructuring Statistics (Restructuring Performed)                                                                                                                           ;
+--------------------+-----------+---------------+----------------------+------------------------+------------+----------------------------------------------------------------------------+
; Multiplexer Inputs ; Bus Width ; Baseline Area ; Area if Restructured ; Saving if Restructured ; Registered ; Example Multiplexer Output                                                 ;
+--------------------+-----------+---------------+----------------------+------------------------+------------+----------------------------------------------------------------------------+
; 3:1                ; 8 bits    ; 16 LEs        ; 8 LEs                ; 8 LEs                  ; Yes        ; |SRA_DTP_PL|DATAPATH:inst5|REG_8BIT:inst|inst3                             ;
; 3:1                ; 8 bits    ; 16 LEs        ; 8 LEs                ; 8 LEs                  ; Yes        ; |SRA_DTP_PL|DATAPATH:inst5|REG_8BIT:inst1|inst3                            ;
; 5:1                ; 5 bits    ; 15 LEs        ; 10 LEs               ; 5 LEs                  ; Yes        ; |SRA_DTP_PL|DATAPATH:inst5|REG_8BIT:inst2|inst3                            ;
; 3:1                ; 3 bits    ; 6 LEs         ; 6 LEs                ; 0 LEs                  ; No         ; |SRA_DTP_PL|DATAPATH:inst5|ADD_SUB_MAX:inst13|MUX28:inst2|MUX2:inst13|inst ;
; 3:1                ; 8 bits    ; 16 LEs        ; 16 LEs               ; 0 LEs                  ; No         ; |SRA_DTP_PL|DATAPATH:inst5|ABS_MIN_MAX:inst6|MUX28:inst3|MUX2:inst13|inst  ;
+--------------------+-----------+---------------+----------------------+------------------------+------------+----------------------------------------------------------------------------+


+-------------------------------+
; Elapsed Time Per Partition    ;
+----------------+--------------+
; Partition Name ; Elapsed Time ;
+----------------+--------------+
; Top            ; 00:00:00     ;
+----------------+--------------+


+-------------------------------+
; Analysis & Synthesis Messages ;
+-------------------------------+
Info: *******************************************************************
Info: Running Quartus II 64-Bit Analysis & Synthesis
    Info: Version 13.0.1 Build 232 06/12/2013 Service Pack 1 SJ Web Edition
    Info: Processing started: Sat May 13 10:00:37 2023
Info: Command: quartus_map --read_settings_files=on --write_settings_files=off SRA_DTP_PL -c SRA_DTP_PL
Warning (20028): Parallel compilation is not licensed and has been disabled
Info (12021): Found 1 design units, including 1 entities, in source file mux2.bdf
    Info (12023): Found entity 1: MUX2
Info (12021): Found 1 design units, including 1 entities, in source file reg_8bit.bdf
    Info (12023): Found entity 1: REG_8BIT
Info (12021): Found 1 design units, including 1 entities, in source file shift_right_3.bdf
    Info (12023): Found entity 1: SHIFT_RIGHT_3
Info (12021): Found 1 design units, including 1 entities, in source file shift_right_1.bdf
    Info (12023): Found entity 1: SHIFT_RIGHT_1
Info (12021): Found 1 design units, including 1 entities, in source file mux28.bdf
    Info (12023): Found entity 1: MUX28
Info (12021): Found 1 design units, including 1 entities, in source file add.bdf
    Info (12023): Found entity 1: ADD
Info (12021): Found 1 design units, including 1 entities, in source file abs_min_max.bdf
    Info (12023): Found entity 1: ABS_MIN_MAX
Info (12021): Found 1 design units, including 1 entities, in source file add_sub_max.bdf
    Info (12023): Found entity 1: ADD_SUB_MAX
Info (12021): Found 1 design units, including 1 entities, in source file ttkt.bdf
    Info (12023): Found entity 1: TTKT
Info (12021): Found 1 design units, including 1 entities, in source file datapath.bdf
    Info (12023): Found entity 1: DATAPATH
Info (12021): Found 1 design units, including 1 entities, in source file decode_write.bdf
    Info (12023): Found entity 1: DECODE_WRITE
Info (12021): Found 1 design units, including 1 entities, in source file decode_au.bdf
    Info (12023): Found entity 1: DECODE_AU
Info (12021): Found 1 design units, including 1 entities, in source file decode_tri.bdf
    Info (12023): Found entity 1: DECODE_TRI
Info (12021): Found 1 design units, including 1 entities, in source file control.bdf
    Info (12023): Found entity 1: CONTROL
Info (12021): Found 1 design units, including 1 entities, in source file sra_dtp_pl.bdf
    Info (12023): Found entity 1: SRA_DTP_PL
Info (12021): Found 1 design units, including 1 entities, in source file test.bdf
    Info (12023): Found entity 1: TEST
Info (12127): Elaborating entity "SRA_DTP_PL" for the top level hierarchy
Info (12128): Elaborating entity "CONTROL" for hierarchy "CONTROL:inst"
Info (12128): Elaborating entity "DECODE_TRI" for hierarchy "CONTROL:inst|DECODE_TRI:inst7"
Info (12128): Elaborating entity "TTKT" for hierarchy "CONTROL:inst|TTKT:inst2"
Info (12128): Elaborating entity "DECODE_AU" for hierarchy "CONTROL:inst|DECODE_AU:inst6"
Info (12128): Elaborating entity "DECODE_WRITE" for hierarchy "CONTROL:inst|DECODE_WRITE:inst8"
Info (12128): Elaborating entity "DATAPATH" for hierarchy "DATAPATH:inst5"
Info (12128): Elaborating entity "REG_8BIT" for hierarchy "DATAPATH:inst5|REG_8BIT:inst2"
Info (12128): Elaborating entity "MUX28" for hierarchy "DATAPATH:inst5|REG_8BIT:inst2|MUX28:inst9"
Info (12128): Elaborating entity "MUX2" for hierarchy "DATAPATH:inst5|REG_8BIT:inst2|MUX28:inst9|MUX2:inst13"
Info (12128): Elaborating entity "ADD_SUB_MAX" for hierarchy "DATAPATH:inst5|ADD_SUB_MAX:inst13"
Info (12128): Elaborating entity "ADD" for hierarchy "DATAPATH:inst5|ADD_SUB_MAX:inst13|ADD:inst"
Warning (12125): Using design file fa.bdf, which is not specified as a design file for the current project, but contains definitions for 1 design units and 1 entities in project
    Info (12023): Found entity 1: FA
Info (12128): Elaborating entity "FA" for hierarchy "DATAPATH:inst5|ADD_SUB_MAX:inst13|ADD:inst|FA:inst7"
Info (12128): Elaborating entity "ABS_MIN_MAX" for hierarchy "DATAPATH:inst5|ABS_MIN_MAX:inst6"
Info (12128): Elaborating entity "SHIFT_RIGHT_1" for hierarchy "DATAPATH:inst5|SHIFT_RIGHT_1:inst10"
Info (12128): Elaborating entity "SHIFT_RIGHT_3" for hierarchy "DATAPATH:inst5|SHIFT_RIGHT_3:inst26"
Warning (13046): Tri-state node(s) do not directly drive top-level pin(s)
    Warning (13048): Converted tri-state node feeding "DATAPATH:inst5|REG_8BIT:inst2|MUX28:inst9|MUX2:inst13|inst2" into a selector
    Warning (13048): Converted tri-state node feeding "DATAPATH:inst5|REG_8BIT:inst2|MUX28:inst9|MUX2:inst12|inst2" into a selector
    Warning (13048): Converted tri-state node feeding "DATAPATH:inst5|REG_8BIT:inst2|MUX28:inst9|MUX2:inst11|inst2" into a selector
    Warning (13048): Converted tri-state node feeding "DATAPATH:inst5|REG_8BIT:inst2|MUX28:inst9|MUX2:inst10|inst2" into a selector
    Warning (13048): Converted tri-state node feeding "DATAPATH:inst5|REG_8BIT:inst2|MUX28:inst9|MUX2:inst9|inst2" into a selector
    Warning (13048): Converted tri-state node feeding "DATAPATH:inst5|REG_8BIT:inst2|MUX28:inst9|MUX2:inst8|inst2" into a selector
    Warning (13048): Converted tri-state node feeding "DATAPATH:inst5|REG_8BIT:inst2|MUX28:inst9|MUX2:inst6|inst2" into a selector
    Warning (13048): Converted tri-state node feeding "DATAPATH:inst5|REG_8BIT:inst2|MUX28:inst9|MUX2:inst7|inst2" into a selector
    Warning (13048): Converted tri-state node feeding "DATAPATH:inst5|ADD_SUB_MAX:inst13|inst3[7]" into a selector
    Warning (13048): Converted tri-state node feeding "DATAPATH:inst5|ADD_SUB_MAX:inst13|inst3[6]" into a selector
    Warning (13048): Converted tri-state node feeding "DATAPATH:inst5|ADD_SUB_MAX:inst13|inst3[5]" into a selector
    Warning (13048): Converted tri-state node feeding "DATAPATH:inst5|ADD_SUB_MAX:inst13|inst3[4]" into a selector
    Warning (13048): Converted tri-state node feeding "DATAPATH:inst5|ADD_SUB_MAX:inst13|inst3[3]" into a selector
    Warning (13048): Converted tri-state node feeding "DATAPATH:inst5|ADD_SUB_MAX:inst13|inst3[2]" into a selector
    Warning (13048): Converted tri-state node feeding "DATAPATH:inst5|ADD_SUB_MAX:inst13|inst3[1]" into a selector
    Warning (13048): Converted tri-state node feeding "DATAPATH:inst5|ADD_SUB_MAX:inst13|inst3[0]" into a selector
    Warning (13049): Converted tri-state buffer "DATAPATH:inst5|inst25[7]" feeding internal logic into a wire
    Warning (13049): Converted tri-state buffer "DATAPATH:inst5|inst25[6]" feeding internal logic into a wire
    Warning (13049): Converted tri-state buffer "DATAPATH:inst5|inst25[5]" feeding internal logic into a wire
    Warning (13049): Converted tri-state buffer "DATAPATH:inst5|inst25[4]" feeding internal logic into a wire
    Warning (13049): Converted tri-state buffer "DATAPATH:inst5|inst25[3]" feeding internal logic into a wire
    Warning (13049): Converted tri-state buffer "DATAPATH:inst5|inst25[2]" feeding internal logic into a wire
    Warning (13049): Converted tri-state buffer "DATAPATH:inst5|inst25[1]" feeding internal logic into a wire
    Warning (13049): Converted tri-state buffer "DATAPATH:inst5|inst25[0]" feeding internal logic into a wire
    Warning (13048): Converted tri-state node feeding "DATAPATH:inst5|REG_8BIT:inst|MUX28:inst9|MUX2:inst13|inst2" into a selector
    Warning (13048): Converted tri-state node feeding "DATAPATH:inst5|REG_8BIT:inst|MUX28:inst9|MUX2:inst12|inst2" into a selector
    Warning (13048): Converted tri-state node feeding "DATAPATH:inst5|REG_8BIT:inst|MUX28:inst9|MUX2:inst11|inst2" into a selector
    Warning (13048): Converted tri-state node feeding "DATAPATH:inst5|REG_8BIT:inst|MUX28:inst9|MUX2:inst10|inst2" into a selector
    Warning (13048): Converted tri-state node feeding "DATAPATH:inst5|REG_8BIT:inst|MUX28:inst9|MUX2:inst9|inst2" into a selector
    Warning (13048): Converted tri-state node feeding "DATAPATH:inst5|REG_8BIT:inst|MUX28:inst9|MUX2:inst8|inst2" into a selector
    Warning (13048): Converted tri-state node feeding "DATAPATH:inst5|REG_8BIT:inst|MUX28:inst9|MUX2:inst6|inst2" into a selector
    Warning (13048): Converted tri-state node feeding "DATAPATH:inst5|REG_8BIT:inst|MUX28:inst9|MUX2:inst7|inst2" into a selector
    Warning (13048): Converted tri-state node feeding "DATAPATH:inst5|ABS_MIN_MAX:inst6|MUX28:inst3|MUX2:inst13|inst1" into a selector
    Warning (13048): Converted tri-state node feeding "DATAPATH:inst5|ABS_MIN_MAX:inst6|MUX28:inst3|MUX2:inst12|inst1" into a selector
    Warning (13048): Converted tri-state node feeding "DATAPATH:inst5|ABS_MIN_MAX:inst6|MUX28:inst3|MUX2:inst11|inst1" into a selector
    Warning (13048): Converted tri-state node feeding "DATAPATH:inst5|ABS_MIN_MAX:inst6|MUX28:inst3|MUX2:inst10|inst1" into a selector
    Warning (13048): Converted tri-state node feeding "DATAPATH:inst5|ABS_MIN_MAX:inst6|MUX28:inst3|MUX2:inst9|inst1" into a selector
    Warning (13048): Converted tri-state node feeding "DATAPATH:inst5|ABS_MIN_MAX:inst6|MUX28:inst3|MUX2:inst8|inst1" into a selector
    Warning (13048): Converted tri-state node feeding "DATAPATH:inst5|ABS_MIN_MAX:inst6|MUX28:inst3|MUX2:inst6|inst1" into a selector
    Warning (13048): Converted tri-state node feeding "DATAPATH:inst5|ABS_MIN_MAX:inst6|MUX28:inst3|MUX2:inst7|inst1" into a selector
    Warning (13048): Converted tri-state node feeding "DATAPATH:inst5|REG_8BIT:inst1|MUX28:inst9|MUX2:inst13|inst2" into a selector
    Warning (13048): Converted tri-state node feeding "DATAPATH:inst5|REG_8BIT:inst1|MUX28:inst9|MUX2:inst12|inst2" into a selector
    Warning (13048): Converted tri-state node feeding "DATAPATH:inst5|REG_8BIT:inst1|MUX28:inst9|MUX2:inst11|inst2" into a selector
    Warning (13048): Converted tri-state node feeding "DATAPATH:inst5|REG_8BIT:inst1|MUX28:inst9|MUX2:inst10|inst2" into a selector
    Warning (13048): Converted tri-state node feeding "DATAPATH:inst5|REG_8BIT:inst1|MUX28:inst9|MUX2:inst9|inst2" into a selector
    Warning (13048): Converted tri-state node feeding "DATAPATH:inst5|REG_8BIT:inst1|MUX28:inst9|MUX2:inst8|inst2" into a selector
    Warning (13048): Converted tri-state node feeding "DATAPATH:inst5|REG_8BIT:inst1|MUX28:inst9|MUX2:inst6|inst2" into a selector
    Warning (13048): Converted tri-state node feeding "DATAPATH:inst5|REG_8BIT:inst1|MUX28:inst9|MUX2:inst7|inst2" into a selector
Info (13000): Registers with preset signals will power-up high
Info (13003): DEV_CLRn pin will set, and not reset, register with preset signal due to NOT Gate Push-Back
Info (16010): Generating hard_block partition "hard_block:auto_generated_inst"
    Info (16011): Adding 0 node(s), including 0 DDIO, 0 PLL, 0 transceiver and 0 LCELL
Info (21057): Implemented 159 device resources after synthesis - the final resource count might be different
    Info (21058): Implemented 18 input pins
    Info (21059): Implemented 10 output pins
    Info (21061): Implemented 131 logic cells
Info: Quartus II 64-Bit Analysis & Synthesis was successful. 0 errors, 51 warnings
    Info: Peak virtual memory: 4597 megabytes
    Info: Processing ended: Sat May 13 10:00:39 2023
    Info: Elapsed time: 00:00:02
    Info: Total CPU time (on all processors): 00:00:01


